2022-09-15 20:03:38.407 febs [main] INFO  cc.mrbird.febs.StoreApplication - Starting StoreApplication on WIN-ETS2DEK9JHC with PID 3316 (started by Administrator in E:\Project\超商成本核算管理系统\store_cost\backend)
2022-09-15 20:03:38.410 febs [main] INFO  cc.mrbird.febs.StoreApplication - No active profile set, falling back to default profiles: default
2022-09-15 20:03:40.160 febs [main] INFO  o.s.d.r.c.RepositoryConfigurationDelegate - Multiple Spring Data modules found, entering strict repository configuration mode!
2022-09-15 20:03:40.163 febs [main] INFO  o.s.d.r.c.RepositoryConfigurationDelegate - Bootstrapping Spring Data repositories in DEFAULT mode.
2022-09-15 20:03:40.224 febs [main] INFO  o.s.d.r.c.RepositoryConfigurationDelegate - Finished Spring Data repository scanning in 42ms. Found 0 repository interfaces.
2022-09-15 20:03:40.618 febs [main] INFO  o.s.c.s.PostProcessorRegistrationDelegate$BeanPostProcessorChecker - Bean 'asyncExecutorPoolConfig' of type [cc.mrbird.febs.common.config.AsyncExecutorPoolConfig$$EnhancerBySpringCGLIB$$a5f1efa3] is not eligible for getting processed by all BeanPostProcessors (for example: not eligible for auto-proxying)
2022-09-15 20:03:40.756 febs [main] INFO  o.s.c.s.PostProcessorRegistrationDelegate$BeanPostProcessorChecker - Bean 'spring.datasource.dynamic-com.baomidou.dynamic.datasource.spring.boot.autoconfigure.DynamicDataSourceProperties' of type [com.baomidou.dynamic.datasource.spring.boot.autoconfigure.DynamicDataSourceProperties] is not eligible for getting processed by all BeanPostProcessors (for example: not eligible for auto-proxying)
2022-09-15 20:03:40.866 febs [main] INFO  o.s.c.s.PostProcessorRegistrationDelegate$BeanPostProcessorChecker - Bean 'com.baomidou.dynamic.datasource.spring.boot.autoconfigure.DynamicDataSourceAutoConfiguration' of type [com.baomidou.dynamic.datasource.spring.boot.autoconfigure.DynamicDataSourceAutoConfiguration$$EnhancerBySpringCGLIB$$80413b47] is not eligible for getting processed by all BeanPostProcessors (for example: not eligible for auto-proxying)
2022-09-15 20:03:40.873 febs [main] INFO  o.s.c.s.PostProcessorRegistrationDelegate$BeanPostProcessorChecker - Bean 'dsProcessor' of type [com.baomidou.dynamic.datasource.processor.DsHeaderProcessor] is not eligible for getting processed by all BeanPostProcessors (for example: not eligible for auto-proxying)
2022-09-15 20:03:40.877 febs [main] INFO  o.s.c.s.PostProcessorRegistrationDelegate$BeanPostProcessorChecker - Bean 'dynamicDatasourceAnnotationAdvisor' of type [com.baomidou.dynamic.datasource.aop.DynamicDataSourceAnnotationAdvisor] is not eligible for getting processed by all BeanPostProcessors (for example: not eligible for auto-proxying)
2022-09-15 20:03:40.886 febs [main] INFO  o.s.c.s.PostProcessorRegistrationDelegate$BeanPostProcessorChecker - Bean 'org.springframework.transaction.annotation.ProxyTransactionManagementConfiguration' of type [org.springframework.transaction.annotation.ProxyTransactionManagementConfiguration$$EnhancerBySpringCGLIB$$16b2ca76] is not eligible for getting processed by all BeanPostProcessors (for example: not eligible for auto-proxying)
2022-09-15 20:03:40.940 febs [main] INFO  o.s.c.s.PostProcessorRegistrationDelegate$BeanPostProcessorChecker - Bean 'shiroConfig' of type [cc.mrbird.febs.common.authentication.ShiroConfig$$EnhancerBySpringCGLIB$$8232cc1f] is not eligible for getting processed by all BeanPostProcessors (for example: not eligible for auto-proxying)
2022-09-15 20:03:41.370 febs [main] INFO  o.s.c.s.PostProcessorRegistrationDelegate$BeanPostProcessorChecker - Bean 'redisConfig' of type [cc.mrbird.febs.common.config.RedisConfig$$EnhancerBySpringCGLIB$$7af78373] is not eligible for getting processed by all BeanPostProcessors (for example: not eligible for auto-proxying)
2022-09-15 20:03:41.392 febs [main] INFO  o.s.c.s.PostProcessorRegistrationDelegate$BeanPostProcessorChecker - Bean 'redisPoolFactory' of type [redis.clients.jedis.JedisPool] is not eligible for getting processed by all BeanPostProcessors (for example: not eligible for auto-proxying)
2022-09-15 20:03:41.396 febs [main] INFO  o.s.c.s.PostProcessorRegistrationDelegate$BeanPostProcessorChecker - Bean 'redisService' of type [cc.mrbird.febs.common.service.impl.RedisServiceImpl] is not eligible for getting processed by all BeanPostProcessors (for example: not eligible for auto-proxying)
2022-09-15 20:03:41.493 febs [main] INFO  o.s.c.s.PostProcessorRegistrationDelegate$BeanPostProcessorChecker - Bean 'mybatis-plus-com.baomidou.mybatisplus.autoconfigure.MybatisPlusProperties' of type [com.baomidou.mybatisplus.autoconfigure.MybatisPlusProperties] is not eligible for getting processed by all BeanPostProcessors (for example: not eligible for auto-proxying)
2022-09-15 20:03:41.500 febs [main] INFO  o.s.c.s.PostProcessorRegistrationDelegate$BeanPostProcessorChecker - Bean 'mybatisPlusConfig' of type [cc.mrbird.febs.common.config.MybatisPlusConfig$$EnhancerBySpringCGLIB$$683a2685] is not eligible for getting processed by all BeanPostProcessors (for example: not eligible for auto-proxying)
2022-09-15 20:03:41.504 febs [main] INFO  o.s.c.s.PostProcessorRegistrationDelegate$BeanPostProcessorChecker - Bean 'paginationInterceptor' of type [com.baomidou.mybatisplus.extension.plugins.PaginationInterceptor] is not eligible for getting processed by all BeanPostProcessors (for example: not eligible for auto-proxying)
2022-09-15 20:03:41.510 febs [main] INFO  o.s.c.s.PostProcessorRegistrationDelegate$BeanPostProcessorChecker - Bean 'com.baomidou.mybatisplus.autoconfigure.MybatisPlusAutoConfiguration' of type [com.baomidou.mybatisplus.autoconfigure.MybatisPlusAutoConfiguration$$EnhancerBySpringCGLIB$$547b3710] is not eligible for getting processed by all BeanPostProcessors (for example: not eligible for auto-proxying)
2022-09-15 20:03:41.520 febs [main] INFO  o.s.c.s.PostProcessorRegistrationDelegate$BeanPostProcessorChecker - Bean 'dynamicDataSourceCreator' of type [com.baomidou.dynamic.datasource.DynamicDataSourceCreator] is not eligible for getting processed by all BeanPostProcessors (for example: not eligible for auto-proxying)
2022-09-15 20:03:41.522 febs [main] INFO  o.s.c.s.PostProcessorRegistrationDelegate$BeanPostProcessorChecker - Bean 'dynamicDataSourceProvider' of type [com.baomidou.dynamic.datasource.provider.YmlDynamicDataSourceProvider] is not eligible for getting processed by all BeanPostProcessors (for example: not eligible for auto-proxying)
2022-09-15 20:03:41.525 febs [main] INFO  c.b.d.d.DynamicRoutingDataSource - 动态数据源-检测到并开启了p6spy
2022-09-15 20:03:41.536 febs [main] INFO  com.zaxxer.hikari.HikariDataSource - primary - Starting...
2022-09-15 20:03:41.815 febs [main] INFO  com.zaxxer.hikari.HikariDataSource - primary - Start completed.
2022-09-15 20:03:41.815 febs [main] INFO  c.b.d.d.DynamicRoutingDataSource - 初始共加载 1 个数据源
2022-09-15 20:03:41.816 febs [main] INFO  c.b.d.d.DynamicRoutingDataSource - 动态数据源-加载 primary 成功
2022-09-15 20:03:41.816 febs [main] INFO  c.b.d.d.DynamicRoutingDataSource - 当前的默认数据源是单数据源，数据源名为 primary
2022-09-15 20:03:41.816 febs [main] INFO  o.s.c.s.PostProcessorRegistrationDelegate$BeanPostProcessorChecker - Bean 'dataSource' of type [com.baomidou.dynamic.datasource.DynamicRoutingDataSource] is not eligible for getting processed by all BeanPostProcessors (for example: not eligible for auto-proxying)
2022-09-15 20:03:41.826 febs [main] INFO  o.s.c.s.PostProcessorRegistrationDelegate$BeanPostProcessorChecker - Bean 'spring.datasource-org.springframework.boot.autoconfigure.jdbc.DataSourceProperties' of type [org.springframework.boot.autoconfigure.jdbc.DataSourceProperties] is not eligible for getting processed by all BeanPostProcessors (for example: not eligible for auto-proxying)
2022-09-15 20:03:41.834 febs [main] INFO  o.s.c.s.PostProcessorRegistrationDelegate$BeanPostProcessorChecker - Bean 'org.springframework.boot.autoconfigure.jdbc.DataSourceInitializerInvoker' of type [org.springframework.boot.autoconfigure.jdbc.DataSourceInitializerInvoker] is not eligible for getting processed by all BeanPostProcessors (for example: not eligible for auto-proxying)
2022-09-15 20:03:42.677 febs [main] INFO  o.s.c.s.PostProcessorRegistrationDelegate$BeanPostProcessorChecker - Bean 'sqlSessionFactory' of type [org.apache.ibatis.session.defaults.DefaultSqlSessionFactory] is not eligible for getting processed by all BeanPostProcessors (for example: not eligible for auto-proxying)
2022-09-15 20:03:42.683 febs [main] INFO  o.s.c.s.PostProcessorRegistrationDelegate$BeanPostProcessorChecker - Bean 'sqlSessionTemplate' of type [org.mybatis.spring.SqlSessionTemplate] is not eligible for getting processed by all BeanPostProcessors (for example: not eligible for auto-proxying)
2022-09-15 20:03:42.686 febs [main] INFO  o.s.c.s.PostProcessorRegistrationDelegate$BeanPostProcessorChecker - Bean 'roleMapper' of type [org.mybatis.spring.mapper.MapperFactoryBean] is not eligible for getting processed by all BeanPostProcessors (for example: not eligible for auto-proxying)
2022-09-15 20:03:42.689 febs [main] INFO  o.s.c.s.PostProcessorRegistrationDelegate$BeanPostProcessorChecker - Bean 'roleMapper' of type [com.sun.proxy.$Proxy108] is not eligible for getting processed by all BeanPostProcessors (for example: not eligible for auto-proxying)
2022-09-15 20:03:42.710 febs [main] INFO  o.s.c.s.PostProcessorRegistrationDelegate$BeanPostProcessorChecker - Bean 'roleMenuMapper' of type [org.mybatis.spring.mapper.MapperFactoryBean] is not eligible for getting processed by all BeanPostProcessors (for example: not eligible for auto-proxying)
2022-09-15 20:03:42.712 febs [main] INFO  o.s.c.s.PostProcessorRegistrationDelegate$BeanPostProcessorChecker - Bean 'roleMenuMapper' of type [com.sun.proxy.$Proxy110] is not eligible for getting processed by all BeanPostProcessors (for example: not eligible for auto-proxying)
2022-09-15 20:03:42.718 febs [main] INFO  o.s.c.s.PostProcessorRegistrationDelegate$BeanPostProcessorChecker - Bean 'userRoleMapper' of type [org.mybatis.spring.mapper.MapperFactoryBean] is not eligible for getting processed by all BeanPostProcessors (for example: not eligible for auto-proxying)
2022-09-15 20:03:42.719 febs [main] INFO  o.s.c.s.PostProcessorRegistrationDelegate$BeanPostProcessorChecker - Bean 'userRoleMapper' of type [com.sun.proxy.$Proxy111] is not eligible for getting processed by all BeanPostProcessors (for example: not eligible for auto-proxying)
2022-09-15 20:03:42.721 febs [main] INFO  o.s.c.s.PostProcessorRegistrationDelegate$BeanPostProcessorChecker - Bean 'userRoleService' of type [cc.mrbird.febs.system.service.impl.UserRoleServiceImpl] is not eligible for getting processed by all BeanPostProcessors (for example: not eligible for auto-proxying)
2022-09-15 20:03:42.786 febs [main] INFO  o.s.c.s.PostProcessorRegistrationDelegate$BeanPostProcessorChecker - Bean 'roleMenuService' of type [cc.mrbird.febs.system.service.impl.RoleMenuServiceImpl] is not eligible for getting processed by all BeanPostProcessors (for example: not eligible for auto-proxying)
2022-09-15 20:03:42.806 febs [main] INFO  o.s.c.s.PostProcessorRegistrationDelegate$BeanPostProcessorChecker - Bean 'roleService' of type [cc.mrbird.febs.system.service.impl.RoleServiceImpl] is not eligible for getting processed by all BeanPostProcessors (for example: not eligible for auto-proxying)
2022-09-15 20:03:42.831 febs [main] INFO  o.s.c.s.PostProcessorRegistrationDelegate$BeanPostProcessorChecker - Bean 'menuMapper' of type [org.mybatis.spring.mapper.MapperFactoryBean] is not eligible for getting processed by all BeanPostProcessors (for example: not eligible for auto-proxying)
2022-09-15 20:03:42.832 febs [main] INFO  o.s.c.s.PostProcessorRegistrationDelegate$BeanPostProcessorChecker - Bean 'menuMapper' of type [com.sun.proxy.$Proxy115] is not eligible for getting processed by all BeanPostProcessors (for example: not eligible for auto-proxying)
2022-09-15 20:03:42.834 febs [main] INFO  o.s.c.s.PostProcessorRegistrationDelegate$BeanPostProcessorChecker - Bean 'menuService' of type [cc.mrbird.febs.system.service.impl.MenuServiceImpl] is not eligible for getting processed by all BeanPostProcessors (for example: not eligible for auto-proxying)
2022-09-15 20:03:42.858 febs [main] INFO  o.s.c.s.PostProcessorRegistrationDelegate$BeanPostProcessorChecker - Bean 'userMapper' of type [org.mybatis.spring.mapper.MapperFactoryBean] is not eligible for getting processed by all BeanPostProcessors (for example: not eligible for auto-proxying)
2022-09-15 20:03:42.860 febs [main] INFO  o.s.c.s.PostProcessorRegistrationDelegate$BeanPostProcessorChecker - Bean 'userMapper' of type [com.sun.proxy.$Proxy117] is not eligible for getting processed by all BeanPostProcessors (for example: not eligible for auto-proxying)
2022-09-15 20:03:42.886 febs [main] INFO  o.s.c.s.PostProcessorRegistrationDelegate$BeanPostProcessorChecker - Bean 'userConfigMapper' of type [org.mybatis.spring.mapper.MapperFactoryBean] is not eligible for getting processed by all BeanPostProcessors (for example: not eligible for auto-proxying)
2022-09-15 20:03:42.887 febs [main] INFO  o.s.c.s.PostProcessorRegistrationDelegate$BeanPostProcessorChecker - Bean 'userConfigMapper' of type [com.sun.proxy.$Proxy118] is not eligible for getting processed by all BeanPostProcessors (for example: not eligible for auto-proxying)
2022-09-15 20:03:42.891 febs [main] INFO  o.s.c.s.PostProcessorRegistrationDelegate$BeanPostProcessorChecker - Bean 'userConfigService' of type [cc.mrbird.febs.system.service.impl.UserConfigServiceImpl] is not eligible for getting processed by all BeanPostProcessors (for example: not eligible for auto-proxying)
2022-09-15 20:03:42.907 febs [main] INFO  o.s.c.s.PostProcessorRegistrationDelegate$BeanPostProcessorChecker - Bean 'userService' of type [cc.mrbird.febs.system.service.impl.UserServiceImpl] is not eligible for getting processed by all BeanPostProcessors (for example: not eligible for auto-proxying)
2022-09-15 20:03:42.925 febs [main] INFO  o.s.c.s.PostProcessorRegistrationDelegate$BeanPostProcessorChecker - Bean 'org.springframework.boot.autoconfigure.jackson.JacksonAutoConfiguration$JacksonObjectMapperConfiguration' of type [org.springframework.boot.autoconfigure.jackson.JacksonAutoConfiguration$JacksonObjectMapperConfiguration$$EnhancerBySpringCGLIB$$72464a07] is not eligible for getting processed by all BeanPostProcessors (for example: not eligible for auto-proxying)
2022-09-15 20:03:42.929 febs [main] INFO  o.s.c.s.PostProcessorRegistrationDelegate$BeanPostProcessorChecker - Bean 'org.springframework.boot.autoconfigure.jackson.JacksonAutoConfiguration$JacksonObjectMapperBuilderConfiguration' of type [org.springframework.boot.autoconfigure.jackson.JacksonAutoConfiguration$JacksonObjectMapperBuilderConfiguration$$EnhancerBySpringCGLIB$$24930c20] is not eligible for getting processed by all BeanPostProcessors (for example: not eligible for auto-proxying)
2022-09-15 20:03:42.932 febs [main] INFO  o.s.c.s.PostProcessorRegistrationDelegate$BeanPostProcessorChecker - Bean 'org.springframework.boot.autoconfigure.jackson.JacksonAutoConfiguration$Jackson2ObjectMapperBuilderCustomizerConfiguration' of type [org.springframework.boot.autoconfigure.jackson.JacksonAutoConfiguration$Jackson2ObjectMapperBuilderCustomizerConfiguration$$EnhancerBySpringCGLIB$$dfa9f20f] is not eligible for getting processed by all BeanPostProcessors (for example: not eligible for auto-proxying)
2022-09-15 20:03:42.938 febs [main] INFO  o.s.c.s.PostProcessorRegistrationDelegate$BeanPostProcessorChecker - Bean 'spring.jackson-org.springframework.boot.autoconfigure.jackson.JacksonProperties' of type [org.springframework.boot.autoconfigure.jackson.JacksonProperties] is not eligible for getting processed by all BeanPostProcessors (for example: not eligible for auto-proxying)
2022-09-15 20:03:42.941 febs [main] INFO  o.s.c.s.PostProcessorRegistrationDelegate$BeanPostProcessorChecker - Bean 'standardJacksonObjectMapperBuilderCustomizer' of type [org.springframework.boot.autoconfigure.jackson.JacksonAutoConfiguration$Jackson2ObjectMapperBuilderCustomizerConfiguration$StandardJackson2ObjectMapperBuilderCustomizer] is not eligible for getting processed by all BeanPostProcessors (for example: not eligible for auto-proxying)
2022-09-15 20:03:42.946 febs [main] INFO  o.s.c.s.PostProcessorRegistrationDelegate$BeanPostProcessorChecker - Bean 'org.springframework.boot.autoconfigure.jackson.JacksonAutoConfiguration$ParameterNamesModuleConfiguration' of type [org.springframework.boot.autoconfigure.jackson.JacksonAutoConfiguration$ParameterNamesModuleConfiguration$$EnhancerBySpringCGLIB$$675693d] is not eligible for getting processed by all BeanPostProcessors (for example: not eligible for auto-proxying)
2022-09-15 20:03:42.952 febs [main] INFO  o.s.c.s.PostProcessorRegistrationDelegate$BeanPostProcessorChecker - Bean 'parameterNamesModule' of type [com.fasterxml.jackson.module.paramnames.ParameterNamesModule] is not eligible for getting processed by all BeanPostProcessors (for example: not eligible for auto-proxying)
2022-09-15 20:03:42.954 febs [main] INFO  o.s.c.s.PostProcessorRegistrationDelegate$BeanPostProcessorChecker - Bean 'org.springframework.boot.autoconfigure.jackson.JacksonAutoConfiguration' of type [org.springframework.boot.autoconfigure.jackson.JacksonAutoConfiguration$$EnhancerBySpringCGLIB$$5451e796] is not eligible for getting processed by all BeanPostProcessors (for example: not eligible for auto-proxying)
2022-09-15 20:03:42.964 febs [main] INFO  o.s.c.s.PostProcessorRegistrationDelegate$BeanPostProcessorChecker - Bean 'jsonComponentModule' of type [org.springframework.boot.jackson.JsonComponentModule] is not eligible for getting processed by all BeanPostProcessors (for example: not eligible for auto-proxying)
2022-09-15 20:03:42.965 febs [main] INFO  o.s.c.s.PostProcessorRegistrationDelegate$BeanPostProcessorChecker - Bean 'org.springframework.data.web.config.SpringDataJacksonConfiguration' of type [org.springframework.data.web.config.SpringDataJacksonConfiguration] is not eligible for getting processed by all BeanPostProcessors (for example: not eligible for auto-proxying)
2022-09-15 20:03:42.970 febs [main] INFO  o.s.c.s.PostProcessorRegistrationDelegate$BeanPostProcessorChecker - Bean 'jacksonGeoModule' of type [org.springframework.data.geo.GeoModule] is not eligible for getting processed by all BeanPostProcessors (for example: not eligible for auto-proxying)
2022-09-15 20:03:42.972 febs [main] INFO  o.s.c.s.PostProcessorRegistrationDelegate$BeanPostProcessorChecker - Bean 'jacksonObjectMapperBuilder' of type [org.springframework.http.converter.json.Jackson2ObjectMapperBuilder] is not eligible for getting processed by all BeanPostProcessors (for example: not eligible for auto-proxying)
2022-09-15 20:03:42.992 febs [main] INFO  o.s.c.s.PostProcessorRegistrationDelegate$BeanPostProcessorChecker - Bean 'jacksonObjectMapper' of type [com.fasterxml.jackson.databind.ObjectMapper] is not eligible for getting processed by all BeanPostProcessors (for example: not eligible for auto-proxying)
2022-09-15 20:03:43.016 febs [main] INFO  o.s.c.s.PostProcessorRegistrationDelegate$BeanPostProcessorChecker - Bean 'cacheService' of type [cc.mrbird.febs.common.service.impl.CacheServiceImpl] is not eligible for getting processed by all BeanPostProcessors (for example: not eligible for auto-proxying)
2022-09-15 20:03:43.020 febs [main] INFO  o.s.c.s.PostProcessorRegistrationDelegate$BeanPostProcessorChecker - Bean 'userManager' of type [cc.mrbird.febs.system.manager.UserManager] is not eligible for getting processed by all BeanPostProcessors (for example: not eligible for auto-proxying)
2022-09-15 20:03:43.021 febs [main] INFO  o.s.c.s.PostProcessorRegistrationDelegate$BeanPostProcessorChecker - Bean 'shiroRealm' of type [cc.mrbird.febs.common.authentication.ShiroRealm] is not eligible for getting processed by all BeanPostProcessors (for example: not eligible for auto-proxying)
2022-09-15 20:03:43.029 febs [main] INFO  o.s.c.s.PostProcessorRegistrationDelegate$BeanPostProcessorChecker - Bean 'securityManager' of type [org.apache.shiro.web.mgt.DefaultWebSecurityManager] is not eligible for getting processed by all BeanPostProcessors (for example: not eligible for auto-proxying)
2022-09-15 20:03:43.043 febs [main] INFO  o.s.c.s.PostProcessorRegistrationDelegate$BeanPostProcessorChecker - Bean 'authorizationAttributeSourceAdvisor' of type [org.apache.shiro.spring.security.interceptor.AuthorizationAttributeSourceAdvisor] is not eligible for getting processed by all BeanPostProcessors (for example: not eligible for auto-proxying)
2022-09-15 20:03:43.528 febs [main] INFO  o.s.b.w.e.tomcat.TomcatWebServer - Tomcat initialized with port(s): 9527 (http)
2022-09-15 20:03:43.556 febs [main] INFO  o.a.coyote.http11.Http11NioProtocol - Initializing ProtocolHandler ["http-nio-9527"]
2022-09-15 20:03:43.569 febs [main] INFO  o.a.catalina.core.StandardService - Starting service [Tomcat]
2022-09-15 20:03:43.569 febs [main] INFO  o.a.catalina.core.StandardEngine - Starting Servlet Engine: Apache Tomcat/9.0.12
2022-09-15 20:03:43.581 febs [main] INFO  o.a.c.core.AprLifecycleListener - The APR based Apache Tomcat Native library which allows optimal performance in production environments was not found on the java.library.path: [C:\Program Files\Java\jdk1.8.0_201\bin;C:\WINDOWS\Sun\Java\bin;C:\WINDOWS\system32;C:\WINDOWS;C:\Program Files (x86)\Common Files\Oracle\Java\javapath;C:\Windows\system32;C:\Windows;C:\Windows\System32\Wbem;C:\Windows\System32\WindowsPowerShell\v1.0\;C:\Windows\System32\OpenSSH\;C:\Program Files (x86)\dotnet\;D:\办公软件\Yarn\bin\;D:\办公软件\Xshell\;D:\办公软件\Xftp\;C:\WINDOWS\system32;C:\WINDOWS;C:\WINDOWS\System32\Wbem;C:\WINDOWS\System32\WindowsPowerShell\v1.0\;C:\WINDOWS\System32\OpenSSH\;C:\Program Files\Microsoft SQL Server\Client SDK\ODBC\170\Tools\Binn\;C:\Program Files (x86)\Microsoft SQL Server\150\Tools\Binn\;C:\Program Files\Microsoft SQL Server\150\Tools\Binn\;C:\Program Files\Microsoft SQL Server\150\DTS\Binn\;C:\Program Files (x86)\Microsoft SQL Server\150\DTS\Binn\;C:\Program Files\Azure Data Studio\bin;C:\Program Files\nodejs\;C:\Program Files (x86)\NVIDIA Corporation\PhysX\Common;C:\Program Files\NVIDIA Corporation\NVIDIA NvDLISR;D:\办公软件\Git\cmd;C:\Users\Administrator\AppData\Local\Microsoft\WindowsApps;C:\Users\Administrator\AppData\Local\Yarn\bin;D:\办公软件\Bandzip\;C:\Program Files\Azure Data Studio\bin;D:\Microsoft VS Code\bin;C:\Users\Administrator\AppData\Roaming\npm;.]
2022-09-15 20:03:44.193 febs [main] INFO  o.a.c.c.C.[Tomcat].[localhost].[/] - Initializing Spring embedded WebApplicationContext
2022-09-15 20:03:44.193 febs [main] INFO  o.s.web.context.ContextLoader - Root WebApplicationContext: initialization completed in 5732 ms
2022-09-15 20:03:44.799 febs [main] INFO  o.s.b.w.s.FilterRegistrationBean - Mapping filter: 'characterEncodingFilter' to: [/*]
2022-09-15 20:03:44.800 febs [main] INFO  o.s.b.w.s.FilterRegistrationBean - Mapping filter: 'webMvcMetricsFilter' to: [/*]
2022-09-15 20:03:44.800 febs [main] INFO  o.s.b.w.s.FilterRegistrationBean - Mapping filter: 'hiddenHttpMethodFilter' to: [/*]
2022-09-15 20:03:44.800 febs [main] INFO  o.s.b.w.s.FilterRegistrationBean - Mapping filter: 'formContentFilter' to: [/*]
2022-09-15 20:03:44.800 febs [main] INFO  o.s.b.w.s.FilterRegistrationBean - Mapping filter: 'requestContextFilter' to: [/*]
2022-09-15 20:03:44.800 febs [main] INFO  o.s.b.w.s.FilterRegistrationBean - Mapping filter: 'httpTraceFilter' to: [/*]
2022-09-15 20:03:44.800 febs [main] INFO  o.s.b.w.s.FilterRegistrationBean - Mapping filter: 'shiroFilterFactoryBean' to: [/*]
2022-09-15 20:03:44.800 febs [main] INFO  o.s.b.w.s.ServletRegistrationBean - Servlet dispatcherServlet mapped to [/]
2022-09-15 20:03:45.332 febs [main] INFO  org.quartz.impl.StdSchedulerFactory - Using default implementation for ThreadExecutor
2022-09-15 20:03:45.344 febs [main] INFO  o.quartz.core.SchedulerSignalerImpl - Initialized Scheduler Signaller of type: class org.quartz.core.SchedulerSignalerImpl
2022-09-15 20:03:45.344 febs [main] INFO  org.quartz.core.QuartzScheduler - Quartz Scheduler v.2.3.0 created.
2022-09-15 20:03:45.347 febs [main] INFO  o.s.s.quartz.LocalDataSourceJobStore - Using db table-based data access locking (synchronization).
2022-09-15 20:03:45.349 febs [main] INFO  o.s.s.quartz.LocalDataSourceJobStore - JobStoreCMT initialized.
2022-09-15 20:03:45.350 febs [main] INFO  org.quartz.core.QuartzScheduler - Scheduler meta-data: Quartz Scheduler (v2.3.0) 'MyScheduler' with instanceId 'WIN-ETS2DEK9JHC1663243425334'
  Scheduler class: 'org.quartz.core.QuartzScheduler' - running locally.
  NOT STARTED.
  Currently in standby mode.
  Number of jobs executed: 0
  Using thread pool 'org.quartz.simpl.SimpleThreadPool' - with 20 threads.
  Using job-store 'org.springframework.scheduling.quartz.LocalDataSourceJobStore' - which supports persistence. and is clustered.

2022-09-15 20:03:45.350 febs [main] INFO  org.quartz.impl.StdSchedulerFactory - Quartz scheduler 'MyScheduler' initialized from an externally provided properties instance.
2022-09-15 20:03:45.350 febs [main] INFO  org.quartz.impl.StdSchedulerFactory - Quartz scheduler version: 2.3.0
2022-09-15 20:03:45.351 febs [main] INFO  org.quartz.core.QuartzScheduler - JobFactory set to: org.springframework.scheduling.quartz.AdaptableJobFactory@5fafa76d
2022-09-15 20:03:45.420 febs [main] INFO  p6spy - 2022-09-15 20:03:45 | 耗时 21 ms | SQL 语句：
select job_id jobId, bean_name beanName, method_name methodName, params, cron_expression cronExpression, status, remark, create_time createTime from t_job order by job_id;
2022-09-15 20:03:46.134 febs [main] INFO  o.s.s.c.ThreadPoolTaskExecutor - Initializing ExecutorService 'taskExecutor'
2022-09-15 20:03:47.569 febs [main] INFO  o.s.s.c.ThreadPoolTaskScheduler - Initializing ExecutorService 'taskScheduler'
2022-09-15 20:03:47.626 febs [main] INFO  o.s.b.a.e.web.EndpointLinksResolver - Exposing 2 endpoint(s) beneath base path '/actuator'
2022-09-15 20:03:47.703 febs [main] INFO  o.s.s.quartz.SchedulerFactoryBean - Will start Quartz Scheduler [MyScheduler] in 1 seconds
2022-09-15 20:03:47.720 febs [main] INFO  o.a.coyote.http11.Http11NioProtocol - Starting ProtocolHandler ["http-nio-9527"]
2022-09-15 20:03:47.728 febs [scheduling-1] INFO  cc.mrbird.febs.common.task.CacheTask - delete expired user
2022-09-15 20:03:47.736 febs [main] INFO  o.a.tomcat.util.net.NioSelectorPool - Using a shared selector for servlet write/read
2022-09-15 20:03:47.752 febs [main] INFO  o.s.b.w.e.tomcat.TomcatWebServer - Tomcat started on port(s): 9527 (http) with context path ''
2022-09-15 20:03:47.755 febs [main] INFO  cc.mrbird.febs.StoreApplication - Started StoreApplication in 10.049 seconds (JVM running for 14.897)
2022-09-15 20:03:47.763 febs [main] INFO  c.m.f.common.runner.CacheInitRunner - Redis连接中 ······
2022-09-15 20:03:47.764 febs [main] INFO  c.m.f.common.runner.CacheInitRunner - 缓存初始化 ······
2022-09-15 20:03:47.764 febs [main] INFO  c.m.f.common.runner.CacheInitRunner - 缓存用户数据 ······
2022-09-15 20:03:47.802 febs [main] INFO  p6spy - 2022-09-15 20:03:47 | 耗时 8 ms | SQL 语句：
SELECT USER_ID,username,password,dept_id,email,mobile,status,create_time,modify_time,last_login_time,ssex,description,avatar FROM t_user;
2022-09-15 20:03:47.828 febs [main] INFO  p6spy - 2022-09-15 20:03:47 | 耗时 22 ms | SQL 语句：
SELECT u.user_id userId, u.username, u.password, u.email, u.mobile, u. STATUS, u.create_time createTime, u.ssex, d.dept_id deptId, d.dept_name deptName, u.AVATAR, u.DESCRIPTION, u.LAST_LOGIN_TIME lastLoginTime, GROUP_CONCAT(r.role_id) roleId, GROUP_CONCAT(r.ROLE_NAME) roleName FROM t_user u LEFT JOIN t_dept d ON (u.dept_id = d.dept_id) LEFT JOIN t_user_role ur ON (u.user_id = ur.user_id) LEFT JOIN t_role r ON r.role_id = ur.role_id WHERE u.username = 'mrbird' group by u.username, u.user_id, u.password, u.email, u.mobile, u.STATUS, u.create_time, u.ssex, d.dept_id, d.dept_name, u.AVATAR, u.DESCRIPTION, u.LAST_LOGIN_TIME;
2022-09-15 20:03:47.896 febs [main] INFO  p6spy - 2022-09-15 20:03:47 | 耗时 0 ms | SQL 语句：
select r.* from t_role r left join t_user_role ur on (r.role_id = ur.role_id) left join t_user u on (u.user_id = ur.user_id) where u.username = 'mrbird';
2022-09-15 20:03:47.921 febs [main] INFO  p6spy - 2022-09-15 20:03:47 | 耗时 14 ms | SQL 语句：
select distinct m.perms from t_role r left join t_user_role ur on (r.role_id = ur.role_id) left join t_user u on (u.user_id = ur.user_id) left join t_role_menu rm on (rm.role_id = r.role_id) left join t_menu m on (m.menu_id = rm.menu_id) where u.username = 'mrbird' and m.perms is not null and m.perms <> '';
2022-09-15 20:03:47.935 febs [main] INFO  p6spy - 2022-09-15 20:03:47 | 耗时 6 ms | SQL 语句：
SELECT USER_ID,theme,layout,multi_page,fix_siderbar,fix_header,color FROM t_user_config WHERE USER_ID='1' ;
2022-09-15 20:03:47.939 febs [main] INFO  p6spy - 2022-09-15 20:03:47 | 耗时 1 ms | SQL 语句：
SELECT u.user_id userId, u.username, u.password, u.email, u.mobile, u. STATUS, u.create_time createTime, u.ssex, d.dept_id deptId, d.dept_name deptName, u.AVATAR, u.DESCRIPTION, u.LAST_LOGIN_TIME lastLoginTime, GROUP_CONCAT(r.role_id) roleId, GROUP_CONCAT(r.ROLE_NAME) roleName FROM t_user u LEFT JOIN t_dept d ON (u.dept_id = d.dept_id) LEFT JOIN t_user_role ur ON (u.user_id = ur.user_id) LEFT JOIN t_role r ON r.role_id = ur.role_id WHERE u.username = 'scott' group by u.username, u.user_id, u.password, u.email, u.mobile, u.STATUS, u.create_time, u.ssex, d.dept_id, d.dept_name, u.AVATAR, u.DESCRIPTION, u.LAST_LOGIN_TIME;
2022-09-15 20:03:47.941 febs [main] INFO  p6spy - 2022-09-15 20:03:47 | 耗时 0 ms | SQL 语句：
select r.* from t_role r left join t_user_role ur on (r.role_id = ur.role_id) left join t_user u on (u.user_id = ur.user_id) where u.username = 'scott';
2022-09-15 20:03:47.944 febs [main] INFO  p6spy - 2022-09-15 20:03:47 | 耗时 0 ms | SQL 语句：
select distinct m.perms from t_role r left join t_user_role ur on (r.role_id = ur.role_id) left join t_user u on (u.user_id = ur.user_id) left join t_role_menu rm on (rm.role_id = r.role_id) left join t_menu m on (m.menu_id = rm.menu_id) where u.username = 'scott' and m.perms is not null and m.perms <> '';
2022-09-15 20:03:47.946 febs [main] INFO  p6spy - 2022-09-15 20:03:47 | 耗时 0 ms | SQL 语句：
SELECT USER_ID,theme,layout,multi_page,fix_siderbar,fix_header,color FROM t_user_config WHERE USER_ID='2' ;
2022-09-15 20:03:47.948 febs [main] INFO  p6spy - 2022-09-15 20:03:47 | 耗时 0 ms | SQL 语句：
SELECT u.user_id userId, u.username, u.password, u.email, u.mobile, u. STATUS, u.create_time createTime, u.ssex, d.dept_id deptId, d.dept_name deptName, u.AVATAR, u.DESCRIPTION, u.LAST_LOGIN_TIME lastLoginTime, GROUP_CONCAT(r.role_id) roleId, GROUP_CONCAT(r.ROLE_NAME) roleName FROM t_user u LEFT JOIN t_dept d ON (u.dept_id = d.dept_id) LEFT JOIN t_user_role ur ON (u.user_id = ur.user_id) LEFT JOIN t_role r ON r.role_id = ur.role_id WHERE u.username = 'jack' group by u.username, u.user_id, u.password, u.email, u.mobile, u.STATUS, u.create_time, u.ssex, d.dept_id, d.dept_name, u.AVATAR, u.DESCRIPTION, u.LAST_LOGIN_TIME;
2022-09-15 20:03:47.950 febs [main] INFO  p6spy - 2022-09-15 20:03:47 | 耗时 0 ms | SQL 语句：
select r.* from t_role r left join t_user_role ur on (r.role_id = ur.role_id) left join t_user u on (u.user_id = ur.user_id) where u.username = 'jack';
2022-09-15 20:03:47.953 febs [main] INFO  p6spy - 2022-09-15 20:03:47 | 耗时 0 ms | SQL 语句：
select distinct m.perms from t_role r left join t_user_role ur on (r.role_id = ur.role_id) left join t_user u on (u.user_id = ur.user_id) left join t_role_menu rm on (rm.role_id = r.role_id) left join t_menu m on (m.menu_id = rm.menu_id) where u.username = 'jack' and m.perms is not null and m.perms <> '';
2022-09-15 20:03:47.954 febs [main] INFO  p6spy - 2022-09-15 20:03:47 | 耗时 0 ms | SQL 语句：
SELECT USER_ID,theme,layout,multi_page,fix_siderbar,fix_header,color FROM t_user_config WHERE USER_ID='12' ;
2022-09-15 20:03:47.956 febs [main] INFO  p6spy - 2022-09-15 20:03:47 | 耗时 0 ms | SQL 语句：
SELECT u.user_id userId, u.username, u.password, u.email, u.mobile, u. STATUS, u.create_time createTime, u.ssex, d.dept_id deptId, d.dept_name deptName, u.AVATAR, u.DESCRIPTION, u.LAST_LOGIN_TIME lastLoginTime, GROUP_CONCAT(r.role_id) roleId, GROUP_CONCAT(r.ROLE_NAME) roleName FROM t_user u LEFT JOIN t_dept d ON (u.dept_id = d.dept_id) LEFT JOIN t_user_role ur ON (u.user_id = ur.user_id) LEFT JOIN t_role r ON r.role_id = ur.role_id WHERE u.username = 'xiaoduan' group by u.username, u.user_id, u.password, u.email, u.mobile, u.STATUS, u.create_time, u.ssex, d.dept_id, d.dept_name, u.AVATAR, u.DESCRIPTION, u.LAST_LOGIN_TIME;
2022-09-15 20:03:47.960 febs [main] INFO  p6spy - 2022-09-15 20:03:47 | 耗时 0 ms | SQL 语句：
select r.* from t_role r left join t_user_role ur on (r.role_id = ur.role_id) left join t_user u on (u.user_id = ur.user_id) where u.username = 'xiaoduan';
2022-09-15 20:03:47.961 febs [main] INFO  p6spy - 2022-09-15 20:03:47 | 耗时 0 ms | SQL 语句：
select distinct m.perms from t_role r left join t_user_role ur on (r.role_id = ur.role_id) left join t_user u on (u.user_id = ur.user_id) left join t_role_menu rm on (rm.role_id = r.role_id) left join t_menu m on (m.menu_id = rm.menu_id) where u.username = 'xiaoduan' and m.perms is not null and m.perms <> '';
2022-09-15 20:03:47.963 febs [main] INFO  p6spy - 2022-09-15 20:03:47 | 耗时 0 ms | SQL 语句：
SELECT USER_ID,theme,layout,multi_page,fix_siderbar,fix_header,color FROM t_user_config WHERE USER_ID='13' ;
2022-09-15 20:03:47.965 febs [main] INFO  p6spy - 2022-09-15 20:03:47 | 耗时 0 ms | SQL 语句：
SELECT u.user_id userId, u.username, u.password, u.email, u.mobile, u. STATUS, u.create_time createTime, u.ssex, d.dept_id deptId, d.dept_name deptName, u.AVATAR, u.DESCRIPTION, u.LAST_LOGIN_TIME lastLoginTime, GROUP_CONCAT(r.role_id) roleId, GROUP_CONCAT(r.ROLE_NAME) roleName FROM t_user u LEFT JOIN t_dept d ON (u.dept_id = d.dept_id) LEFT JOIN t_user_role ur ON (u.user_id = ur.user_id) LEFT JOIN t_role r ON r.role_id = ur.role_id WHERE u.username = 'test' group by u.username, u.user_id, u.password, u.email, u.mobile, u.STATUS, u.create_time, u.ssex, d.dept_id, d.dept_name, u.AVATAR, u.DESCRIPTION, u.LAST_LOGIN_TIME;
2022-09-15 20:03:47.967 febs [main] INFO  p6spy - 2022-09-15 20:03:47 | 耗时 0 ms | SQL 语句：
select r.* from t_role r left join t_user_role ur on (r.role_id = ur.role_id) left join t_user u on (u.user_id = ur.user_id) where u.username = 'test';
2022-09-15 20:03:47.969 febs [main] INFO  p6spy - 2022-09-15 20:03:47 | 耗时 0 ms | SQL 语句：
select distinct m.perms from t_role r left join t_user_role ur on (r.role_id = ur.role_id) left join t_user u on (u.user_id = ur.user_id) left join t_role_menu rm on (rm.role_id = r.role_id) left join t_menu m on (m.menu_id = rm.menu_id) where u.username = 'test' and m.perms is not null and m.perms <> '';
2022-09-15 20:03:47.970 febs [main] INFO  p6spy - 2022-09-15 20:03:47 | 耗时 0 ms | SQL 语句：
SELECT USER_ID,theme,layout,multi_page,fix_siderbar,fix_header,color FROM t_user_config WHERE USER_ID='16' ;
2022-09-15 20:03:47.972 febs [main] INFO  p6spy - 2022-09-15 20:03:47 | 耗时 0 ms | SQL 语句：
SELECT u.user_id userId, u.username, u.password, u.email, u.mobile, u. STATUS, u.create_time createTime, u.ssex, d.dept_id deptId, d.dept_name deptName, u.AVATAR, u.DESCRIPTION, u.LAST_LOGIN_TIME lastLoginTime, GROUP_CONCAT(r.role_id) roleId, GROUP_CONCAT(r.ROLE_NAME) roleName FROM t_user u LEFT JOIN t_dept d ON (u.dept_id = d.dept_id) LEFT JOIN t_user_role ur ON (u.user_id = ur.user_id) LEFT JOIN t_role r ON r.role_id = ur.role_id WHERE u.username = 'ddmtest14' group by u.username, u.user_id, u.password, u.email, u.mobile, u.STATUS, u.create_time, u.ssex, d.dept_id, d.dept_name, u.AVATAR, u.DESCRIPTION, u.LAST_LOGIN_TIME;
2022-09-15 20:03:47.975 febs [main] INFO  p6spy - 2022-09-15 20:03:47 | 耗时 0 ms | SQL 语句：
select r.* from t_role r left join t_user_role ur on (r.role_id = ur.role_id) left join t_user u on (u.user_id = ur.user_id) where u.username = 'ddmtest14';
2022-09-15 20:03:47.976 febs [main] INFO  p6spy - 2022-09-15 20:03:47 | 耗时 0 ms | SQL 语句：
select distinct m.perms from t_role r left join t_user_role ur on (r.role_id = ur.role_id) left join t_user u on (u.user_id = ur.user_id) left join t_role_menu rm on (rm.role_id = r.role_id) left join t_menu m on (m.menu_id = rm.menu_id) where u.username = 'ddmtest14' and m.perms is not null and m.perms <> '';
2022-09-15 20:03:47.978 febs [main] INFO  p6spy - 2022-09-15 20:03:47 | 耗时 0 ms | SQL 语句：
SELECT USER_ID,theme,layout,multi_page,fix_siderbar,fix_header,color FROM t_user_config WHERE USER_ID='33' ;
2022-09-15 20:03:47.980 febs [main] INFO  p6spy - 2022-09-15 20:03:47 | 耗时 0 ms | SQL 语句：
SELECT u.user_id userId, u.username, u.password, u.email, u.mobile, u. STATUS, u.create_time createTime, u.ssex, d.dept_id deptId, d.dept_name deptName, u.AVATAR, u.DESCRIPTION, u.LAST_LOGIN_TIME lastLoginTime, GROUP_CONCAT(r.role_id) roleId, GROUP_CONCAT(r.ROLE_NAME) roleName FROM t_user u LEFT JOIN t_dept d ON (u.dept_id = d.dept_id) LEFT JOIN t_user_role ur ON (u.user_id = ur.user_id) LEFT JOIN t_role r ON r.role_id = ur.role_id WHERE u.username = 'test1' group by u.username, u.user_id, u.password, u.email, u.mobile, u.STATUS, u.create_time, u.ssex, d.dept_id, d.dept_name, u.AVATAR, u.DESCRIPTION, u.LAST_LOGIN_TIME;
2022-09-15 20:03:47.984 febs [main] INFO  p6spy - 2022-09-15 20:03:47 | 耗时 0 ms | SQL 语句：
select r.* from t_role r left join t_user_role ur on (r.role_id = ur.role_id) left join t_user u on (u.user_id = ur.user_id) where u.username = 'test1';
2022-09-15 20:03:47.986 febs [main] INFO  p6spy - 2022-09-15 20:03:47 | 耗时 0 ms | SQL 语句：
select distinct m.perms from t_role r left join t_user_role ur on (r.role_id = ur.role_id) left join t_user u on (u.user_id = ur.user_id) left join t_role_menu rm on (rm.role_id = r.role_id) left join t_menu m on (m.menu_id = rm.menu_id) where u.username = 'test1' and m.perms is not null and m.perms <> '';
2022-09-15 20:03:47.987 febs [main] INFO  p6spy - 2022-09-15 20:03:47 | 耗时 0 ms | SQL 语句：
SELECT USER_ID,theme,layout,multi_page,fix_siderbar,fix_header,color FROM t_user_config WHERE USER_ID='34' ;
2022-09-15 20:03:47.989 febs [main] INFO  p6spy - 2022-09-15 20:03:47 | 耗时 0 ms | SQL 语句：
SELECT u.user_id userId, u.username, u.password, u.email, u.mobile, u. STATUS, u.create_time createTime, u.ssex, d.dept_id deptId, d.dept_name deptName, u.AVATAR, u.DESCRIPTION, u.LAST_LOGIN_TIME lastLoginTime, GROUP_CONCAT(r.role_id) roleId, GROUP_CONCAT(r.ROLE_NAME) roleName FROM t_user u LEFT JOIN t_dept d ON (u.dept_id = d.dept_id) LEFT JOIN t_user_role ur ON (u.user_id = ur.user_id) LEFT JOIN t_role r ON r.role_id = ur.role_id WHERE u.username = 'admin' group by u.username, u.user_id, u.password, u.email, u.mobile, u.STATUS, u.create_time, u.ssex, d.dept_id, d.dept_name, u.AVATAR, u.DESCRIPTION, u.LAST_LOGIN_TIME;
2022-09-15 20:03:47.991 febs [main] INFO  p6spy - 2022-09-15 20:03:47 | 耗时 0 ms | SQL 语句：
select r.* from t_role r left join t_user_role ur on (r.role_id = ur.role_id) left join t_user u on (u.user_id = ur.user_id) where u.username = 'admin';
2022-09-15 20:03:47.994 febs [main] INFO  p6spy - 2022-09-15 20:03:47 | 耗时 0 ms | SQL 语句：
select distinct m.perms from t_role r left join t_user_role ur on (r.role_id = ur.role_id) left join t_user u on (u.user_id = ur.user_id) left join t_role_menu rm on (rm.role_id = r.role_id) left join t_menu m on (m.menu_id = rm.menu_id) where u.username = 'admin' and m.perms is not null and m.perms <> '';
2022-09-15 20:03:47.999 febs [main] INFO  p6spy - 2022-09-15 20:03:47 | 耗时 0 ms | SQL 语句：
SELECT USER_ID,theme,layout,multi_page,fix_siderbar,fix_header,color FROM t_user_config WHERE USER_ID='35' ;
2022-09-15 20:03:48.001 febs [main] INFO  p6spy - 2022-09-15 20:03:48 | 耗时 0 ms | SQL 语句：
SELECT u.user_id userId, u.username, u.password, u.email, u.mobile, u. STATUS, u.create_time createTime, u.ssex, d.dept_id deptId, d.dept_name deptName, u.AVATAR, u.DESCRIPTION, u.LAST_LOGIN_TIME lastLoginTime, GROUP_CONCAT(r.role_id) roleId, GROUP_CONCAT(r.ROLE_NAME) roleName FROM t_user u LEFT JOIN t_dept d ON (u.dept_id = d.dept_id) LEFT JOIN t_user_role ur ON (u.user_id = ur.user_id) LEFT JOIN t_role r ON r.role_id = ur.role_id WHERE u.username = 'test33333' group by u.username, u.user_id, u.password, u.email, u.mobile, u.STATUS, u.create_time, u.ssex, d.dept_id, d.dept_name, u.AVATAR, u.DESCRIPTION, u.LAST_LOGIN_TIME;
2022-09-15 20:03:48.003 febs [main] INFO  p6spy - 2022-09-15 20:03:48 | 耗时 0 ms | SQL 语句：
select r.* from t_role r left join t_user_role ur on (r.role_id = ur.role_id) left join t_user u on (u.user_id = ur.user_id) where u.username = 'test33333';
2022-09-15 20:03:48.005 febs [main] INFO  p6spy - 2022-09-15 20:03:48 | 耗时 0 ms | SQL 语句：
select distinct m.perms from t_role r left join t_user_role ur on (r.role_id = ur.role_id) left join t_user u on (u.user_id = ur.user_id) left join t_role_menu rm on (rm.role_id = r.role_id) left join t_menu m on (m.menu_id = rm.menu_id) where u.username = 'test33333' and m.perms is not null and m.perms <> '';
2022-09-15 20:03:48.007 febs [main] INFO  p6spy - 2022-09-15 20:03:48 | 耗时 0 ms | SQL 语句：
SELECT USER_ID,theme,layout,multi_page,fix_siderbar,fix_header,color FROM t_user_config WHERE USER_ID='36' ;
2022-09-15 20:03:48.007 febs [main] INFO  c.m.f.common.runner.StartedUpRunner -  __    ___   _      ___   _     ____ _____  ____ 
2022-09-15 20:03:48.007 febs [main] INFO  c.m.f.common.runner.StartedUpRunner - / /`  / / \ | |\/| | |_) | |   | |_   | |  | |_  
2022-09-15 20:03:48.007 febs [main] INFO  c.m.f.common.runner.StartedUpRunner - \_\_, \_\_/ |_|  | |_|   |_|__ |_|__  |_|  |_|__ 
2022-09-15 20:03:48.007 febs [main] INFO  c.m.f.common.runner.StartedUpRunner -                                                       
2022-09-15 20:03:48.007 febs [main] INFO  c.m.f.common.runner.StartedUpRunner - 启动完毕，时间：2022-09-15T20:03:48.007
2022-09-15 20:03:48.386 febs [RMI TCP Connection(4)-192.168.1.8] INFO  o.a.c.c.C.[Tomcat].[localhost].[/] - Initializing Spring DispatcherServlet 'dispatcherServlet'
2022-09-15 20:03:48.386 febs [RMI TCP Connection(4)-192.168.1.8] INFO  o.s.web.servlet.DispatcherServlet - Initializing Servlet 'dispatcherServlet'
2022-09-15 20:03:48.392 febs [RMI TCP Connection(3)-192.168.1.8] INFO  p6spy - 2022-09-15 20:03:48 | 耗时 1 ms | SQL 语句：
/* ping */ SELECT 1;
2022-09-15 20:03:48.401 febs [RMI TCP Connection(4)-192.168.1.8] INFO  o.s.web.servlet.DispatcherServlet - Completed initialization in 14 ms
2022-09-15 20:03:48.707 febs [Quartz Scheduler [MyScheduler]] INFO  o.s.s.quartz.SchedulerFactoryBean - Starting Quartz Scheduler now, after delay of 1 seconds
2022-09-15 20:03:48.733 febs [Quartz Scheduler [MyScheduler]] INFO  o.s.s.quartz.LocalDataSourceJobStore - ClusterManager: detected 1 failed or restarted instances.
2022-09-15 20:03:48.733 febs [Quartz Scheduler [MyScheduler]] INFO  o.s.s.quartz.LocalDataSourceJobStore - ClusterManager: Scanning for instance "WIN-ETS2DEK9JHC1663076318924"'s failed in-progress jobs.
2022-09-15 20:03:48.745 febs [Quartz Scheduler [MyScheduler]] INFO  org.quartz.core.QuartzScheduler - Scheduler MyScheduler_$_WIN-ETS2DEK9JHC1663243425334 started.
2022-09-15 20:22:20.480 febs [http-nio-9527-exec-2] INFO  c.m.febs.common.aspect.LimitAspect - IP:127.0.0.1 第 1 次访问key为 [limit_login127.0.0.1]，描述为 [登录接口] 的接口
2022-09-15 20:22:20.599 febs [http-nio-9527-exec-2] INFO  p6spy - 2022-09-15 20:22:20 | 耗时 2 ms | SQL 语句：
UPDATE t_user SET last_login_time='2022-09-15T20:22:20.575+0800' WHERE username = 'admin';
2022-09-15 20:22:20.603 febs [http-nio-9527-exec-2] INFO  p6spy - 2022-09-15 20:22:20 | 耗时 3 ms | SQL 语句：
SELECT u.user_id userId, u.username, u.password, u.email, u.mobile, u. STATUS, u.create_time createTime, u.ssex, d.dept_id deptId, d.dept_name deptName, u.AVATAR, u.DESCRIPTION, u.LAST_LOGIN_TIME lastLoginTime, GROUP_CONCAT(r.role_id) roleId, GROUP_CONCAT(r.ROLE_NAME) roleName FROM t_user u LEFT JOIN t_dept d ON (u.dept_id = d.dept_id) LEFT JOIN t_user_role ur ON (u.user_id = ur.user_id) LEFT JOIN t_role r ON r.role_id = ur.role_id WHERE u.username = 'admin' group by u.username, u.user_id, u.password, u.email, u.mobile, u.STATUS, u.create_time, u.ssex, d.dept_id, d.dept_name, u.AVATAR, u.DESCRIPTION, u.LAST_LOGIN_TIME;
2022-09-15 20:22:20.643 febs [http-nio-9527-exec-2] INFO  p6spy - 2022-09-15 20:22:20 | 耗时 19 ms | SQL 语句：
INSERT INTO t_login_log ( username, login_time, location, ip ) VALUES ( 'admin', '2022-09-15T20:22:20.616+0800', '', '127.0.0.1' );
2022-09-15 20:22:20.770 febs [http-nio-9527-exec-3] INFO  c.m.f.common.authentication.JWTUtil - token is valid
2022-09-15 20:22:20.799 febs [http-nio-9527-exec-3] INFO  p6spy - 2022-09-15 20:22:20 | 耗时 5 ms | SQL 语句：
select m.* from t_menu m where m.type <> 1 and m.MENU_ID in (select distinct rm.menu_id from t_role_menu rm left join t_role r on (rm.role_id = r.role_id) left join t_user_role ur on (ur.role_id = r.role_id) left join t_user u on (u.user_id = ur.user_id) where u.username = 'admin') order by m.order_num;
2022-09-15 20:22:21.108 febs [http-nio-9527-exec-5] INFO  c.m.f.common.authentication.JWTUtil - token is valid
2022-09-15 20:22:21.182 febs [http-nio-9527-exec-5] INFO  p6spy - 2022-09-15 20:22:21 | 耗时 71 ms | SQL 语句：
select count(1) from t_login_log;
2022-09-15 20:22:21.188 febs [http-nio-9527-exec-5] INFO  p6spy - 2022-09-15 20:22:21 | 耗时 4 ms | SQL 语句：
select count(1) from t_login_log where datediff(login_time,now())=0;
2022-09-15 20:22:21.191 febs [http-nio-9527-exec-5] INFO  p6spy - 2022-09-15 20:22:21 | 耗时 1 ms | SQL 语句：
select count(distinct(ip)) from t_login_log where datediff(login_time,now())=0;
2022-09-15 20:22:21.196 febs [http-nio-9527-exec-5] INFO  p6spy - 2022-09-15 20:22:21 | 耗时 3 ms | SQL 语句：
select date_format(l.login_time, '%m-%d') days, count(1) count from ( select * from t_login_log where date_sub(curdate(), interval 7 day) <= date(login_time) ) as l where 1 = 1 group by days;
2022-09-15 20:22:21.198 febs [http-nio-9527-exec-5] INFO  p6spy - 2022-09-15 20:22:21 | 耗时 0 ms | SQL 语句：
select date_format(l.login_time, '%m-%d') days, count(1) count from ( select * from t_login_log where date_sub(curdate(), interval 7 day) <= date(login_time) ) as l where 1 = 1 and l.username = 'admin' group by days;
2022-09-15 20:23:02.659 febs [http-nio-9527-exec-7] INFO  c.m.f.common.authentication.JWTUtil - token is valid
2022-09-15 20:23:02.678 febs [http-nio-9527-exec-7] INFO  p6spy - 2022-09-15 20:23:02 | 耗时 0 ms | SQL 语句：
SELECT MENU_ID,parent_id,menu_name,path,component,perms,icon,type,order_num,create_time,modify_time FROM t_menu;
2022-09-15 20:23:35.696 febs [http-nio-9527-exec-9] INFO  c.m.f.common.authentication.JWTUtil - token is valid
2022-09-15 20:23:35.711 febs [http-nio-9527-exec-9] INFO  p6spy - 2022-09-15 20:23:35 | 耗时 6 ms | SQL 语句：
SELECT MENU_ID,parent_id,menu_name,path,component,perms,icon,type,order_num,create_time,modify_time FROM t_menu WHERE type = '0';
2022-09-15 20:25:27.576 febs [http-nio-9527-exec-1] INFO  c.m.f.common.authentication.JWTUtil - token is valid
2022-09-15 20:25:27.585 febs [http-nio-9527-exec-1] INFO  p6spy - 2022-09-15 20:25:27 | 耗时 3 ms | SQL 语句：
SELECT MENU_ID,parent_id,menu_name,path,component,perms,icon,type,order_num,create_time,modify_time FROM t_menu WHERE type = '0';
2022-09-15 21:03:47.727 febs [scheduling-1] INFO  cc.mrbird.febs.common.task.CacheTask - delete expired user
2022-09-15 22:03:47.723 febs [scheduling-1] INFO  cc.mrbird.febs.common.task.CacheTask - delete expired user
