2022-09-19 21:04:55.719 febs [main] INFO  cc.mrbird.febs.StoreApplication - Starting StoreApplication on WIN-ETS2DEK9JHC with PID 10824 (started by Administrator in E:\Project\超商成本核算管理系统\store_cost\backend)
2022-09-19 21:04:55.723 febs [main] INFO  cc.mrbird.febs.StoreApplication - No active profile set, falling back to default profiles: default
2022-09-19 21:04:58.255 febs [main] INFO  o.s.d.r.c.RepositoryConfigurationDelegate - Multiple Spring Data modules found, entering strict repository configuration mode!
2022-09-19 21:04:58.258 febs [main] INFO  o.s.d.r.c.RepositoryConfigurationDelegate - Bootstrapping Spring Data repositories in DEFAULT mode.
2022-09-19 21:04:58.343 febs [main] INFO  o.s.d.r.c.RepositoryConfigurationDelegate - Finished Spring Data repository scanning in 54ms. Found 0 repository interfaces.
2022-09-19 21:04:58.679 febs [main] INFO  o.s.c.s.PostProcessorRegistrationDelegate$BeanPostProcessorChecker - Bean 'asyncExecutorPoolConfig' of type [cc.mrbird.febs.common.config.AsyncExecutorPoolConfig$$EnhancerBySpringCGLIB$$f73b5dd9] is not eligible for getting processed by all BeanPostProcessors (for example: not eligible for auto-proxying)
2022-09-19 21:04:58.840 febs [main] INFO  o.s.c.s.PostProcessorRegistrationDelegate$BeanPostProcessorChecker - Bean 'spring.datasource.dynamic-com.baomidou.dynamic.datasource.spring.boot.autoconfigure.DynamicDataSourceProperties' of type [com.baomidou.dynamic.datasource.spring.boot.autoconfigure.DynamicDataSourceProperties] is not eligible for getting processed by all BeanPostProcessors (for example: not eligible for auto-proxying)
2022-09-19 21:04:58.991 febs [main] INFO  o.s.c.s.PostProcessorRegistrationDelegate$BeanPostProcessorChecker - Bean 'com.baomidou.dynamic.datasource.spring.boot.autoconfigure.DynamicDataSourceAutoConfiguration' of type [com.baomidou.dynamic.datasource.spring.boot.autoconfigure.DynamicDataSourceAutoConfiguration$$EnhancerBySpringCGLIB$$d18aa97d] is not eligible for getting processed by all BeanPostProcessors (for example: not eligible for auto-proxying)
2022-09-19 21:04:59.000 febs [main] INFO  o.s.c.s.PostProcessorRegistrationDelegate$BeanPostProcessorChecker - Bean 'dsProcessor' of type [com.baomidou.dynamic.datasource.processor.DsHeaderProcessor] is not eligible for getting processed by all BeanPostProcessors (for example: not eligible for auto-proxying)
2022-09-19 21:04:59.003 febs [main] INFO  o.s.c.s.PostProcessorRegistrationDelegate$BeanPostProcessorChecker - Bean 'dynamicDatasourceAnnotationAdvisor' of type [com.baomidou.dynamic.datasource.aop.DynamicDataSourceAnnotationAdvisor] is not eligible for getting processed by all BeanPostProcessors (for example: not eligible for auto-proxying)
2022-09-19 21:04:59.017 febs [main] INFO  o.s.c.s.PostProcessorRegistrationDelegate$BeanPostProcessorChecker - Bean 'org.springframework.transaction.annotation.ProxyTransactionManagementConfiguration' of type [org.springframework.transaction.annotation.ProxyTransactionManagementConfiguration$$EnhancerBySpringCGLIB$$67fc38ac] is not eligible for getting processed by all BeanPostProcessors (for example: not eligible for auto-proxying)
2022-09-19 21:04:59.041 febs [main] INFO  o.s.c.s.PostProcessorRegistrationDelegate$BeanPostProcessorChecker - Bean 'shiroConfig' of type [cc.mrbird.febs.common.authentication.ShiroConfig$$EnhancerBySpringCGLIB$$d37c3a55] is not eligible for getting processed by all BeanPostProcessors (for example: not eligible for auto-proxying)
2022-09-19 21:04:59.786 febs [main] INFO  o.s.c.s.PostProcessorRegistrationDelegate$BeanPostProcessorChecker - Bean 'redisConfig' of type [cc.mrbird.febs.common.config.RedisConfig$$EnhancerBySpringCGLIB$$cc40f1a9] is not eligible for getting processed by all BeanPostProcessors (for example: not eligible for auto-proxying)
2022-09-19 21:04:59.883 febs [main] INFO  o.s.c.s.PostProcessorRegistrationDelegate$BeanPostProcessorChecker - Bean 'redisPoolFactory' of type [redis.clients.jedis.JedisPool] is not eligible for getting processed by all BeanPostProcessors (for example: not eligible for auto-proxying)
2022-09-19 21:04:59.887 febs [main] INFO  o.s.c.s.PostProcessorRegistrationDelegate$BeanPostProcessorChecker - Bean 'redisService' of type [cc.mrbird.febs.common.service.impl.RedisServiceImpl] is not eligible for getting processed by all BeanPostProcessors (for example: not eligible for auto-proxying)
2022-09-19 21:04:59.997 febs [main] INFO  o.s.c.s.PostProcessorRegistrationDelegate$BeanPostProcessorChecker - Bean 'mybatis-plus-com.baomidou.mybatisplus.autoconfigure.MybatisPlusProperties' of type [com.baomidou.mybatisplus.autoconfigure.MybatisPlusProperties] is not eligible for getting processed by all BeanPostProcessors (for example: not eligible for auto-proxying)
2022-09-19 21:05:00.004 febs [main] INFO  o.s.c.s.PostProcessorRegistrationDelegate$BeanPostProcessorChecker - Bean 'mybatisPlusConfig' of type [cc.mrbird.febs.common.config.MybatisPlusConfig$$EnhancerBySpringCGLIB$$b98394bb] is not eligible for getting processed by all BeanPostProcessors (for example: not eligible for auto-proxying)
2022-09-19 21:05:00.009 febs [main] INFO  o.s.c.s.PostProcessorRegistrationDelegate$BeanPostProcessorChecker - Bean 'paginationInterceptor' of type [com.baomidou.mybatisplus.extension.plugins.PaginationInterceptor] is not eligible for getting processed by all BeanPostProcessors (for example: not eligible for auto-proxying)
2022-09-19 21:05:00.019 febs [main] INFO  o.s.c.s.PostProcessorRegistrationDelegate$BeanPostProcessorChecker - Bean 'com.baomidou.mybatisplus.autoconfigure.MybatisPlusAutoConfiguration' of type [com.baomidou.mybatisplus.autoconfigure.MybatisPlusAutoConfiguration$$EnhancerBySpringCGLIB$$a5c4a546] is not eligible for getting processed by all BeanPostProcessors (for example: not eligible for auto-proxying)
2022-09-19 21:05:00.031 febs [main] INFO  o.s.c.s.PostProcessorRegistrationDelegate$BeanPostProcessorChecker - Bean 'dynamicDataSourceCreator' of type [com.baomidou.dynamic.datasource.DynamicDataSourceCreator] is not eligible for getting processed by all BeanPostProcessors (for example: not eligible for auto-proxying)
2022-09-19 21:05:00.033 febs [main] INFO  o.s.c.s.PostProcessorRegistrationDelegate$BeanPostProcessorChecker - Bean 'dynamicDataSourceProvider' of type [com.baomidou.dynamic.datasource.provider.YmlDynamicDataSourceProvider] is not eligible for getting processed by all BeanPostProcessors (for example: not eligible for auto-proxying)
2022-09-19 21:05:00.037 febs [main] INFO  c.b.d.d.DynamicRoutingDataSource - 动态数据源-检测到并开启了p6spy
2022-09-19 21:05:00.046 febs [main] INFO  com.zaxxer.hikari.HikariDataSource - primary - Starting...
2022-09-19 21:05:00.341 febs [main] INFO  com.zaxxer.hikari.HikariDataSource - primary - Start completed.
2022-09-19 21:05:00.341 febs [main] INFO  c.b.d.d.DynamicRoutingDataSource - 初始共加载 1 个数据源
2022-09-19 21:05:00.341 febs [main] INFO  c.b.d.d.DynamicRoutingDataSource - 动态数据源-加载 primary 成功
2022-09-19 21:05:00.341 febs [main] INFO  c.b.d.d.DynamicRoutingDataSource - 当前的默认数据源是单数据源，数据源名为 primary
2022-09-19 21:05:00.341 febs [main] INFO  o.s.c.s.PostProcessorRegistrationDelegate$BeanPostProcessorChecker - Bean 'dataSource' of type [com.baomidou.dynamic.datasource.DynamicRoutingDataSource] is not eligible for getting processed by all BeanPostProcessors (for example: not eligible for auto-proxying)
2022-09-19 21:05:00.351 febs [main] INFO  o.s.c.s.PostProcessorRegistrationDelegate$BeanPostProcessorChecker - Bean 'spring.datasource-org.springframework.boot.autoconfigure.jdbc.DataSourceProperties' of type [org.springframework.boot.autoconfigure.jdbc.DataSourceProperties] is not eligible for getting processed by all BeanPostProcessors (for example: not eligible for auto-proxying)
2022-09-19 21:05:00.358 febs [main] INFO  o.s.c.s.PostProcessorRegistrationDelegate$BeanPostProcessorChecker - Bean 'org.springframework.boot.autoconfigure.jdbc.DataSourceInitializerInvoker' of type [org.springframework.boot.autoconfigure.jdbc.DataSourceInitializerInvoker] is not eligible for getting processed by all BeanPostProcessors (for example: not eligible for auto-proxying)
2022-09-19 21:05:01.157 febs [main] INFO  o.s.c.s.PostProcessorRegistrationDelegate$BeanPostProcessorChecker - Bean 'sqlSessionFactory' of type [org.apache.ibatis.session.defaults.DefaultSqlSessionFactory] is not eligible for getting processed by all BeanPostProcessors (for example: not eligible for auto-proxying)
2022-09-19 21:05:01.162 febs [main] INFO  o.s.c.s.PostProcessorRegistrationDelegate$BeanPostProcessorChecker - Bean 'sqlSessionTemplate' of type [org.mybatis.spring.SqlSessionTemplate] is not eligible for getting processed by all BeanPostProcessors (for example: not eligible for auto-proxying)
2022-09-19 21:05:01.165 febs [main] INFO  o.s.c.s.PostProcessorRegistrationDelegate$BeanPostProcessorChecker - Bean 'roleMapper' of type [org.mybatis.spring.mapper.MapperFactoryBean] is not eligible for getting processed by all BeanPostProcessors (for example: not eligible for auto-proxying)
2022-09-19 21:05:01.166 febs [main] INFO  o.s.c.s.PostProcessorRegistrationDelegate$BeanPostProcessorChecker - Bean 'roleMapper' of type [com.sun.proxy.$Proxy108] is not eligible for getting processed by all BeanPostProcessors (for example: not eligible for auto-proxying)
2022-09-19 21:05:01.189 febs [main] INFO  o.s.c.s.PostProcessorRegistrationDelegate$BeanPostProcessorChecker - Bean 'roleMenuMapper' of type [org.mybatis.spring.mapper.MapperFactoryBean] is not eligible for getting processed by all BeanPostProcessors (for example: not eligible for auto-proxying)
2022-09-19 21:05:01.190 febs [main] INFO  o.s.c.s.PostProcessorRegistrationDelegate$BeanPostProcessorChecker - Bean 'roleMenuMapper' of type [com.sun.proxy.$Proxy110] is not eligible for getting processed by all BeanPostProcessors (for example: not eligible for auto-proxying)
2022-09-19 21:05:01.196 febs [main] INFO  o.s.c.s.PostProcessorRegistrationDelegate$BeanPostProcessorChecker - Bean 'userRoleMapper' of type [org.mybatis.spring.mapper.MapperFactoryBean] is not eligible for getting processed by all BeanPostProcessors (for example: not eligible for auto-proxying)
2022-09-19 21:05:01.197 febs [main] INFO  o.s.c.s.PostProcessorRegistrationDelegate$BeanPostProcessorChecker - Bean 'userRoleMapper' of type [com.sun.proxy.$Proxy111] is not eligible for getting processed by all BeanPostProcessors (for example: not eligible for auto-proxying)
2022-09-19 21:05:01.198 febs [main] INFO  o.s.c.s.PostProcessorRegistrationDelegate$BeanPostProcessorChecker - Bean 'userRoleService' of type [cc.mrbird.febs.system.service.impl.UserRoleServiceImpl] is not eligible for getting processed by all BeanPostProcessors (for example: not eligible for auto-proxying)
2022-09-19 21:05:01.241 febs [main] INFO  o.s.c.s.PostProcessorRegistrationDelegate$BeanPostProcessorChecker - Bean 'roleMenuService' of type [cc.mrbird.febs.system.service.impl.RoleMenuServiceImpl] is not eligible for getting processed by all BeanPostProcessors (for example: not eligible for auto-proxying)
2022-09-19 21:05:01.259 febs [main] INFO  o.s.c.s.PostProcessorRegistrationDelegate$BeanPostProcessorChecker - Bean 'roleService' of type [cc.mrbird.febs.system.service.impl.RoleServiceImpl] is not eligible for getting processed by all BeanPostProcessors (for example: not eligible for auto-proxying)
2022-09-19 21:05:01.286 febs [main] INFO  o.s.c.s.PostProcessorRegistrationDelegate$BeanPostProcessorChecker - Bean 'menuMapper' of type [org.mybatis.spring.mapper.MapperFactoryBean] is not eligible for getting processed by all BeanPostProcessors (for example: not eligible for auto-proxying)
2022-09-19 21:05:01.288 febs [main] INFO  o.s.c.s.PostProcessorRegistrationDelegate$BeanPostProcessorChecker - Bean 'menuMapper' of type [com.sun.proxy.$Proxy115] is not eligible for getting processed by all BeanPostProcessors (for example: not eligible for auto-proxying)
2022-09-19 21:05:01.292 febs [main] INFO  o.s.c.s.PostProcessorRegistrationDelegate$BeanPostProcessorChecker - Bean 'menuService' of type [cc.mrbird.febs.system.service.impl.MenuServiceImpl] is not eligible for getting processed by all BeanPostProcessors (for example: not eligible for auto-proxying)
2022-09-19 21:05:01.325 febs [main] INFO  o.s.c.s.PostProcessorRegistrationDelegate$BeanPostProcessorChecker - Bean 'userMapper' of type [org.mybatis.spring.mapper.MapperFactoryBean] is not eligible for getting processed by all BeanPostProcessors (for example: not eligible for auto-proxying)
2022-09-19 21:05:01.327 febs [main] INFO  o.s.c.s.PostProcessorRegistrationDelegate$BeanPostProcessorChecker - Bean 'userMapper' of type [com.sun.proxy.$Proxy117] is not eligible for getting processed by all BeanPostProcessors (for example: not eligible for auto-proxying)
2022-09-19 21:05:01.361 febs [main] INFO  o.s.c.s.PostProcessorRegistrationDelegate$BeanPostProcessorChecker - Bean 'userConfigMapper' of type [org.mybatis.spring.mapper.MapperFactoryBean] is not eligible for getting processed by all BeanPostProcessors (for example: not eligible for auto-proxying)
2022-09-19 21:05:01.362 febs [main] INFO  o.s.c.s.PostProcessorRegistrationDelegate$BeanPostProcessorChecker - Bean 'userConfigMapper' of type [com.sun.proxy.$Proxy118] is not eligible for getting processed by all BeanPostProcessors (for example: not eligible for auto-proxying)
2022-09-19 21:05:01.365 febs [main] INFO  o.s.c.s.PostProcessorRegistrationDelegate$BeanPostProcessorChecker - Bean 'userConfigService' of type [cc.mrbird.febs.system.service.impl.UserConfigServiceImpl] is not eligible for getting processed by all BeanPostProcessors (for example: not eligible for auto-proxying)
2022-09-19 21:05:01.383 febs [main] INFO  o.s.c.s.PostProcessorRegistrationDelegate$BeanPostProcessorChecker - Bean 'userService' of type [cc.mrbird.febs.system.service.impl.UserServiceImpl] is not eligible for getting processed by all BeanPostProcessors (for example: not eligible for auto-proxying)
2022-09-19 21:05:01.402 febs [main] INFO  o.s.c.s.PostProcessorRegistrationDelegate$BeanPostProcessorChecker - Bean 'org.springframework.boot.autoconfigure.jackson.JacksonAutoConfiguration$JacksonObjectMapperConfiguration' of type [org.springframework.boot.autoconfigure.jackson.JacksonAutoConfiguration$JacksonObjectMapperConfiguration$$EnhancerBySpringCGLIB$$c38fb83d] is not eligible for getting processed by all BeanPostProcessors (for example: not eligible for auto-proxying)
2022-09-19 21:05:01.406 febs [main] INFO  o.s.c.s.PostProcessorRegistrationDelegate$BeanPostProcessorChecker - Bean 'org.springframework.boot.autoconfigure.jackson.JacksonAutoConfiguration$JacksonObjectMapperBuilderConfiguration' of type [org.springframework.boot.autoconfigure.jackson.JacksonAutoConfiguration$JacksonObjectMapperBuilderConfiguration$$EnhancerBySpringCGLIB$$75dc7a56] is not eligible for getting processed by all BeanPostProcessors (for example: not eligible for auto-proxying)
2022-09-19 21:05:01.409 febs [main] INFO  o.s.c.s.PostProcessorRegistrationDelegate$BeanPostProcessorChecker - Bean 'org.springframework.boot.autoconfigure.jackson.JacksonAutoConfiguration$Jackson2ObjectMapperBuilderCustomizerConfiguration' of type [org.springframework.boot.autoconfigure.jackson.JacksonAutoConfiguration$Jackson2ObjectMapperBuilderCustomizerConfiguration$$EnhancerBySpringCGLIB$$30f36045] is not eligible for getting processed by all BeanPostProcessors (for example: not eligible for auto-proxying)
2022-09-19 21:05:01.416 febs [main] INFO  o.s.c.s.PostProcessorRegistrationDelegate$BeanPostProcessorChecker - Bean 'spring.jackson-org.springframework.boot.autoconfigure.jackson.JacksonProperties' of type [org.springframework.boot.autoconfigure.jackson.JacksonProperties] is not eligible for getting processed by all BeanPostProcessors (for example: not eligible for auto-proxying)
2022-09-19 21:05:01.420 febs [main] INFO  o.s.c.s.PostProcessorRegistrationDelegate$BeanPostProcessorChecker - Bean 'standardJacksonObjectMapperBuilderCustomizer' of type [org.springframework.boot.autoconfigure.jackson.JacksonAutoConfiguration$Jackson2ObjectMapperBuilderCustomizerConfiguration$StandardJackson2ObjectMapperBuilderCustomizer] is not eligible for getting processed by all BeanPostProcessors (for example: not eligible for auto-proxying)
2022-09-19 21:05:01.426 febs [main] INFO  o.s.c.s.PostProcessorRegistrationDelegate$BeanPostProcessorChecker - Bean 'org.springframework.boot.autoconfigure.jackson.JacksonAutoConfiguration$ParameterNamesModuleConfiguration' of type [org.springframework.boot.autoconfigure.jackson.JacksonAutoConfiguration$ParameterNamesModuleConfiguration$$EnhancerBySpringCGLIB$$57bed773] is not eligible for getting processed by all BeanPostProcessors (for example: not eligible for auto-proxying)
2022-09-19 21:05:01.433 febs [main] INFO  o.s.c.s.PostProcessorRegistrationDelegate$BeanPostProcessorChecker - Bean 'parameterNamesModule' of type [com.fasterxml.jackson.module.paramnames.ParameterNamesModule] is not eligible for getting processed by all BeanPostProcessors (for example: not eligible for auto-proxying)
2022-09-19 21:05:01.436 febs [main] INFO  o.s.c.s.PostProcessorRegistrationDelegate$BeanPostProcessorChecker - Bean 'org.springframework.boot.autoconfigure.jackson.JacksonAutoConfiguration' of type [org.springframework.boot.autoconfigure.jackson.JacksonAutoConfiguration$$EnhancerBySpringCGLIB$$a59b55cc] is not eligible for getting processed by all BeanPostProcessors (for example: not eligible for auto-proxying)
2022-09-19 21:05:01.457 febs [main] INFO  o.s.c.s.PostProcessorRegistrationDelegate$BeanPostProcessorChecker - Bean 'jsonComponentModule' of type [org.springframework.boot.jackson.JsonComponentModule] is not eligible for getting processed by all BeanPostProcessors (for example: not eligible for auto-proxying)
2022-09-19 21:05:01.460 febs [main] INFO  o.s.c.s.PostProcessorRegistrationDelegate$BeanPostProcessorChecker - Bean 'org.springframework.data.web.config.SpringDataJacksonConfiguration' of type [org.springframework.data.web.config.SpringDataJacksonConfiguration] is not eligible for getting processed by all BeanPostProcessors (for example: not eligible for auto-proxying)
2022-09-19 21:05:01.466 febs [main] INFO  o.s.c.s.PostProcessorRegistrationDelegate$BeanPostProcessorChecker - Bean 'jacksonGeoModule' of type [org.springframework.data.geo.GeoModule] is not eligible for getting processed by all BeanPostProcessors (for example: not eligible for auto-proxying)
2022-09-19 21:05:01.474 febs [main] INFO  o.s.c.s.PostProcessorRegistrationDelegate$BeanPostProcessorChecker - Bean 'jacksonObjectMapperBuilder' of type [org.springframework.http.converter.json.Jackson2ObjectMapperBuilder] is not eligible for getting processed by all BeanPostProcessors (for example: not eligible for auto-proxying)
2022-09-19 21:05:01.497 febs [main] INFO  o.s.c.s.PostProcessorRegistrationDelegate$BeanPostProcessorChecker - Bean 'jacksonObjectMapper' of type [com.fasterxml.jackson.databind.ObjectMapper] is not eligible for getting processed by all BeanPostProcessors (for example: not eligible for auto-proxying)
2022-09-19 21:05:01.530 febs [main] INFO  o.s.c.s.PostProcessorRegistrationDelegate$BeanPostProcessorChecker - Bean 'cacheService' of type [cc.mrbird.febs.common.service.impl.CacheServiceImpl] is not eligible for getting processed by all BeanPostProcessors (for example: not eligible for auto-proxying)
2022-09-19 21:05:01.535 febs [main] INFO  o.s.c.s.PostProcessorRegistrationDelegate$BeanPostProcessorChecker - Bean 'userManager' of type [cc.mrbird.febs.system.manager.UserManager] is not eligible for getting processed by all BeanPostProcessors (for example: not eligible for auto-proxying)
2022-09-19 21:05:01.536 febs [main] INFO  o.s.c.s.PostProcessorRegistrationDelegate$BeanPostProcessorChecker - Bean 'shiroRealm' of type [cc.mrbird.febs.common.authentication.ShiroRealm] is not eligible for getting processed by all BeanPostProcessors (for example: not eligible for auto-proxying)
2022-09-19 21:05:01.581 febs [main] INFO  o.s.c.s.PostProcessorRegistrationDelegate$BeanPostProcessorChecker - Bean 'securityManager' of type [org.apache.shiro.web.mgt.DefaultWebSecurityManager] is not eligible for getting processed by all BeanPostProcessors (for example: not eligible for auto-proxying)
2022-09-19 21:05:01.596 febs [main] INFO  o.s.c.s.PostProcessorRegistrationDelegate$BeanPostProcessorChecker - Bean 'authorizationAttributeSourceAdvisor' of type [org.apache.shiro.spring.security.interceptor.AuthorizationAttributeSourceAdvisor] is not eligible for getting processed by all BeanPostProcessors (for example: not eligible for auto-proxying)
2022-09-19 21:05:02.048 febs [main] INFO  o.s.b.w.e.tomcat.TomcatWebServer - Tomcat initialized with port(s): 9527 (http)
2022-09-19 21:05:02.062 febs [main] INFO  o.a.coyote.http11.Http11NioProtocol - Initializing ProtocolHandler ["http-nio-9527"]
2022-09-19 21:05:02.067 febs [main] INFO  o.a.catalina.core.StandardService - Starting service [Tomcat]
2022-09-19 21:05:02.067 febs [main] INFO  o.a.catalina.core.StandardEngine - Starting Servlet Engine: Apache Tomcat/9.0.12
2022-09-19 21:05:02.072 febs [main] INFO  o.a.c.core.AprLifecycleListener - The APR based Apache Tomcat Native library which allows optimal performance in production environments was not found on the java.library.path: [C:\Program Files\Java\jdk1.8.0_201\bin;C:\WINDOWS\Sun\Java\bin;C:\WINDOWS\system32;C:\WINDOWS;C:\Program Files (x86)\Common Files\Oracle\Java\javapath;C:\Windows\system32;C:\Windows;C:\Windows\System32\Wbem;C:\Windows\System32\WindowsPowerShell\v1.0\;C:\Windows\System32\OpenSSH\;C:\Program Files (x86)\dotnet\;D:\办公软件\Yarn\bin\;D:\办公软件\Xshell\;D:\办公软件\Xftp\;C:\WINDOWS\system32;C:\WINDOWS;C:\WINDOWS\System32\Wbem;C:\WINDOWS\System32\WindowsPowerShell\v1.0\;C:\WINDOWS\System32\OpenSSH\;C:\Program Files\Microsoft SQL Server\Client SDK\ODBC\170\Tools\Binn\;C:\Program Files (x86)\Microsoft SQL Server\150\Tools\Binn\;C:\Program Files\Microsoft SQL Server\150\Tools\Binn\;C:\Program Files\Microsoft SQL Server\150\DTS\Binn\;C:\Program Files (x86)\Microsoft SQL Server\150\DTS\Binn\;C:\Program Files\Azure Data Studio\bin;C:\Program Files\nodejs\;C:\Program Files (x86)\NVIDIA Corporation\PhysX\Common;C:\Program Files\NVIDIA Corporation\NVIDIA NvDLISR;D:\办公软件\Git\cmd;C:\Users\Administrator\AppData\Local\Microsoft\WindowsApps;C:\Users\Administrator\AppData\Local\Yarn\bin;D:\办公软件\Bandzip\;C:\Program Files\Azure Data Studio\bin;D:\Microsoft VS Code\bin;C:\Users\Administrator\AppData\Roaming\npm;.]
2022-09-19 21:05:02.267 febs [main] INFO  o.a.c.c.C.[Tomcat].[localhost].[/] - Initializing Spring embedded WebApplicationContext
2022-09-19 21:05:02.267 febs [main] INFO  o.s.web.context.ContextLoader - Root WebApplicationContext: initialization completed in 6499 ms
2022-09-19 21:05:02.923 febs [main] INFO  o.s.b.w.s.FilterRegistrationBean - Mapping filter: 'characterEncodingFilter' to: [/*]
2022-09-19 21:05:02.923 febs [main] INFO  o.s.b.w.s.FilterRegistrationBean - Mapping filter: 'webMvcMetricsFilter' to: [/*]
2022-09-19 21:05:02.923 febs [main] INFO  o.s.b.w.s.FilterRegistrationBean - Mapping filter: 'hiddenHttpMethodFilter' to: [/*]
2022-09-19 21:05:02.923 febs [main] INFO  o.s.b.w.s.FilterRegistrationBean - Mapping filter: 'formContentFilter' to: [/*]
2022-09-19 21:05:02.923 febs [main] INFO  o.s.b.w.s.FilterRegistrationBean - Mapping filter: 'requestContextFilter' to: [/*]
2022-09-19 21:05:02.923 febs [main] INFO  o.s.b.w.s.FilterRegistrationBean - Mapping filter: 'httpTraceFilter' to: [/*]
2022-09-19 21:05:02.923 febs [main] INFO  o.s.b.w.s.FilterRegistrationBean - Mapping filter: 'shiroFilterFactoryBean' to: [/*]
2022-09-19 21:05:02.923 febs [main] INFO  o.s.b.w.s.ServletRegistrationBean - Servlet dispatcherServlet mapped to [/]
2022-09-19 21:05:03.435 febs [main] INFO  org.quartz.impl.StdSchedulerFactory - Using default implementation for ThreadExecutor
2022-09-19 21:05:03.454 febs [main] INFO  o.quartz.core.SchedulerSignalerImpl - Initialized Scheduler Signaller of type: class org.quartz.core.SchedulerSignalerImpl
2022-09-19 21:05:03.454 febs [main] INFO  org.quartz.core.QuartzScheduler - Quartz Scheduler v.2.3.0 created.
2022-09-19 21:05:03.459 febs [main] INFO  o.s.s.quartz.LocalDataSourceJobStore - Using db table-based data access locking (synchronization).
2022-09-19 21:05:03.461 febs [main] INFO  o.s.s.quartz.LocalDataSourceJobStore - JobStoreCMT initialized.
2022-09-19 21:05:03.461 febs [main] INFO  org.quartz.core.QuartzScheduler - Scheduler meta-data: Quartz Scheduler (v2.3.0) 'MyScheduler' with instanceId 'WIN-ETS2DEK9JHC1663592703437'
  Scheduler class: 'org.quartz.core.QuartzScheduler' - running locally.
  NOT STARTED.
  Currently in standby mode.
  Number of jobs executed: 0
  Using thread pool 'org.quartz.simpl.SimpleThreadPool' - with 20 threads.
  Using job-store 'org.springframework.scheduling.quartz.LocalDataSourceJobStore' - which supports persistence. and is clustered.

2022-09-19 21:05:03.462 febs [main] INFO  org.quartz.impl.StdSchedulerFactory - Quartz scheduler 'MyScheduler' initialized from an externally provided properties instance.
2022-09-19 21:05:03.462 febs [main] INFO  org.quartz.impl.StdSchedulerFactory - Quartz scheduler version: 2.3.0
2022-09-19 21:05:03.463 febs [main] INFO  org.quartz.core.QuartzScheduler - JobFactory set to: org.springframework.scheduling.quartz.AdaptableJobFactory@7e1fb22c
2022-09-19 21:05:03.540 febs [main] INFO  p6spy - 2022-09-19 21:05:03 | 耗时 27 ms | SQL 语句：
select job_id jobId, bean_name beanName, method_name methodName, params, cron_expression cronExpression, status, remark, create_time createTime from t_job order by job_id;
2022-09-19 21:05:04.235 febs [main] INFO  o.s.s.c.ThreadPoolTaskExecutor - Initializing ExecutorService 'taskExecutor'
2022-09-19 21:05:05.691 febs [main] INFO  o.s.s.c.ThreadPoolTaskScheduler - Initializing ExecutorService 'taskScheduler'
2022-09-19 21:05:05.750 febs [main] INFO  o.s.b.a.e.web.EndpointLinksResolver - Exposing 2 endpoint(s) beneath base path '/actuator'
2022-09-19 21:05:05.842 febs [main] INFO  o.a.coyote.http11.Http11NioProtocol - Starting ProtocolHandler ["http-nio-9527"]
2022-09-19 21:05:05.852 febs [main] INFO  o.a.tomcat.util.net.NioSelectorPool - Using a shared selector for servlet write/read
2022-09-19 21:05:05.869 febs [main] INFO  o.s.b.w.e.tomcat.TomcatWebServer - Tomcat started on port(s): 9527 (http) with context path ''
2022-09-19 21:05:05.872 febs [main] INFO  cc.mrbird.febs.StoreApplication - Started StoreApplication in 10.849 seconds (JVM running for 13.849)
2022-09-19 21:05:05.884 febs [main] INFO  c.m.f.common.runner.CacheInitRunner - Redis连接中 ······
2022-09-19 21:05:07.914 febs [main] INFO  o.s.s.c.ThreadPoolTaskScheduler - Shutting down ExecutorService 'taskScheduler'
2022-09-19 21:05:07.921 febs [main] INFO  o.s.s.c.ThreadPoolTaskExecutor - Shutting down ExecutorService 'taskExecutor'
2022-09-19 21:05:07.921 febs [main] INFO  o.s.s.quartz.SchedulerFactoryBean - Shutting down Quartz Scheduler
2022-09-19 21:05:07.922 febs [main] INFO  org.quartz.core.QuartzScheduler - Scheduler MyScheduler_$_WIN-ETS2DEK9JHC1663592703437 shutting down.
2022-09-19 21:05:07.924 febs [main] INFO  org.quartz.core.QuartzScheduler - Scheduler MyScheduler_$_WIN-ETS2DEK9JHC1663592703437 paused.
2022-09-19 21:05:07.924 febs [main] INFO  org.quartz.core.QuartzScheduler - Scheduler MyScheduler_$_WIN-ETS2DEK9JHC1663592703437 shutdown complete.
2022-09-19 21:05:07.927 febs [main] INFO  c.b.d.d.DynamicRoutingDataSource - closing dynamicDatasource  ing....
2022-09-19 21:05:07.927 febs [main] INFO  com.zaxxer.hikari.HikariDataSource - primary - Shutdown initiated...
2022-09-19 21:05:07.936 febs [main] INFO  com.zaxxer.hikari.HikariDataSource - primary - Shutdown completed.
2022-09-19 21:05:25.356 febs [main] INFO  cc.mrbird.febs.StoreApplication - Starting StoreApplication on WIN-ETS2DEK9JHC with PID 15492 (started by Administrator in E:\Project\超商成本核算管理系统\store_cost\backend)
2022-09-19 21:05:25.360 febs [main] INFO  cc.mrbird.febs.StoreApplication - No active profile set, falling back to default profiles: default
2022-09-19 21:05:26.497 febs [main] INFO  o.s.d.r.c.RepositoryConfigurationDelegate - Multiple Spring Data modules found, entering strict repository configuration mode!
2022-09-19 21:05:26.499 febs [main] INFO  o.s.d.r.c.RepositoryConfigurationDelegate - Bootstrapping Spring Data repositories in DEFAULT mode.
2022-09-19 21:05:26.565 febs [main] INFO  o.s.d.r.c.RepositoryConfigurationDelegate - Finished Spring Data repository scanning in 52ms. Found 0 repository interfaces.
2022-09-19 21:05:26.947 febs [main] INFO  o.s.c.s.PostProcessorRegistrationDelegate$BeanPostProcessorChecker - Bean 'asyncExecutorPoolConfig' of type [cc.mrbird.febs.common.config.AsyncExecutorPoolConfig$$EnhancerBySpringCGLIB$$b39b3673] is not eligible for getting processed by all BeanPostProcessors (for example: not eligible for auto-proxying)
2022-09-19 21:05:27.094 febs [main] INFO  o.s.c.s.PostProcessorRegistrationDelegate$BeanPostProcessorChecker - Bean 'spring.datasource.dynamic-com.baomidou.dynamic.datasource.spring.boot.autoconfigure.DynamicDataSourceProperties' of type [com.baomidou.dynamic.datasource.spring.boot.autoconfigure.DynamicDataSourceProperties] is not eligible for getting processed by all BeanPostProcessors (for example: not eligible for auto-proxying)
2022-09-19 21:05:27.229 febs [main] INFO  o.s.c.s.PostProcessorRegistrationDelegate$BeanPostProcessorChecker - Bean 'com.baomidou.dynamic.datasource.spring.boot.autoconfigure.DynamicDataSourceAutoConfiguration' of type [com.baomidou.dynamic.datasource.spring.boot.autoconfigure.DynamicDataSourceAutoConfiguration$$EnhancerBySpringCGLIB$$8dea8217] is not eligible for getting processed by all BeanPostProcessors (for example: not eligible for auto-proxying)
2022-09-19 21:05:27.237 febs [main] INFO  o.s.c.s.PostProcessorRegistrationDelegate$BeanPostProcessorChecker - Bean 'dsProcessor' of type [com.baomidou.dynamic.datasource.processor.DsHeaderProcessor] is not eligible for getting processed by all BeanPostProcessors (for example: not eligible for auto-proxying)
2022-09-19 21:05:27.241 febs [main] INFO  o.s.c.s.PostProcessorRegistrationDelegate$BeanPostProcessorChecker - Bean 'dynamicDatasourceAnnotationAdvisor' of type [com.baomidou.dynamic.datasource.aop.DynamicDataSourceAnnotationAdvisor] is not eligible for getting processed by all BeanPostProcessors (for example: not eligible for auto-proxying)
2022-09-19 21:05:27.252 febs [main] INFO  o.s.c.s.PostProcessorRegistrationDelegate$BeanPostProcessorChecker - Bean 'org.springframework.transaction.annotation.ProxyTransactionManagementConfiguration' of type [org.springframework.transaction.annotation.ProxyTransactionManagementConfiguration$$EnhancerBySpringCGLIB$$245c1146] is not eligible for getting processed by all BeanPostProcessors (for example: not eligible for auto-proxying)
2022-09-19 21:05:27.268 febs [main] INFO  o.s.c.s.PostProcessorRegistrationDelegate$BeanPostProcessorChecker - Bean 'shiroConfig' of type [cc.mrbird.febs.common.authentication.ShiroConfig$$EnhancerBySpringCGLIB$$8fdc12ef] is not eligible for getting processed by all BeanPostProcessors (for example: not eligible for auto-proxying)
2022-09-19 21:05:27.629 febs [main] INFO  o.s.c.s.PostProcessorRegistrationDelegate$BeanPostProcessorChecker - Bean 'redisConfig' of type [cc.mrbird.febs.common.config.RedisConfig$$EnhancerBySpringCGLIB$$88a0ca43] is not eligible for getting processed by all BeanPostProcessors (for example: not eligible for auto-proxying)
2022-09-19 21:05:27.647 febs [main] INFO  o.s.c.s.PostProcessorRegistrationDelegate$BeanPostProcessorChecker - Bean 'redisPoolFactory' of type [redis.clients.jedis.JedisPool] is not eligible for getting processed by all BeanPostProcessors (for example: not eligible for auto-proxying)
2022-09-19 21:05:27.651 febs [main] INFO  o.s.c.s.PostProcessorRegistrationDelegate$BeanPostProcessorChecker - Bean 'redisService' of type [cc.mrbird.febs.common.service.impl.RedisServiceImpl] is not eligible for getting processed by all BeanPostProcessors (for example: not eligible for auto-proxying)
2022-09-19 21:05:27.730 febs [main] INFO  o.s.c.s.PostProcessorRegistrationDelegate$BeanPostProcessorChecker - Bean 'mybatis-plus-com.baomidou.mybatisplus.autoconfigure.MybatisPlusProperties' of type [com.baomidou.mybatisplus.autoconfigure.MybatisPlusProperties] is not eligible for getting processed by all BeanPostProcessors (for example: not eligible for auto-proxying)
2022-09-19 21:05:27.737 febs [main] INFO  o.s.c.s.PostProcessorRegistrationDelegate$BeanPostProcessorChecker - Bean 'mybatisPlusConfig' of type [cc.mrbird.febs.common.config.MybatisPlusConfig$$EnhancerBySpringCGLIB$$75e36d55] is not eligible for getting processed by all BeanPostProcessors (for example: not eligible for auto-proxying)
2022-09-19 21:05:27.740 febs [main] INFO  o.s.c.s.PostProcessorRegistrationDelegate$BeanPostProcessorChecker - Bean 'paginationInterceptor' of type [com.baomidou.mybatisplus.extension.plugins.PaginationInterceptor] is not eligible for getting processed by all BeanPostProcessors (for example: not eligible for auto-proxying)
2022-09-19 21:05:27.745 febs [main] INFO  o.s.c.s.PostProcessorRegistrationDelegate$BeanPostProcessorChecker - Bean 'com.baomidou.mybatisplus.autoconfigure.MybatisPlusAutoConfiguration' of type [com.baomidou.mybatisplus.autoconfigure.MybatisPlusAutoConfiguration$$EnhancerBySpringCGLIB$$62247de0] is not eligible for getting processed by all BeanPostProcessors (for example: not eligible for auto-proxying)
2022-09-19 21:05:27.753 febs [main] INFO  o.s.c.s.PostProcessorRegistrationDelegate$BeanPostProcessorChecker - Bean 'dynamicDataSourceCreator' of type [com.baomidou.dynamic.datasource.DynamicDataSourceCreator] is not eligible for getting processed by all BeanPostProcessors (for example: not eligible for auto-proxying)
2022-09-19 21:05:27.754 febs [main] INFO  o.s.c.s.PostProcessorRegistrationDelegate$BeanPostProcessorChecker - Bean 'dynamicDataSourceProvider' of type [com.baomidou.dynamic.datasource.provider.YmlDynamicDataSourceProvider] is not eligible for getting processed by all BeanPostProcessors (for example: not eligible for auto-proxying)
2022-09-19 21:05:27.757 febs [main] INFO  c.b.d.d.DynamicRoutingDataSource - 动态数据源-检测到并开启了p6spy
2022-09-19 21:05:27.764 febs [main] INFO  com.zaxxer.hikari.HikariDataSource - primary - Starting...
2022-09-19 21:05:27.934 febs [main] INFO  com.zaxxer.hikari.HikariDataSource - primary - Start completed.
2022-09-19 21:05:27.934 febs [main] INFO  c.b.d.d.DynamicRoutingDataSource - 初始共加载 1 个数据源
2022-09-19 21:05:27.934 febs [main] INFO  c.b.d.d.DynamicRoutingDataSource - 动态数据源-加载 primary 成功
2022-09-19 21:05:27.934 febs [main] INFO  c.b.d.d.DynamicRoutingDataSource - 当前的默认数据源是单数据源，数据源名为 primary
2022-09-19 21:05:27.934 febs [main] INFO  o.s.c.s.PostProcessorRegistrationDelegate$BeanPostProcessorChecker - Bean 'dataSource' of type [com.baomidou.dynamic.datasource.DynamicRoutingDataSource] is not eligible for getting processed by all BeanPostProcessors (for example: not eligible for auto-proxying)
2022-09-19 21:05:27.945 febs [main] INFO  o.s.c.s.PostProcessorRegistrationDelegate$BeanPostProcessorChecker - Bean 'spring.datasource-org.springframework.boot.autoconfigure.jdbc.DataSourceProperties' of type [org.springframework.boot.autoconfigure.jdbc.DataSourceProperties] is not eligible for getting processed by all BeanPostProcessors (for example: not eligible for auto-proxying)
2022-09-19 21:05:27.953 febs [main] INFO  o.s.c.s.PostProcessorRegistrationDelegate$BeanPostProcessorChecker - Bean 'org.springframework.boot.autoconfigure.jdbc.DataSourceInitializerInvoker' of type [org.springframework.boot.autoconfigure.jdbc.DataSourceInitializerInvoker] is not eligible for getting processed by all BeanPostProcessors (for example: not eligible for auto-proxying)
2022-09-19 21:05:28.578 febs [main] INFO  o.s.c.s.PostProcessorRegistrationDelegate$BeanPostProcessorChecker - Bean 'sqlSessionFactory' of type [org.apache.ibatis.session.defaults.DefaultSqlSessionFactory] is not eligible for getting processed by all BeanPostProcessors (for example: not eligible for auto-proxying)
2022-09-19 21:05:28.584 febs [main] INFO  o.s.c.s.PostProcessorRegistrationDelegate$BeanPostProcessorChecker - Bean 'sqlSessionTemplate' of type [org.mybatis.spring.SqlSessionTemplate] is not eligible for getting processed by all BeanPostProcessors (for example: not eligible for auto-proxying)
2022-09-19 21:05:28.586 febs [main] INFO  o.s.c.s.PostProcessorRegistrationDelegate$BeanPostProcessorChecker - Bean 'roleMapper' of type [org.mybatis.spring.mapper.MapperFactoryBean] is not eligible for getting processed by all BeanPostProcessors (for example: not eligible for auto-proxying)
2022-09-19 21:05:28.588 febs [main] INFO  o.s.c.s.PostProcessorRegistrationDelegate$BeanPostProcessorChecker - Bean 'roleMapper' of type [com.sun.proxy.$Proxy108] is not eligible for getting processed by all BeanPostProcessors (for example: not eligible for auto-proxying)
2022-09-19 21:05:28.617 febs [main] INFO  o.s.c.s.PostProcessorRegistrationDelegate$BeanPostProcessorChecker - Bean 'roleMenuMapper' of type [org.mybatis.spring.mapper.MapperFactoryBean] is not eligible for getting processed by all BeanPostProcessors (for example: not eligible for auto-proxying)
2022-09-19 21:05:28.618 febs [main] INFO  o.s.c.s.PostProcessorRegistrationDelegate$BeanPostProcessorChecker - Bean 'roleMenuMapper' of type [com.sun.proxy.$Proxy110] is not eligible for getting processed by all BeanPostProcessors (for example: not eligible for auto-proxying)
2022-09-19 21:05:28.625 febs [main] INFO  o.s.c.s.PostProcessorRegistrationDelegate$BeanPostProcessorChecker - Bean 'userRoleMapper' of type [org.mybatis.spring.mapper.MapperFactoryBean] is not eligible for getting processed by all BeanPostProcessors (for example: not eligible for auto-proxying)
2022-09-19 21:05:28.626 febs [main] INFO  o.s.c.s.PostProcessorRegistrationDelegate$BeanPostProcessorChecker - Bean 'userRoleMapper' of type [com.sun.proxy.$Proxy111] is not eligible for getting processed by all BeanPostProcessors (for example: not eligible for auto-proxying)
2022-09-19 21:05:28.627 febs [main] INFO  o.s.c.s.PostProcessorRegistrationDelegate$BeanPostProcessorChecker - Bean 'userRoleService' of type [cc.mrbird.febs.system.service.impl.UserRoleServiceImpl] is not eligible for getting processed by all BeanPostProcessors (for example: not eligible for auto-proxying)
2022-09-19 21:05:28.678 febs [main] INFO  o.s.c.s.PostProcessorRegistrationDelegate$BeanPostProcessorChecker - Bean 'roleMenuService' of type [cc.mrbird.febs.system.service.impl.RoleMenuServiceImpl] is not eligible for getting processed by all BeanPostProcessors (for example: not eligible for auto-proxying)
2022-09-19 21:05:28.697 febs [main] INFO  o.s.c.s.PostProcessorRegistrationDelegate$BeanPostProcessorChecker - Bean 'roleService' of type [cc.mrbird.febs.system.service.impl.RoleServiceImpl] is not eligible for getting processed by all BeanPostProcessors (for example: not eligible for auto-proxying)
2022-09-19 21:05:28.722 febs [main] INFO  o.s.c.s.PostProcessorRegistrationDelegate$BeanPostProcessorChecker - Bean 'menuMapper' of type [org.mybatis.spring.mapper.MapperFactoryBean] is not eligible for getting processed by all BeanPostProcessors (for example: not eligible for auto-proxying)
2022-09-19 21:05:28.724 febs [main] INFO  o.s.c.s.PostProcessorRegistrationDelegate$BeanPostProcessorChecker - Bean 'menuMapper' of type [com.sun.proxy.$Proxy115] is not eligible for getting processed by all BeanPostProcessors (for example: not eligible for auto-proxying)
2022-09-19 21:05:28.727 febs [main] INFO  o.s.c.s.PostProcessorRegistrationDelegate$BeanPostProcessorChecker - Bean 'menuService' of type [cc.mrbird.febs.system.service.impl.MenuServiceImpl] is not eligible for getting processed by all BeanPostProcessors (for example: not eligible for auto-proxying)
2022-09-19 21:05:28.748 febs [main] INFO  o.s.c.s.PostProcessorRegistrationDelegate$BeanPostProcessorChecker - Bean 'userMapper' of type [org.mybatis.spring.mapper.MapperFactoryBean] is not eligible for getting processed by all BeanPostProcessors (for example: not eligible for auto-proxying)
2022-09-19 21:05:28.749 febs [main] INFO  o.s.c.s.PostProcessorRegistrationDelegate$BeanPostProcessorChecker - Bean 'userMapper' of type [com.sun.proxy.$Proxy117] is not eligible for getting processed by all BeanPostProcessors (for example: not eligible for auto-proxying)
2022-09-19 21:05:28.781 febs [main] INFO  o.s.c.s.PostProcessorRegistrationDelegate$BeanPostProcessorChecker - Bean 'userConfigMapper' of type [org.mybatis.spring.mapper.MapperFactoryBean] is not eligible for getting processed by all BeanPostProcessors (for example: not eligible for auto-proxying)
2022-09-19 21:05:28.782 febs [main] INFO  o.s.c.s.PostProcessorRegistrationDelegate$BeanPostProcessorChecker - Bean 'userConfigMapper' of type [com.sun.proxy.$Proxy118] is not eligible for getting processed by all BeanPostProcessors (for example: not eligible for auto-proxying)
2022-09-19 21:05:28.785 febs [main] INFO  o.s.c.s.PostProcessorRegistrationDelegate$BeanPostProcessorChecker - Bean 'userConfigService' of type [cc.mrbird.febs.system.service.impl.UserConfigServiceImpl] is not eligible for getting processed by all BeanPostProcessors (for example: not eligible for auto-proxying)
2022-09-19 21:05:28.804 febs [main] INFO  o.s.c.s.PostProcessorRegistrationDelegate$BeanPostProcessorChecker - Bean 'userService' of type [cc.mrbird.febs.system.service.impl.UserServiceImpl] is not eligible for getting processed by all BeanPostProcessors (for example: not eligible for auto-proxying)
2022-09-19 21:05:28.824 febs [main] INFO  o.s.c.s.PostProcessorRegistrationDelegate$BeanPostProcessorChecker - Bean 'org.springframework.boot.autoconfigure.jackson.JacksonAutoConfiguration$JacksonObjectMapperConfiguration' of type [org.springframework.boot.autoconfigure.jackson.JacksonAutoConfiguration$JacksonObjectMapperConfiguration$$EnhancerBySpringCGLIB$$7fef90d7] is not eligible for getting processed by all BeanPostProcessors (for example: not eligible for auto-proxying)
2022-09-19 21:05:28.828 febs [main] INFO  o.s.c.s.PostProcessorRegistrationDelegate$BeanPostProcessorChecker - Bean 'org.springframework.boot.autoconfigure.jackson.JacksonAutoConfiguration$JacksonObjectMapperBuilderConfiguration' of type [org.springframework.boot.autoconfigure.jackson.JacksonAutoConfiguration$JacksonObjectMapperBuilderConfiguration$$EnhancerBySpringCGLIB$$323c52f0] is not eligible for getting processed by all BeanPostProcessors (for example: not eligible for auto-proxying)
2022-09-19 21:05:28.830 febs [main] INFO  o.s.c.s.PostProcessorRegistrationDelegate$BeanPostProcessorChecker - Bean 'org.springframework.boot.autoconfigure.jackson.JacksonAutoConfiguration$Jackson2ObjectMapperBuilderCustomizerConfiguration' of type [org.springframework.boot.autoconfigure.jackson.JacksonAutoConfiguration$Jackson2ObjectMapperBuilderCustomizerConfiguration$$EnhancerBySpringCGLIB$$ed5338df] is not eligible for getting processed by all BeanPostProcessors (for example: not eligible for auto-proxying)
2022-09-19 21:05:28.837 febs [main] INFO  o.s.c.s.PostProcessorRegistrationDelegate$BeanPostProcessorChecker - Bean 'spring.jackson-org.springframework.boot.autoconfigure.jackson.JacksonProperties' of type [org.springframework.boot.autoconfigure.jackson.JacksonProperties] is not eligible for getting processed by all BeanPostProcessors (for example: not eligible for auto-proxying)
2022-09-19 21:05:28.839 febs [main] INFO  o.s.c.s.PostProcessorRegistrationDelegate$BeanPostProcessorChecker - Bean 'standardJacksonObjectMapperBuilderCustomizer' of type [org.springframework.boot.autoconfigure.jackson.JacksonAutoConfiguration$Jackson2ObjectMapperBuilderCustomizerConfiguration$StandardJackson2ObjectMapperBuilderCustomizer] is not eligible for getting processed by all BeanPostProcessors (for example: not eligible for auto-proxying)
2022-09-19 21:05:28.844 febs [main] INFO  o.s.c.s.PostProcessorRegistrationDelegate$BeanPostProcessorChecker - Bean 'org.springframework.boot.autoconfigure.jackson.JacksonAutoConfiguration$ParameterNamesModuleConfiguration' of type [org.springframework.boot.autoconfigure.jackson.JacksonAutoConfiguration$ParameterNamesModuleConfiguration$$EnhancerBySpringCGLIB$$141eb00d] is not eligible for getting processed by all BeanPostProcessors (for example: not eligible for auto-proxying)
2022-09-19 21:05:28.849 febs [main] INFO  o.s.c.s.PostProcessorRegistrationDelegate$BeanPostProcessorChecker - Bean 'parameterNamesModule' of type [com.fasterxml.jackson.module.paramnames.ParameterNamesModule] is not eligible for getting processed by all BeanPostProcessors (for example: not eligible for auto-proxying)
2022-09-19 21:05:28.851 febs [main] INFO  o.s.c.s.PostProcessorRegistrationDelegate$BeanPostProcessorChecker - Bean 'org.springframework.boot.autoconfigure.jackson.JacksonAutoConfiguration' of type [org.springframework.boot.autoconfigure.jackson.JacksonAutoConfiguration$$EnhancerBySpringCGLIB$$61fb2e66] is not eligible for getting processed by all BeanPostProcessors (for example: not eligible for auto-proxying)
2022-09-19 21:05:28.861 febs [main] INFO  o.s.c.s.PostProcessorRegistrationDelegate$BeanPostProcessorChecker - Bean 'jsonComponentModule' of type [org.springframework.boot.jackson.JsonComponentModule] is not eligible for getting processed by all BeanPostProcessors (for example: not eligible for auto-proxying)
2022-09-19 21:05:28.862 febs [main] INFO  o.s.c.s.PostProcessorRegistrationDelegate$BeanPostProcessorChecker - Bean 'org.springframework.data.web.config.SpringDataJacksonConfiguration' of type [org.springframework.data.web.config.SpringDataJacksonConfiguration] is not eligible for getting processed by all BeanPostProcessors (for example: not eligible for auto-proxying)
2022-09-19 21:05:28.865 febs [main] INFO  o.s.c.s.PostProcessorRegistrationDelegate$BeanPostProcessorChecker - Bean 'jacksonGeoModule' of type [org.springframework.data.geo.GeoModule] is not eligible for getting processed by all BeanPostProcessors (for example: not eligible for auto-proxying)
2022-09-19 21:05:28.868 febs [main] INFO  o.s.c.s.PostProcessorRegistrationDelegate$BeanPostProcessorChecker - Bean 'jacksonObjectMapperBuilder' of type [org.springframework.http.converter.json.Jackson2ObjectMapperBuilder] is not eligible for getting processed by all BeanPostProcessors (for example: not eligible for auto-proxying)
2022-09-19 21:05:28.887 febs [main] INFO  o.s.c.s.PostProcessorRegistrationDelegate$BeanPostProcessorChecker - Bean 'jacksonObjectMapper' of type [com.fasterxml.jackson.databind.ObjectMapper] is not eligible for getting processed by all BeanPostProcessors (for example: not eligible for auto-proxying)
2022-09-19 21:05:28.903 febs [main] INFO  o.s.c.s.PostProcessorRegistrationDelegate$BeanPostProcessorChecker - Bean 'cacheService' of type [cc.mrbird.febs.common.service.impl.CacheServiceImpl] is not eligible for getting processed by all BeanPostProcessors (for example: not eligible for auto-proxying)
2022-09-19 21:05:28.909 febs [main] INFO  o.s.c.s.PostProcessorRegistrationDelegate$BeanPostProcessorChecker - Bean 'userManager' of type [cc.mrbird.febs.system.manager.UserManager] is not eligible for getting processed by all BeanPostProcessors (for example: not eligible for auto-proxying)
2022-09-19 21:05:28.909 febs [main] INFO  o.s.c.s.PostProcessorRegistrationDelegate$BeanPostProcessorChecker - Bean 'shiroRealm' of type [cc.mrbird.febs.common.authentication.ShiroRealm] is not eligible for getting processed by all BeanPostProcessors (for example: not eligible for auto-proxying)
2022-09-19 21:05:28.917 febs [main] INFO  o.s.c.s.PostProcessorRegistrationDelegate$BeanPostProcessorChecker - Bean 'securityManager' of type [org.apache.shiro.web.mgt.DefaultWebSecurityManager] is not eligible for getting processed by all BeanPostProcessors (for example: not eligible for auto-proxying)
2022-09-19 21:05:28.931 febs [main] INFO  o.s.c.s.PostProcessorRegistrationDelegate$BeanPostProcessorChecker - Bean 'authorizationAttributeSourceAdvisor' of type [org.apache.shiro.spring.security.interceptor.AuthorizationAttributeSourceAdvisor] is not eligible for getting processed by all BeanPostProcessors (for example: not eligible for auto-proxying)
2022-09-19 21:05:29.259 febs [main] INFO  o.s.b.w.e.tomcat.TomcatWebServer - Tomcat initialized with port(s): 9527 (http)
2022-09-19 21:05:29.270 febs [main] INFO  o.a.coyote.http11.Http11NioProtocol - Initializing ProtocolHandler ["http-nio-9527"]
2022-09-19 21:05:29.277 febs [main] INFO  o.a.catalina.core.StandardService - Starting service [Tomcat]
2022-09-19 21:05:29.277 febs [main] INFO  o.a.catalina.core.StandardEngine - Starting Servlet Engine: Apache Tomcat/9.0.12
2022-09-19 21:05:29.283 febs [main] INFO  o.a.c.core.AprLifecycleListener - The APR based Apache Tomcat Native library which allows optimal performance in production environments was not found on the java.library.path: [C:\Program Files\Java\jdk1.8.0_201\bin;C:\WINDOWS\Sun\Java\bin;C:\WINDOWS\system32;C:\WINDOWS;C:\Program Files (x86)\Common Files\Oracle\Java\javapath;C:\Windows\system32;C:\Windows;C:\Windows\System32\Wbem;C:\Windows\System32\WindowsPowerShell\v1.0\;C:\Windows\System32\OpenSSH\;C:\Program Files (x86)\dotnet\;D:\办公软件\Yarn\bin\;D:\办公软件\Xshell\;D:\办公软件\Xftp\;C:\WINDOWS\system32;C:\WINDOWS;C:\WINDOWS\System32\Wbem;C:\WINDOWS\System32\WindowsPowerShell\v1.0\;C:\WINDOWS\System32\OpenSSH\;C:\Program Files\Microsoft SQL Server\Client SDK\ODBC\170\Tools\Binn\;C:\Program Files (x86)\Microsoft SQL Server\150\Tools\Binn\;C:\Program Files\Microsoft SQL Server\150\Tools\Binn\;C:\Program Files\Microsoft SQL Server\150\DTS\Binn\;C:\Program Files (x86)\Microsoft SQL Server\150\DTS\Binn\;C:\Program Files\Azure Data Studio\bin;C:\Program Files\nodejs\;C:\Program Files (x86)\NVIDIA Corporation\PhysX\Common;C:\Program Files\NVIDIA Corporation\NVIDIA NvDLISR;D:\办公软件\Git\cmd;C:\Users\Administrator\AppData\Local\Microsoft\WindowsApps;C:\Users\Administrator\AppData\Local\Yarn\bin;D:\办公软件\Bandzip\;C:\Program Files\Azure Data Studio\bin;D:\Microsoft VS Code\bin;C:\Users\Administrator\AppData\Roaming\npm;.]
2022-09-19 21:05:29.409 febs [main] INFO  o.a.c.c.C.[Tomcat].[localhost].[/] - Initializing Spring embedded WebApplicationContext
2022-09-19 21:05:29.410 febs [main] INFO  o.s.web.context.ContextLoader - Root WebApplicationContext: initialization completed in 3974 ms
2022-09-19 21:05:29.971 febs [main] INFO  o.s.b.w.s.FilterRegistrationBean - Mapping filter: 'characterEncodingFilter' to: [/*]
2022-09-19 21:05:29.971 febs [main] INFO  o.s.b.w.s.FilterRegistrationBean - Mapping filter: 'webMvcMetricsFilter' to: [/*]
2022-09-19 21:05:29.971 febs [main] INFO  o.s.b.w.s.FilterRegistrationBean - Mapping filter: 'hiddenHttpMethodFilter' to: [/*]
2022-09-19 21:05:29.971 febs [main] INFO  o.s.b.w.s.FilterRegistrationBean - Mapping filter: 'formContentFilter' to: [/*]
2022-09-19 21:05:29.971 febs [main] INFO  o.s.b.w.s.FilterRegistrationBean - Mapping filter: 'requestContextFilter' to: [/*]
2022-09-19 21:05:29.971 febs [main] INFO  o.s.b.w.s.FilterRegistrationBean - Mapping filter: 'httpTraceFilter' to: [/*]
2022-09-19 21:05:29.971 febs [main] INFO  o.s.b.w.s.FilterRegistrationBean - Mapping filter: 'shiroFilterFactoryBean' to: [/*]
2022-09-19 21:05:29.971 febs [main] INFO  o.s.b.w.s.ServletRegistrationBean - Servlet dispatcherServlet mapped to [/]
2022-09-19 21:05:30.443 febs [main] INFO  org.quartz.impl.StdSchedulerFactory - Using default implementation for ThreadExecutor
2022-09-19 21:05:30.457 febs [main] INFO  o.quartz.core.SchedulerSignalerImpl - Initialized Scheduler Signaller of type: class org.quartz.core.SchedulerSignalerImpl
2022-09-19 21:05:30.458 febs [main] INFO  org.quartz.core.QuartzScheduler - Quartz Scheduler v.2.3.0 created.
2022-09-19 21:05:30.463 febs [main] INFO  o.s.s.quartz.LocalDataSourceJobStore - Using db table-based data access locking (synchronization).
2022-09-19 21:05:30.465 febs [main] INFO  o.s.s.quartz.LocalDataSourceJobStore - JobStoreCMT initialized.
2022-09-19 21:05:30.466 febs [main] INFO  org.quartz.core.QuartzScheduler - Scheduler meta-data: Quartz Scheduler (v2.3.0) 'MyScheduler' with instanceId 'WIN-ETS2DEK9JHC1663592730444'
  Scheduler class: 'org.quartz.core.QuartzScheduler' - running locally.
  NOT STARTED.
  Currently in standby mode.
  Number of jobs executed: 0
  Using thread pool 'org.quartz.simpl.SimpleThreadPool' - with 20 threads.
  Using job-store 'org.springframework.scheduling.quartz.LocalDataSourceJobStore' - which supports persistence. and is clustered.

2022-09-19 21:05:30.466 febs [main] INFO  org.quartz.impl.StdSchedulerFactory - Quartz scheduler 'MyScheduler' initialized from an externally provided properties instance.
2022-09-19 21:05:30.466 febs [main] INFO  org.quartz.impl.StdSchedulerFactory - Quartz scheduler version: 2.3.0
2022-09-19 21:05:30.468 febs [main] INFO  org.quartz.core.QuartzScheduler - JobFactory set to: org.springframework.scheduling.quartz.AdaptableJobFactory@75c15f76
2022-09-19 21:05:30.533 febs [main] INFO  p6spy - 2022-09-19 21:05:30 | 耗时 2 ms | SQL 语句：
select job_id jobId, bean_name beanName, method_name methodName, params, cron_expression cronExpression, status, remark, create_time createTime from t_job order by job_id;
2022-09-19 21:05:31.176 febs [main] INFO  o.s.s.c.ThreadPoolTaskExecutor - Initializing ExecutorService 'taskExecutor'
2022-09-19 21:05:32.563 febs [main] INFO  o.s.s.c.ThreadPoolTaskScheduler - Initializing ExecutorService 'taskScheduler'
2022-09-19 21:05:32.627 febs [main] INFO  o.s.b.a.e.web.EndpointLinksResolver - Exposing 2 endpoint(s) beneath base path '/actuator'
2022-09-19 21:05:32.727 febs [main] INFO  o.a.coyote.http11.Http11NioProtocol - Starting ProtocolHandler ["http-nio-9527"]
2022-09-19 21:05:32.737 febs [main] INFO  o.a.tomcat.util.net.NioSelectorPool - Using a shared selector for servlet write/read
2022-09-19 21:05:32.753 febs [main] INFO  o.s.b.w.e.tomcat.TomcatWebServer - Tomcat started on port(s): 9527 (http) with context path ''
2022-09-19 21:05:32.755 febs [main] INFO  cc.mrbird.febs.StoreApplication - Started StoreApplication in 7.988 seconds (JVM running for 9.033)
2022-09-19 21:05:32.764 febs [main] INFO  c.m.f.common.runner.CacheInitRunner - Redis连接中 ······
2022-09-19 21:05:32.837 febs [scheduling-1] INFO  cc.mrbird.febs.common.task.CacheTask - delete expired user
2022-09-19 21:05:32.837 febs [main] INFO  c.m.f.common.runner.CacheInitRunner - 缓存初始化 ······
2022-09-19 21:05:32.837 febs [main] INFO  c.m.f.common.runner.CacheInitRunner - 缓存用户数据 ······
2022-09-19 21:05:32.881 febs [main] INFO  p6spy - 2022-09-19 21:05:32 | 耗时 13 ms | SQL 语句：
SELECT USER_ID,username,password,dept_id,email,mobile,status,create_time,modify_time,last_login_time,ssex,description,avatar FROM t_user;
2022-09-19 21:05:32.924 febs [main] INFO  p6spy - 2022-09-19 21:05:32 | 耗时 38 ms | SQL 语句：
SELECT u.user_id userId, u.username, u.password, u.email, u.mobile, u. STATUS, u.create_time createTime, u.ssex, d.dept_id deptId, d.dept_name deptName, u.AVATAR, u.DESCRIPTION, u.LAST_LOGIN_TIME lastLoginTime, GROUP_CONCAT(r.role_id) roleId, GROUP_CONCAT(r.ROLE_NAME) roleName FROM t_user u LEFT JOIN t_dept d ON (u.dept_id = d.dept_id) LEFT JOIN t_user_role ur ON (u.user_id = ur.user_id) LEFT JOIN t_role r ON r.role_id = ur.role_id WHERE u.username = 'mrbird' group by u.username, u.user_id, u.password, u.email, u.mobile, u.STATUS, u.create_time, u.ssex, d.dept_id, d.dept_name, u.AVATAR, u.DESCRIPTION, u.LAST_LOGIN_TIME;
2022-09-19 21:05:32.994 febs [main] INFO  p6spy - 2022-09-19 21:05:32 | 耗时 1 ms | SQL 语句：
select r.* from t_role r left join t_user_role ur on (r.role_id = ur.role_id) left join t_user u on (u.user_id = ur.user_id) where u.username = 'mrbird';
2022-09-19 21:05:33.020 febs [main] INFO  p6spy - 2022-09-19 21:05:33 | 耗时 16 ms | SQL 语句：
select distinct m.perms from t_role r left join t_user_role ur on (r.role_id = ur.role_id) left join t_user u on (u.user_id = ur.user_id) left join t_role_menu rm on (rm.role_id = r.role_id) left join t_menu m on (m.menu_id = rm.menu_id) where u.username = 'mrbird' and m.perms is not null and m.perms <> '';
2022-09-19 21:05:33.035 febs [main] INFO  p6spy - 2022-09-19 21:05:33 | 耗时 7 ms | SQL 语句：
SELECT USER_ID,theme,layout,multi_page,fix_siderbar,fix_header,color FROM t_user_config WHERE USER_ID='1' ;
2022-09-19 21:05:33.039 febs [main] INFO  p6spy - 2022-09-19 21:05:33 | 耗时 1 ms | SQL 语句：
SELECT u.user_id userId, u.username, u.password, u.email, u.mobile, u. STATUS, u.create_time createTime, u.ssex, d.dept_id deptId, d.dept_name deptName, u.AVATAR, u.DESCRIPTION, u.LAST_LOGIN_TIME lastLoginTime, GROUP_CONCAT(r.role_id) roleId, GROUP_CONCAT(r.ROLE_NAME) roleName FROM t_user u LEFT JOIN t_dept d ON (u.dept_id = d.dept_id) LEFT JOIN t_user_role ur ON (u.user_id = ur.user_id) LEFT JOIN t_role r ON r.role_id = ur.role_id WHERE u.username = 'scott' group by u.username, u.user_id, u.password, u.email, u.mobile, u.STATUS, u.create_time, u.ssex, d.dept_id, d.dept_name, u.AVATAR, u.DESCRIPTION, u.LAST_LOGIN_TIME;
2022-09-19 21:05:33.042 febs [main] INFO  p6spy - 2022-09-19 21:05:33 | 耗时 0 ms | SQL 语句：
select r.* from t_role r left join t_user_role ur on (r.role_id = ur.role_id) left join t_user u on (u.user_id = ur.user_id) where u.username = 'scott';
2022-09-19 21:05:33.045 febs [main] INFO  p6spy - 2022-09-19 21:05:33 | 耗时 0 ms | SQL 语句：
select distinct m.perms from t_role r left join t_user_role ur on (r.role_id = ur.role_id) left join t_user u on (u.user_id = ur.user_id) left join t_role_menu rm on (rm.role_id = r.role_id) left join t_menu m on (m.menu_id = rm.menu_id) where u.username = 'scott' and m.perms is not null and m.perms <> '';
2022-09-19 21:05:33.047 febs [main] INFO  p6spy - 2022-09-19 21:05:33 | 耗时 0 ms | SQL 语句：
SELECT USER_ID,theme,layout,multi_page,fix_siderbar,fix_header,color FROM t_user_config WHERE USER_ID='2' ;
2022-09-19 21:05:33.050 febs [main] INFO  p6spy - 2022-09-19 21:05:33 | 耗时 0 ms | SQL 语句：
SELECT u.user_id userId, u.username, u.password, u.email, u.mobile, u. STATUS, u.create_time createTime, u.ssex, d.dept_id deptId, d.dept_name deptName, u.AVATAR, u.DESCRIPTION, u.LAST_LOGIN_TIME lastLoginTime, GROUP_CONCAT(r.role_id) roleId, GROUP_CONCAT(r.ROLE_NAME) roleName FROM t_user u LEFT JOIN t_dept d ON (u.dept_id = d.dept_id) LEFT JOIN t_user_role ur ON (u.user_id = ur.user_id) LEFT JOIN t_role r ON r.role_id = ur.role_id WHERE u.username = 'jack' group by u.username, u.user_id, u.password, u.email, u.mobile, u.STATUS, u.create_time, u.ssex, d.dept_id, d.dept_name, u.AVATAR, u.DESCRIPTION, u.LAST_LOGIN_TIME;
2022-09-19 21:05:33.053 febs [main] INFO  p6spy - 2022-09-19 21:05:33 | 耗时 0 ms | SQL 语句：
select r.* from t_role r left join t_user_role ur on (r.role_id = ur.role_id) left join t_user u on (u.user_id = ur.user_id) where u.username = 'jack';
2022-09-19 21:05:33.056 febs [main] INFO  p6spy - 2022-09-19 21:05:33 | 耗时 1 ms | SQL 语句：
select distinct m.perms from t_role r left join t_user_role ur on (r.role_id = ur.role_id) left join t_user u on (u.user_id = ur.user_id) left join t_role_menu rm on (rm.role_id = r.role_id) left join t_menu m on (m.menu_id = rm.menu_id) where u.username = 'jack' and m.perms is not null and m.perms <> '';
2022-09-19 21:05:33.058 febs [main] INFO  p6spy - 2022-09-19 21:05:33 | 耗时 0 ms | SQL 语句：
SELECT USER_ID,theme,layout,multi_page,fix_siderbar,fix_header,color FROM t_user_config WHERE USER_ID='12' ;
2022-09-19 21:05:33.060 febs [main] INFO  p6spy - 2022-09-19 21:05:33 | 耗时 1 ms | SQL 语句：
SELECT u.user_id userId, u.username, u.password, u.email, u.mobile, u. STATUS, u.create_time createTime, u.ssex, d.dept_id deptId, d.dept_name deptName, u.AVATAR, u.DESCRIPTION, u.LAST_LOGIN_TIME lastLoginTime, GROUP_CONCAT(r.role_id) roleId, GROUP_CONCAT(r.ROLE_NAME) roleName FROM t_user u LEFT JOIN t_dept d ON (u.dept_id = d.dept_id) LEFT JOIN t_user_role ur ON (u.user_id = ur.user_id) LEFT JOIN t_role r ON r.role_id = ur.role_id WHERE u.username = 'xiaoduan' group by u.username, u.user_id, u.password, u.email, u.mobile, u.STATUS, u.create_time, u.ssex, d.dept_id, d.dept_name, u.AVATAR, u.DESCRIPTION, u.LAST_LOGIN_TIME;
2022-09-19 21:05:33.064 febs [main] INFO  p6spy - 2022-09-19 21:05:33 | 耗时 0 ms | SQL 语句：
select r.* from t_role r left join t_user_role ur on (r.role_id = ur.role_id) left join t_user u on (u.user_id = ur.user_id) where u.username = 'xiaoduan';
2022-09-19 21:05:33.066 febs [main] INFO  p6spy - 2022-09-19 21:05:33 | 耗时 0 ms | SQL 语句：
select distinct m.perms from t_role r left join t_user_role ur on (r.role_id = ur.role_id) left join t_user u on (u.user_id = ur.user_id) left join t_role_menu rm on (rm.role_id = r.role_id) left join t_menu m on (m.menu_id = rm.menu_id) where u.username = 'xiaoduan' and m.perms is not null and m.perms <> '';
2022-09-19 21:05:33.068 febs [main] INFO  p6spy - 2022-09-19 21:05:33 | 耗时 0 ms | SQL 语句：
SELECT USER_ID,theme,layout,multi_page,fix_siderbar,fix_header,color FROM t_user_config WHERE USER_ID='13' ;
2022-09-19 21:05:33.069 febs [main] INFO  p6spy - 2022-09-19 21:05:33 | 耗时 0 ms | SQL 语句：
SELECT u.user_id userId, u.username, u.password, u.email, u.mobile, u. STATUS, u.create_time createTime, u.ssex, d.dept_id deptId, d.dept_name deptName, u.AVATAR, u.DESCRIPTION, u.LAST_LOGIN_TIME lastLoginTime, GROUP_CONCAT(r.role_id) roleId, GROUP_CONCAT(r.ROLE_NAME) roleName FROM t_user u LEFT JOIN t_dept d ON (u.dept_id = d.dept_id) LEFT JOIN t_user_role ur ON (u.user_id = ur.user_id) LEFT JOIN t_role r ON r.role_id = ur.role_id WHERE u.username = 'test' group by u.username, u.user_id, u.password, u.email, u.mobile, u.STATUS, u.create_time, u.ssex, d.dept_id, d.dept_name, u.AVATAR, u.DESCRIPTION, u.LAST_LOGIN_TIME;
2022-09-19 21:05:33.072 febs [main] INFO  p6spy - 2022-09-19 21:05:33 | 耗时 0 ms | SQL 语句：
select r.* from t_role r left join t_user_role ur on (r.role_id = ur.role_id) left join t_user u on (u.user_id = ur.user_id) where u.username = 'test';
2022-09-19 21:05:33.074 febs [main] INFO  p6spy - 2022-09-19 21:05:33 | 耗时 1 ms | SQL 语句：
select distinct m.perms from t_role r left join t_user_role ur on (r.role_id = ur.role_id) left join t_user u on (u.user_id = ur.user_id) left join t_role_menu rm on (rm.role_id = r.role_id) left join t_menu m on (m.menu_id = rm.menu_id) where u.username = 'test' and m.perms is not null and m.perms <> '';
2022-09-19 21:05:33.076 febs [main] INFO  p6spy - 2022-09-19 21:05:33 | 耗时 0 ms | SQL 语句：
SELECT USER_ID,theme,layout,multi_page,fix_siderbar,fix_header,color FROM t_user_config WHERE USER_ID='16' ;
2022-09-19 21:05:33.078 febs [main] INFO  p6spy - 2022-09-19 21:05:33 | 耗时 0 ms | SQL 语句：
SELECT u.user_id userId, u.username, u.password, u.email, u.mobile, u. STATUS, u.create_time createTime, u.ssex, d.dept_id deptId, d.dept_name deptName, u.AVATAR, u.DESCRIPTION, u.LAST_LOGIN_TIME lastLoginTime, GROUP_CONCAT(r.role_id) roleId, GROUP_CONCAT(r.ROLE_NAME) roleName FROM t_user u LEFT JOIN t_dept d ON (u.dept_id = d.dept_id) LEFT JOIN t_user_role ur ON (u.user_id = ur.user_id) LEFT JOIN t_role r ON r.role_id = ur.role_id WHERE u.username = 'ddmtest14' group by u.username, u.user_id, u.password, u.email, u.mobile, u.STATUS, u.create_time, u.ssex, d.dept_id, d.dept_name, u.AVATAR, u.DESCRIPTION, u.LAST_LOGIN_TIME;
2022-09-19 21:05:33.081 febs [main] INFO  p6spy - 2022-09-19 21:05:33 | 耗时 0 ms | SQL 语句：
select r.* from t_role r left join t_user_role ur on (r.role_id = ur.role_id) left join t_user u on (u.user_id = ur.user_id) where u.username = 'ddmtest14';
2022-09-19 21:05:33.082 febs [main] INFO  p6spy - 2022-09-19 21:05:33 | 耗时 0 ms | SQL 语句：
select distinct m.perms from t_role r left join t_user_role ur on (r.role_id = ur.role_id) left join t_user u on (u.user_id = ur.user_id) left join t_role_menu rm on (rm.role_id = r.role_id) left join t_menu m on (m.menu_id = rm.menu_id) where u.username = 'ddmtest14' and m.perms is not null and m.perms <> '';
2022-09-19 21:05:33.084 febs [main] INFO  p6spy - 2022-09-19 21:05:33 | 耗时 0 ms | SQL 语句：
SELECT USER_ID,theme,layout,multi_page,fix_siderbar,fix_header,color FROM t_user_config WHERE USER_ID='33' ;
2022-09-19 21:05:33.086 febs [main] INFO  p6spy - 2022-09-19 21:05:33 | 耗时 0 ms | SQL 语句：
SELECT u.user_id userId, u.username, u.password, u.email, u.mobile, u. STATUS, u.create_time createTime, u.ssex, d.dept_id deptId, d.dept_name deptName, u.AVATAR, u.DESCRIPTION, u.LAST_LOGIN_TIME lastLoginTime, GROUP_CONCAT(r.role_id) roleId, GROUP_CONCAT(r.ROLE_NAME) roleName FROM t_user u LEFT JOIN t_dept d ON (u.dept_id = d.dept_id) LEFT JOIN t_user_role ur ON (u.user_id = ur.user_id) LEFT JOIN t_role r ON r.role_id = ur.role_id WHERE u.username = 'test1' group by u.username, u.user_id, u.password, u.email, u.mobile, u.STATUS, u.create_time, u.ssex, d.dept_id, d.dept_name, u.AVATAR, u.DESCRIPTION, u.LAST_LOGIN_TIME;
2022-09-19 21:05:33.091 febs [main] INFO  p6spy - 2022-09-19 21:05:33 | 耗时 1 ms | SQL 语句：
select r.* from t_role r left join t_user_role ur on (r.role_id = ur.role_id) left join t_user u on (u.user_id = ur.user_id) where u.username = 'test1';
2022-09-19 21:05:33.094 febs [main] INFO  p6spy - 2022-09-19 21:05:33 | 耗时 0 ms | SQL 语句：
select distinct m.perms from t_role r left join t_user_role ur on (r.role_id = ur.role_id) left join t_user u on (u.user_id = ur.user_id) left join t_role_menu rm on (rm.role_id = r.role_id) left join t_menu m on (m.menu_id = rm.menu_id) where u.username = 'test1' and m.perms is not null and m.perms <> '';
2022-09-19 21:05:33.095 febs [main] INFO  p6spy - 2022-09-19 21:05:33 | 耗时 0 ms | SQL 语句：
SELECT USER_ID,theme,layout,multi_page,fix_siderbar,fix_header,color FROM t_user_config WHERE USER_ID='34' ;
2022-09-19 21:05:33.097 febs [main] INFO  p6spy - 2022-09-19 21:05:33 | 耗时 0 ms | SQL 语句：
SELECT u.user_id userId, u.username, u.password, u.email, u.mobile, u. STATUS, u.create_time createTime, u.ssex, d.dept_id deptId, d.dept_name deptName, u.AVATAR, u.DESCRIPTION, u.LAST_LOGIN_TIME lastLoginTime, GROUP_CONCAT(r.role_id) roleId, GROUP_CONCAT(r.ROLE_NAME) roleName FROM t_user u LEFT JOIN t_dept d ON (u.dept_id = d.dept_id) LEFT JOIN t_user_role ur ON (u.user_id = ur.user_id) LEFT JOIN t_role r ON r.role_id = ur.role_id WHERE u.username = 'admin' group by u.username, u.user_id, u.password, u.email, u.mobile, u.STATUS, u.create_time, u.ssex, d.dept_id, d.dept_name, u.AVATAR, u.DESCRIPTION, u.LAST_LOGIN_TIME;
2022-09-19 21:05:33.100 febs [main] INFO  p6spy - 2022-09-19 21:05:33 | 耗时 0 ms | SQL 语句：
select r.* from t_role r left join t_user_role ur on (r.role_id = ur.role_id) left join t_user u on (u.user_id = ur.user_id) where u.username = 'admin';
2022-09-19 21:05:33.102 febs [main] INFO  p6spy - 2022-09-19 21:05:33 | 耗时 1 ms | SQL 语句：
select distinct m.perms from t_role r left join t_user_role ur on (r.role_id = ur.role_id) left join t_user u on (u.user_id = ur.user_id) left join t_role_menu rm on (rm.role_id = r.role_id) left join t_menu m on (m.menu_id = rm.menu_id) where u.username = 'admin' and m.perms is not null and m.perms <> '';
2022-09-19 21:05:33.109 febs [main] INFO  p6spy - 2022-09-19 21:05:33 | 耗时 0 ms | SQL 语句：
SELECT USER_ID,theme,layout,multi_page,fix_siderbar,fix_header,color FROM t_user_config WHERE USER_ID='35' ;
2022-09-19 21:05:33.112 febs [main] INFO  p6spy - 2022-09-19 21:05:33 | 耗时 1 ms | SQL 语句：
SELECT u.user_id userId, u.username, u.password, u.email, u.mobile, u. STATUS, u.create_time createTime, u.ssex, d.dept_id deptId, d.dept_name deptName, u.AVATAR, u.DESCRIPTION, u.LAST_LOGIN_TIME lastLoginTime, GROUP_CONCAT(r.role_id) roleId, GROUP_CONCAT(r.ROLE_NAME) roleName FROM t_user u LEFT JOIN t_dept d ON (u.dept_id = d.dept_id) LEFT JOIN t_user_role ur ON (u.user_id = ur.user_id) LEFT JOIN t_role r ON r.role_id = ur.role_id WHERE u.username = 'test33333' group by u.username, u.user_id, u.password, u.email, u.mobile, u.STATUS, u.create_time, u.ssex, d.dept_id, d.dept_name, u.AVATAR, u.DESCRIPTION, u.LAST_LOGIN_TIME;
2022-09-19 21:05:33.114 febs [main] INFO  p6spy - 2022-09-19 21:05:33 | 耗时 0 ms | SQL 语句：
select r.* from t_role r left join t_user_role ur on (r.role_id = ur.role_id) left join t_user u on (u.user_id = ur.user_id) where u.username = 'test33333';
2022-09-19 21:05:33.117 febs [main] INFO  p6spy - 2022-09-19 21:05:33 | 耗时 0 ms | SQL 语句：
select distinct m.perms from t_role r left join t_user_role ur on (r.role_id = ur.role_id) left join t_user u on (u.user_id = ur.user_id) left join t_role_menu rm on (rm.role_id = r.role_id) left join t_menu m on (m.menu_id = rm.menu_id) where u.username = 'test33333' and m.perms is not null and m.perms <> '';
2022-09-19 21:05:33.118 febs [main] INFO  p6spy - 2022-09-19 21:05:33 | 耗时 0 ms | SQL 语句：
SELECT USER_ID,theme,layout,multi_page,fix_siderbar,fix_header,color FROM t_user_config WHERE USER_ID='36' ;
2022-09-19 21:05:33.119 febs [main] INFO  c.m.f.common.runner.StartedUpRunner -  __    ___   _      ___   _     ____ _____  ____ 
2022-09-19 21:05:33.119 febs [main] INFO  c.m.f.common.runner.StartedUpRunner - / /`  / / \ | |\/| | |_) | |   | |_   | |  | |_  
2022-09-19 21:05:33.119 febs [main] INFO  c.m.f.common.runner.StartedUpRunner - \_\_, \_\_/ |_|  | |_|   |_|__ |_|__  |_|  |_|__ 
2022-09-19 21:05:33.119 febs [main] INFO  c.m.f.common.runner.StartedUpRunner -                                                       
2022-09-19 21:05:33.119 febs [main] INFO  c.m.f.common.runner.StartedUpRunner - 启动完毕，时间：2022-09-19T21:05:33.119
2022-09-19 21:05:33.240 febs [RMI TCP Connection(3)-192.168.1.8] INFO  o.a.c.c.C.[Tomcat].[localhost].[/] - Initializing Spring DispatcherServlet 'dispatcherServlet'
2022-09-19 21:05:33.240 febs [RMI TCP Connection(3)-192.168.1.8] INFO  o.s.web.servlet.DispatcherServlet - Initializing Servlet 'dispatcherServlet'
2022-09-19 21:05:33.253 febs [RMI TCP Connection(3)-192.168.1.8] INFO  o.s.web.servlet.DispatcherServlet - Completed initialization in 13 ms
2022-09-19 21:05:33.608 febs [RMI TCP Connection(5)-192.168.1.8] INFO  p6spy - 2022-09-19 21:05:33 | 耗时 0 ms | SQL 语句：
/* ping */ SELECT 1;
2022-09-19 21:43:22.366 febs [Thread-19] INFO  o.s.s.c.ThreadPoolTaskScheduler - Shutting down ExecutorService 'taskScheduler'
2022-09-19 21:43:22.372 febs [Thread-19] INFO  o.s.s.c.ThreadPoolTaskExecutor - Shutting down ExecutorService 'taskExecutor'
2022-09-19 21:43:22.373 febs [Thread-19] INFO  o.s.s.quartz.SchedulerFactoryBean - Shutting down Quartz Scheduler
2022-09-19 21:43:22.373 febs [Thread-19] INFO  org.quartz.core.QuartzScheduler - Scheduler MyScheduler_$_WIN-ETS2DEK9JHC1663592730444 shutting down.
2022-09-19 21:43:22.373 febs [Thread-19] INFO  org.quartz.core.QuartzScheduler - Scheduler MyScheduler_$_WIN-ETS2DEK9JHC1663592730444 paused.
2022-09-19 21:43:22.374 febs [Thread-19] INFO  org.quartz.core.QuartzScheduler - Scheduler MyScheduler_$_WIN-ETS2DEK9JHC1663592730444 shutdown complete.
2022-09-19 21:43:22.379 febs [Thread-19] INFO  c.b.d.d.DynamicRoutingDataSource - closing dynamicDatasource  ing....
2022-09-19 21:43:22.380 febs [Thread-19] INFO  com.zaxxer.hikari.HikariDataSource - primary - Shutdown initiated...
2022-09-19 21:43:22.387 febs [Thread-19] INFO  com.zaxxer.hikari.HikariDataSource - primary - Shutdown completed.
