2022-09-12 08:46:10.527 febs [main] INFO  cc.mrbird.febs.StoreApplication - Starting StoreApplication on WIN-ETS2DEK9JHC with PID 11584 (started by Administrator in E:\Project\超商成本核算管理系统\store_cost\backend)
2022-09-12 08:46:10.530 febs [main] INFO  cc.mrbird.febs.StoreApplication - No active profile set, falling back to default profiles: default
2022-09-12 08:46:13.787 febs [main] INFO  o.s.d.r.c.RepositoryConfigurationDelegate - Multiple Spring Data modules found, entering strict repository configuration mode!
2022-09-12 08:46:13.790 febs [main] INFO  o.s.d.r.c.RepositoryConfigurationDelegate - Bootstrapping Spring Data repositories in DEFAULT mode.
2022-09-12 08:46:13.844 febs [main] INFO  o.s.d.r.c.RepositoryConfigurationDelegate - Finished Spring Data repository scanning in 37ms. Found 0 repository interfaces.
2022-09-12 08:46:14.160 febs [main] INFO  o.s.c.s.PostProcessorRegistrationDelegate$BeanPostProcessorChecker - Bean 'asyncExecutorPoolConfig' of type [cc.mrbird.febs.common.config.AsyncExecutorPoolConfig$$EnhancerBySpringCGLIB$$6efc2569] is not eligible for getting processed by all BeanPostProcessors (for example: not eligible for auto-proxying)
2022-09-12 08:46:14.299 febs [main] INFO  o.s.c.s.PostProcessorRegistrationDelegate$BeanPostProcessorChecker - Bean 'spring.datasource.dynamic-com.baomidou.dynamic.datasource.spring.boot.autoconfigure.DynamicDataSourceProperties' of type [com.baomidou.dynamic.datasource.spring.boot.autoconfigure.DynamicDataSourceProperties] is not eligible for getting processed by all BeanPostProcessors (for example: not eligible for auto-proxying)
2022-09-12 08:46:14.425 febs [main] INFO  o.s.c.s.PostProcessorRegistrationDelegate$BeanPostProcessorChecker - Bean 'com.baomidou.dynamic.datasource.spring.boot.autoconfigure.DynamicDataSourceAutoConfiguration' of type [com.baomidou.dynamic.datasource.spring.boot.autoconfigure.DynamicDataSourceAutoConfiguration$$EnhancerBySpringCGLIB$$494b710d] is not eligible for getting processed by all BeanPostProcessors (for example: not eligible for auto-proxying)
2022-09-12 08:46:14.434 febs [main] INFO  o.s.c.s.PostProcessorRegistrationDelegate$BeanPostProcessorChecker - Bean 'dsProcessor' of type [com.baomidou.dynamic.datasource.processor.DsHeaderProcessor] is not eligible for getting processed by all BeanPostProcessors (for example: not eligible for auto-proxying)
2022-09-12 08:46:14.437 febs [main] INFO  o.s.c.s.PostProcessorRegistrationDelegate$BeanPostProcessorChecker - Bean 'dynamicDatasourceAnnotationAdvisor' of type [com.baomidou.dynamic.datasource.aop.DynamicDataSourceAnnotationAdvisor] is not eligible for getting processed by all BeanPostProcessors (for example: not eligible for auto-proxying)
2022-09-12 08:46:14.450 febs [main] INFO  o.s.c.s.PostProcessorRegistrationDelegate$BeanPostProcessorChecker - Bean 'org.springframework.transaction.annotation.ProxyTransactionManagementConfiguration' of type [org.springframework.transaction.annotation.ProxyTransactionManagementConfiguration$$EnhancerBySpringCGLIB$$dfbd003c] is not eligible for getting processed by all BeanPostProcessors (for example: not eligible for auto-proxying)
2022-09-12 08:46:14.468 febs [main] INFO  o.s.c.s.PostProcessorRegistrationDelegate$BeanPostProcessorChecker - Bean 'shiroConfig' of type [cc.mrbird.febs.common.authentication.ShiroConfig$$EnhancerBySpringCGLIB$$4b3d01e5] is not eligible for getting processed by all BeanPostProcessors (for example: not eligible for auto-proxying)
2022-09-12 08:46:14.958 febs [main] INFO  o.s.c.s.PostProcessorRegistrationDelegate$BeanPostProcessorChecker - Bean 'redisConfig' of type [cc.mrbird.febs.common.config.RedisConfig$$EnhancerBySpringCGLIB$$4401b939] is not eligible for getting processed by all BeanPostProcessors (for example: not eligible for auto-proxying)
2022-09-12 08:46:14.979 febs [main] INFO  o.s.c.s.PostProcessorRegistrationDelegate$BeanPostProcessorChecker - Bean 'redisPoolFactory' of type [redis.clients.jedis.JedisPool] is not eligible for getting processed by all BeanPostProcessors (for example: not eligible for auto-proxying)
2022-09-12 08:46:14.983 febs [main] INFO  o.s.c.s.PostProcessorRegistrationDelegate$BeanPostProcessorChecker - Bean 'redisService' of type [cc.mrbird.febs.common.service.impl.RedisServiceImpl] is not eligible for getting processed by all BeanPostProcessors (for example: not eligible for auto-proxying)
2022-09-12 08:46:15.080 febs [main] INFO  o.s.c.s.PostProcessorRegistrationDelegate$BeanPostProcessorChecker - Bean 'mybatis-plus-com.baomidou.mybatisplus.autoconfigure.MybatisPlusProperties' of type [com.baomidou.mybatisplus.autoconfigure.MybatisPlusProperties] is not eligible for getting processed by all BeanPostProcessors (for example: not eligible for auto-proxying)
2022-09-12 08:46:15.086 febs [main] INFO  o.s.c.s.PostProcessorRegistrationDelegate$BeanPostProcessorChecker - Bean 'mybatisPlusConfig' of type [cc.mrbird.febs.common.config.MybatisPlusConfig$$EnhancerBySpringCGLIB$$31445c4b] is not eligible for getting processed by all BeanPostProcessors (for example: not eligible for auto-proxying)
2022-09-12 08:46:15.091 febs [main] INFO  o.s.c.s.PostProcessorRegistrationDelegate$BeanPostProcessorChecker - Bean 'paginationInterceptor' of type [com.baomidou.mybatisplus.extension.plugins.PaginationInterceptor] is not eligible for getting processed by all BeanPostProcessors (for example: not eligible for auto-proxying)
2022-09-12 08:46:15.096 febs [main] INFO  o.s.c.s.PostProcessorRegistrationDelegate$BeanPostProcessorChecker - Bean 'com.baomidou.mybatisplus.autoconfigure.MybatisPlusAutoConfiguration' of type [com.baomidou.mybatisplus.autoconfigure.MybatisPlusAutoConfiguration$$EnhancerBySpringCGLIB$$1d856cd6] is not eligible for getting processed by all BeanPostProcessors (for example: not eligible for auto-proxying)
2022-09-12 08:46:15.103 febs [main] INFO  o.s.c.s.PostProcessorRegistrationDelegate$BeanPostProcessorChecker - Bean 'dynamicDataSourceCreator' of type [com.baomidou.dynamic.datasource.DynamicDataSourceCreator] is not eligible for getting processed by all BeanPostProcessors (for example: not eligible for auto-proxying)
2022-09-12 08:46:15.105 febs [main] INFO  o.s.c.s.PostProcessorRegistrationDelegate$BeanPostProcessorChecker - Bean 'dynamicDataSourceProvider' of type [com.baomidou.dynamic.datasource.provider.YmlDynamicDataSourceProvider] is not eligible for getting processed by all BeanPostProcessors (for example: not eligible for auto-proxying)
2022-09-12 08:46:15.107 febs [main] INFO  c.b.d.d.DynamicRoutingDataSource - 动态数据源-检测到并开启了p6spy
2022-09-12 08:46:15.116 febs [main] INFO  com.zaxxer.hikari.HikariDataSource - primary - Starting...
2022-09-12 08:46:15.383 febs [main] INFO  com.zaxxer.hikari.HikariDataSource - primary - Start completed.
2022-09-12 08:46:15.384 febs [main] INFO  c.b.d.d.DynamicRoutingDataSource - 初始共加载 1 个数据源
2022-09-12 08:46:15.384 febs [main] INFO  c.b.d.d.DynamicRoutingDataSource - 动态数据源-加载 primary 成功
2022-09-12 08:46:15.384 febs [main] INFO  c.b.d.d.DynamicRoutingDataSource - 当前的默认数据源是单数据源，数据源名为 primary
2022-09-12 08:46:15.384 febs [main] INFO  o.s.c.s.PostProcessorRegistrationDelegate$BeanPostProcessorChecker - Bean 'dataSource' of type [com.baomidou.dynamic.datasource.DynamicRoutingDataSource] is not eligible for getting processed by all BeanPostProcessors (for example: not eligible for auto-proxying)
2022-09-12 08:46:15.394 febs [main] INFO  o.s.c.s.PostProcessorRegistrationDelegate$BeanPostProcessorChecker - Bean 'spring.datasource-org.springframework.boot.autoconfigure.jdbc.DataSourceProperties' of type [org.springframework.boot.autoconfigure.jdbc.DataSourceProperties] is not eligible for getting processed by all BeanPostProcessors (for example: not eligible for auto-proxying)
2022-09-12 08:46:15.401 febs [main] INFO  o.s.c.s.PostProcessorRegistrationDelegate$BeanPostProcessorChecker - Bean 'org.springframework.boot.autoconfigure.jdbc.DataSourceInitializerInvoker' of type [org.springframework.boot.autoconfigure.jdbc.DataSourceInitializerInvoker] is not eligible for getting processed by all BeanPostProcessors (for example: not eligible for auto-proxying)
2022-09-12 08:46:16.101 febs [main] INFO  o.s.c.s.PostProcessorRegistrationDelegate$BeanPostProcessorChecker - Bean 'sqlSessionFactory' of type [org.apache.ibatis.session.defaults.DefaultSqlSessionFactory] is not eligible for getting processed by all BeanPostProcessors (for example: not eligible for auto-proxying)
2022-09-12 08:46:16.106 febs [main] INFO  o.s.c.s.PostProcessorRegistrationDelegate$BeanPostProcessorChecker - Bean 'sqlSessionTemplate' of type [org.mybatis.spring.SqlSessionTemplate] is not eligible for getting processed by all BeanPostProcessors (for example: not eligible for auto-proxying)
2022-09-12 08:46:16.109 febs [main] INFO  o.s.c.s.PostProcessorRegistrationDelegate$BeanPostProcessorChecker - Bean 'roleMapper' of type [org.mybatis.spring.mapper.MapperFactoryBean] is not eligible for getting processed by all BeanPostProcessors (for example: not eligible for auto-proxying)
2022-09-12 08:46:16.111 febs [main] INFO  o.s.c.s.PostProcessorRegistrationDelegate$BeanPostProcessorChecker - Bean 'roleMapper' of type [com.sun.proxy.$Proxy107] is not eligible for getting processed by all BeanPostProcessors (for example: not eligible for auto-proxying)
2022-09-12 08:46:16.131 febs [main] INFO  o.s.c.s.PostProcessorRegistrationDelegate$BeanPostProcessorChecker - Bean 'roleMenuMapper' of type [org.mybatis.spring.mapper.MapperFactoryBean] is not eligible for getting processed by all BeanPostProcessors (for example: not eligible for auto-proxying)
2022-09-12 08:46:16.132 febs [main] INFO  o.s.c.s.PostProcessorRegistrationDelegate$BeanPostProcessorChecker - Bean 'roleMenuMapper' of type [com.sun.proxy.$Proxy109] is not eligible for getting processed by all BeanPostProcessors (for example: not eligible for auto-proxying)
2022-09-12 08:46:16.138 febs [main] INFO  o.s.c.s.PostProcessorRegistrationDelegate$BeanPostProcessorChecker - Bean 'userRoleMapper' of type [org.mybatis.spring.mapper.MapperFactoryBean] is not eligible for getting processed by all BeanPostProcessors (for example: not eligible for auto-proxying)
2022-09-12 08:46:16.138 febs [main] INFO  o.s.c.s.PostProcessorRegistrationDelegate$BeanPostProcessorChecker - Bean 'userRoleMapper' of type [com.sun.proxy.$Proxy110] is not eligible for getting processed by all BeanPostProcessors (for example: not eligible for auto-proxying)
2022-09-12 08:46:16.139 febs [main] INFO  o.s.c.s.PostProcessorRegistrationDelegate$BeanPostProcessorChecker - Bean 'userRoleService' of type [cc.mrbird.febs.system.service.impl.UserRoleServiceImpl] is not eligible for getting processed by all BeanPostProcessors (for example: not eligible for auto-proxying)
2022-09-12 08:46:16.179 febs [main] INFO  o.s.c.s.PostProcessorRegistrationDelegate$BeanPostProcessorChecker - Bean 'roleMenuService' of type [cc.mrbird.febs.system.service.impl.RoleMenuServiceImpl] is not eligible for getting processed by all BeanPostProcessors (for example: not eligible for auto-proxying)
2022-09-12 08:46:16.196 febs [main] INFO  o.s.c.s.PostProcessorRegistrationDelegate$BeanPostProcessorChecker - Bean 'roleService' of type [cc.mrbird.febs.system.service.impl.RoleServiceImpl] is not eligible for getting processed by all BeanPostProcessors (for example: not eligible for auto-proxying)
2022-09-12 08:46:16.220 febs [main] INFO  o.s.c.s.PostProcessorRegistrationDelegate$BeanPostProcessorChecker - Bean 'menuMapper' of type [org.mybatis.spring.mapper.MapperFactoryBean] is not eligible for getting processed by all BeanPostProcessors (for example: not eligible for auto-proxying)
2022-09-12 08:46:16.221 febs [main] INFO  o.s.c.s.PostProcessorRegistrationDelegate$BeanPostProcessorChecker - Bean 'menuMapper' of type [com.sun.proxy.$Proxy114] is not eligible for getting processed by all BeanPostProcessors (for example: not eligible for auto-proxying)
2022-09-12 08:46:16.223 febs [main] INFO  o.s.c.s.PostProcessorRegistrationDelegate$BeanPostProcessorChecker - Bean 'menuService' of type [cc.mrbird.febs.system.service.impl.MenuServiceImpl] is not eligible for getting processed by all BeanPostProcessors (for example: not eligible for auto-proxying)
2022-09-12 08:46:16.243 febs [main] INFO  o.s.c.s.PostProcessorRegistrationDelegate$BeanPostProcessorChecker - Bean 'userMapper' of type [org.mybatis.spring.mapper.MapperFactoryBean] is not eligible for getting processed by all BeanPostProcessors (for example: not eligible for auto-proxying)
2022-09-12 08:46:16.245 febs [main] INFO  o.s.c.s.PostProcessorRegistrationDelegate$BeanPostProcessorChecker - Bean 'userMapper' of type [com.sun.proxy.$Proxy116] is not eligible for getting processed by all BeanPostProcessors (for example: not eligible for auto-proxying)
2022-09-12 08:46:16.269 febs [main] INFO  o.s.c.s.PostProcessorRegistrationDelegate$BeanPostProcessorChecker - Bean 'userConfigMapper' of type [org.mybatis.spring.mapper.MapperFactoryBean] is not eligible for getting processed by all BeanPostProcessors (for example: not eligible for auto-proxying)
2022-09-12 08:46:16.271 febs [main] INFO  o.s.c.s.PostProcessorRegistrationDelegate$BeanPostProcessorChecker - Bean 'userConfigMapper' of type [com.sun.proxy.$Proxy117] is not eligible for getting processed by all BeanPostProcessors (for example: not eligible for auto-proxying)
2022-09-12 08:46:16.274 febs [main] INFO  o.s.c.s.PostProcessorRegistrationDelegate$BeanPostProcessorChecker - Bean 'userConfigService' of type [cc.mrbird.febs.system.service.impl.UserConfigServiceImpl] is not eligible for getting processed by all BeanPostProcessors (for example: not eligible for auto-proxying)
2022-09-12 08:46:16.292 febs [main] INFO  o.s.c.s.PostProcessorRegistrationDelegate$BeanPostProcessorChecker - Bean 'userService' of type [cc.mrbird.febs.system.service.impl.UserServiceImpl] is not eligible for getting processed by all BeanPostProcessors (for example: not eligible for auto-proxying)
2022-09-12 08:46:16.319 febs [main] INFO  o.s.c.s.PostProcessorRegistrationDelegate$BeanPostProcessorChecker - Bean 'org.springframework.boot.autoconfigure.jackson.JacksonAutoConfiguration$JacksonObjectMapperConfiguration' of type [org.springframework.boot.autoconfigure.jackson.JacksonAutoConfiguration$JacksonObjectMapperConfiguration$$EnhancerBySpringCGLIB$$3b507fcd] is not eligible for getting processed by all BeanPostProcessors (for example: not eligible for auto-proxying)
2022-09-12 08:46:16.322 febs [main] INFO  o.s.c.s.PostProcessorRegistrationDelegate$BeanPostProcessorChecker - Bean 'org.springframework.boot.autoconfigure.jackson.JacksonAutoConfiguration$JacksonObjectMapperBuilderConfiguration' of type [org.springframework.boot.autoconfigure.jackson.JacksonAutoConfiguration$JacksonObjectMapperBuilderConfiguration$$EnhancerBySpringCGLIB$$ed9d41e6] is not eligible for getting processed by all BeanPostProcessors (for example: not eligible for auto-proxying)
2022-09-12 08:46:16.324 febs [main] INFO  o.s.c.s.PostProcessorRegistrationDelegate$BeanPostProcessorChecker - Bean 'org.springframework.boot.autoconfigure.jackson.JacksonAutoConfiguration$Jackson2ObjectMapperBuilderCustomizerConfiguration' of type [org.springframework.boot.autoconfigure.jackson.JacksonAutoConfiguration$Jackson2ObjectMapperBuilderCustomizerConfiguration$$EnhancerBySpringCGLIB$$a8b427d5] is not eligible for getting processed by all BeanPostProcessors (for example: not eligible for auto-proxying)
2022-09-12 08:46:16.330 febs [main] INFO  o.s.c.s.PostProcessorRegistrationDelegate$BeanPostProcessorChecker - Bean 'spring.jackson-org.springframework.boot.autoconfigure.jackson.JacksonProperties' of type [org.springframework.boot.autoconfigure.jackson.JacksonProperties] is not eligible for getting processed by all BeanPostProcessors (for example: not eligible for auto-proxying)
2022-09-12 08:46:16.332 febs [main] INFO  o.s.c.s.PostProcessorRegistrationDelegate$BeanPostProcessorChecker - Bean 'standardJacksonObjectMapperBuilderCustomizer' of type [org.springframework.boot.autoconfigure.jackson.JacksonAutoConfiguration$Jackson2ObjectMapperBuilderCustomizerConfiguration$StandardJackson2ObjectMapperBuilderCustomizer] is not eligible for getting processed by all BeanPostProcessors (for example: not eligible for auto-proxying)
2022-09-12 08:46:16.338 febs [main] INFO  o.s.c.s.PostProcessorRegistrationDelegate$BeanPostProcessorChecker - Bean 'org.springframework.boot.autoconfigure.jackson.JacksonAutoConfiguration$ParameterNamesModuleConfiguration' of type [org.springframework.boot.autoconfigure.jackson.JacksonAutoConfiguration$ParameterNamesModuleConfiguration$$EnhancerBySpringCGLIB$$cf7f9f03] is not eligible for getting processed by all BeanPostProcessors (for example: not eligible for auto-proxying)
2022-09-12 08:46:16.342 febs [main] INFO  o.s.c.s.PostProcessorRegistrationDelegate$BeanPostProcessorChecker - Bean 'parameterNamesModule' of type [com.fasterxml.jackson.module.paramnames.ParameterNamesModule] is not eligible for getting processed by all BeanPostProcessors (for example: not eligible for auto-proxying)
2022-09-12 08:46:16.344 febs [main] INFO  o.s.c.s.PostProcessorRegistrationDelegate$BeanPostProcessorChecker - Bean 'org.springframework.boot.autoconfigure.jackson.JacksonAutoConfiguration' of type [org.springframework.boot.autoconfigure.jackson.JacksonAutoConfiguration$$EnhancerBySpringCGLIB$$1d5c1d5c] is not eligible for getting processed by all BeanPostProcessors (for example: not eligible for auto-proxying)
2022-09-12 08:46:16.355 febs [main] INFO  o.s.c.s.PostProcessorRegistrationDelegate$BeanPostProcessorChecker - Bean 'jsonComponentModule' of type [org.springframework.boot.jackson.JsonComponentModule] is not eligible for getting processed by all BeanPostProcessors (for example: not eligible for auto-proxying)
2022-09-12 08:46:16.356 febs [main] INFO  o.s.c.s.PostProcessorRegistrationDelegate$BeanPostProcessorChecker - Bean 'org.springframework.data.web.config.SpringDataJacksonConfiguration' of type [org.springframework.data.web.config.SpringDataJacksonConfiguration] is not eligible for getting processed by all BeanPostProcessors (for example: not eligible for auto-proxying)
2022-09-12 08:46:16.360 febs [main] INFO  o.s.c.s.PostProcessorRegistrationDelegate$BeanPostProcessorChecker - Bean 'jacksonGeoModule' of type [org.springframework.data.geo.GeoModule] is not eligible for getting processed by all BeanPostProcessors (for example: not eligible for auto-proxying)
2022-09-12 08:46:16.363 febs [main] INFO  o.s.c.s.PostProcessorRegistrationDelegate$BeanPostProcessorChecker - Bean 'jacksonObjectMapperBuilder' of type [org.springframework.http.converter.json.Jackson2ObjectMapperBuilder] is not eligible for getting processed by all BeanPostProcessors (for example: not eligible for auto-proxying)
2022-09-12 08:46:16.381 febs [main] INFO  o.s.c.s.PostProcessorRegistrationDelegate$BeanPostProcessorChecker - Bean 'jacksonObjectMapper' of type [com.fasterxml.jackson.databind.ObjectMapper] is not eligible for getting processed by all BeanPostProcessors (for example: not eligible for auto-proxying)
2022-09-12 08:46:16.395 febs [main] INFO  o.s.c.s.PostProcessorRegistrationDelegate$BeanPostProcessorChecker - Bean 'cacheService' of type [cc.mrbird.febs.common.service.impl.CacheServiceImpl] is not eligible for getting processed by all BeanPostProcessors (for example: not eligible for auto-proxying)
2022-09-12 08:46:16.398 febs [main] INFO  o.s.c.s.PostProcessorRegistrationDelegate$BeanPostProcessorChecker - Bean 'userManager' of type [cc.mrbird.febs.system.manager.UserManager] is not eligible for getting processed by all BeanPostProcessors (for example: not eligible for auto-proxying)
2022-09-12 08:46:16.399 febs [main] INFO  o.s.c.s.PostProcessorRegistrationDelegate$BeanPostProcessorChecker - Bean 'shiroRealm' of type [cc.mrbird.febs.common.authentication.ShiroRealm] is not eligible for getting processed by all BeanPostProcessors (for example: not eligible for auto-proxying)
2022-09-12 08:46:16.405 febs [main] INFO  o.s.c.s.PostProcessorRegistrationDelegate$BeanPostProcessorChecker - Bean 'securityManager' of type [org.apache.shiro.web.mgt.DefaultWebSecurityManager] is not eligible for getting processed by all BeanPostProcessors (for example: not eligible for auto-proxying)
2022-09-12 08:46:16.417 febs [main] INFO  o.s.c.s.PostProcessorRegistrationDelegate$BeanPostProcessorChecker - Bean 'authorizationAttributeSourceAdvisor' of type [org.apache.shiro.spring.security.interceptor.AuthorizationAttributeSourceAdvisor] is not eligible for getting processed by all BeanPostProcessors (for example: not eligible for auto-proxying)
2022-09-12 08:46:16.789 febs [main] INFO  o.s.b.w.e.tomcat.TomcatWebServer - Tomcat initialized with port(s): 9527 (http)
2022-09-12 08:46:16.801 febs [main] INFO  o.a.coyote.http11.Http11NioProtocol - Initializing ProtocolHandler ["http-nio-9527"]
2022-09-12 08:46:16.807 febs [main] INFO  o.a.catalina.core.StandardService - Starting service [Tomcat]
2022-09-12 08:46:16.807 febs [main] INFO  o.a.catalina.core.StandardEngine - Starting Servlet Engine: Apache Tomcat/9.0.12
2022-09-12 08:46:16.811 febs [main] INFO  o.a.c.core.AprLifecycleListener - The APR based Apache Tomcat Native library which allows optimal performance in production environments was not found on the java.library.path: [C:\Program Files\Java\jdk1.8.0_201\bin;C:\WINDOWS\Sun\Java\bin;C:\WINDOWS\system32;C:\WINDOWS;C:\Program Files (x86)\Common Files\Oracle\Java\javapath;C:\Windows\system32;C:\Windows;C:\Windows\System32\Wbem;C:\Windows\System32\WindowsPowerShell\v1.0\;C:\Windows\System32\OpenSSH\;C:\Program Files (x86)\dotnet\;D:\办公软件\Yarn\bin\;D:\办公软件\Xshell\;D:\办公软件\Xftp\;C:\WINDOWS\system32;C:\WINDOWS;C:\WINDOWS\System32\Wbem;C:\WINDOWS\System32\WindowsPowerShell\v1.0\;C:\WINDOWS\System32\OpenSSH\;C:\Program Files\Microsoft SQL Server\Client SDK\ODBC\170\Tools\Binn\;C:\Program Files (x86)\Microsoft SQL Server\150\Tools\Binn\;C:\Program Files\Microsoft SQL Server\150\Tools\Binn\;C:\Program Files\Microsoft SQL Server\150\DTS\Binn\;C:\Program Files (x86)\Microsoft SQL Server\150\DTS\Binn\;C:\Program Files\Azure Data Studio\bin;C:\Program Files\nodejs\;C:\Program Files (x86)\NVIDIA Corporation\PhysX\Common;C:\Program Files\NVIDIA Corporation\NVIDIA NvDLISR;D:\办公软件\Git\cmd;C:\Users\Administrator\AppData\Local\Microsoft\WindowsApps;C:\Users\Administrator\AppData\Local\Yarn\bin;D:\办公软件\Bandzip\;C:\Program Files\Azure Data Studio\bin;D:\Microsoft VS Code\bin;C:\Users\Administrator\AppData\Roaming\npm;.]
2022-09-12 08:46:16.972 febs [main] INFO  o.a.c.c.C.[Tomcat].[localhost].[/] - Initializing Spring embedded WebApplicationContext
2022-09-12 08:46:16.972 febs [main] INFO  o.s.web.context.ContextLoader - Root WebApplicationContext: initialization completed in 6387 ms
2022-09-12 08:46:17.500 febs [main] INFO  o.s.b.w.s.FilterRegistrationBean - Mapping filter: 'characterEncodingFilter' to: [/*]
2022-09-12 08:46:17.501 febs [main] INFO  o.s.b.w.s.FilterRegistrationBean - Mapping filter: 'webMvcMetricsFilter' to: [/*]
2022-09-12 08:46:17.501 febs [main] INFO  o.s.b.w.s.FilterRegistrationBean - Mapping filter: 'hiddenHttpMethodFilter' to: [/*]
2022-09-12 08:46:17.501 febs [main] INFO  o.s.b.w.s.FilterRegistrationBean - Mapping filter: 'formContentFilter' to: [/*]
2022-09-12 08:46:17.501 febs [main] INFO  o.s.b.w.s.FilterRegistrationBean - Mapping filter: 'requestContextFilter' to: [/*]
2022-09-12 08:46:17.501 febs [main] INFO  o.s.b.w.s.FilterRegistrationBean - Mapping filter: 'httpTraceFilter' to: [/*]
2022-09-12 08:46:17.501 febs [main] INFO  o.s.b.w.s.FilterRegistrationBean - Mapping filter: 'shiroFilterFactoryBean' to: [/*]
2022-09-12 08:46:17.501 febs [main] INFO  o.s.b.w.s.ServletRegistrationBean - Servlet dispatcherServlet mapped to [/]
2022-09-12 08:46:17.906 febs [main] INFO  org.quartz.impl.StdSchedulerFactory - Using default implementation for ThreadExecutor
2022-09-12 08:46:17.919 febs [main] INFO  o.quartz.core.SchedulerSignalerImpl - Initialized Scheduler Signaller of type: class org.quartz.core.SchedulerSignalerImpl
2022-09-12 08:46:17.919 febs [main] INFO  org.quartz.core.QuartzScheduler - Quartz Scheduler v.2.3.0 created.
2022-09-12 08:46:17.922 febs [main] INFO  o.s.s.quartz.LocalDataSourceJobStore - Using db table-based data access locking (synchronization).
2022-09-12 08:46:17.925 febs [main] INFO  o.s.s.quartz.LocalDataSourceJobStore - JobStoreCMT initialized.
2022-09-12 08:46:17.925 febs [main] INFO  org.quartz.core.QuartzScheduler - Scheduler meta-data: Quartz Scheduler (v2.3.0) 'MyScheduler' with instanceId 'WIN-ETS2DEK9JHC1662943577908'
  Scheduler class: 'org.quartz.core.QuartzScheduler' - running locally.
  NOT STARTED.
  Currently in standby mode.
  Number of jobs executed: 0
  Using thread pool 'org.quartz.simpl.SimpleThreadPool' - with 20 threads.
  Using job-store 'org.springframework.scheduling.quartz.LocalDataSourceJobStore' - which supports persistence. and is clustered.

2022-09-12 08:46:17.925 febs [main] INFO  org.quartz.impl.StdSchedulerFactory - Quartz scheduler 'MyScheduler' initialized from an externally provided properties instance.
2022-09-12 08:46:17.925 febs [main] INFO  org.quartz.impl.StdSchedulerFactory - Quartz scheduler version: 2.3.0
2022-09-12 08:46:17.927 febs [main] INFO  org.quartz.core.QuartzScheduler - JobFactory set to: org.springframework.scheduling.quartz.AdaptableJobFactory@8585cdd
2022-09-12 08:46:17.991 febs [main] INFO  p6spy - 2022-09-12 08:46:17 | 耗时 19 ms | SQL 语句：
select job_id jobId, bean_name beanName, method_name methodName, params, cron_expression cronExpression, status, remark, create_time createTime from t_job order by job_id;
2022-09-12 08:46:18.637 febs [main] INFO  o.s.s.c.ThreadPoolTaskExecutor - Initializing ExecutorService 'taskExecutor'
2022-09-12 08:46:19.958 febs [main] INFO  o.s.s.c.ThreadPoolTaskScheduler - Initializing ExecutorService 'taskScheduler'
2022-09-12 08:46:20.014 febs [main] INFO  o.s.b.a.e.web.EndpointLinksResolver - Exposing 2 endpoint(s) beneath base path '/actuator'
2022-09-12 08:46:20.086 febs [main] INFO  o.s.s.quartz.SchedulerFactoryBean - Will start Quartz Scheduler [MyScheduler] in 1 seconds
2022-09-12 08:46:20.099 febs [main] INFO  o.a.coyote.http11.Http11NioProtocol - Starting ProtocolHandler ["http-nio-9527"]
2022-09-12 08:46:20.110 febs [scheduling-1] INFO  cc.mrbird.febs.common.task.CacheTask - delete expired user
2022-09-12 08:46:20.110 febs [main] INFO  o.a.tomcat.util.net.NioSelectorPool - Using a shared selector for servlet write/read
2022-09-12 08:46:20.124 febs [main] INFO  o.s.b.w.e.tomcat.TomcatWebServer - Tomcat started on port(s): 9527 (http) with context path ''
2022-09-12 08:46:20.127 febs [main] INFO  cc.mrbird.febs.StoreApplication - Started StoreApplication in 10.312 seconds (JVM running for 18.573)
2022-09-12 08:46:20.135 febs [main] INFO  c.m.f.common.runner.CacheInitRunner - Redis连接中 ······
2022-09-12 08:46:20.136 febs [main] INFO  c.m.f.common.runner.CacheInitRunner - 缓存初始化 ······
2022-09-12 08:46:20.136 febs [main] INFO  c.m.f.common.runner.CacheInitRunner - 缓存用户数据 ······
2022-09-12 08:46:20.171 febs [main] INFO  p6spy - 2022-09-12 08:46:20 | 耗时 8 ms | SQL 语句：
SELECT USER_ID,username,password,dept_id,email,mobile,status,create_time,modify_time,last_login_time,ssex,description,avatar FROM t_user;
2022-09-12 08:46:20.198 febs [main] INFO  p6spy - 2022-09-12 08:46:20 | 耗时 23 ms | SQL 语句：
SELECT u.user_id userId, u.username, u.password, u.email, u.mobile, u. STATUS, u.create_time createTime, u.ssex, d.dept_id deptId, d.dept_name deptName, u.AVATAR, u.DESCRIPTION, u.LAST_LOGIN_TIME lastLoginTime, GROUP_CONCAT(r.role_id) roleId, GROUP_CONCAT(r.ROLE_NAME) roleName FROM t_user u LEFT JOIN t_dept d ON (u.dept_id = d.dept_id) LEFT JOIN t_user_role ur ON (u.user_id = ur.user_id) LEFT JOIN t_role r ON r.role_id = ur.role_id WHERE u.username = 'mrbird' group by u.username, u.user_id, u.password, u.email, u.mobile, u.STATUS, u.create_time, u.ssex, d.dept_id, d.dept_name, u.AVATAR, u.DESCRIPTION, u.LAST_LOGIN_TIME;
2022-09-12 08:46:20.266 febs [main] INFO  p6spy - 2022-09-12 08:46:20 | 耗时 0 ms | SQL 语句：
select r.* from t_role r left join t_user_role ur on (r.role_id = ur.role_id) left join t_user u on (u.user_id = ur.user_id) where u.username = 'mrbird';
2022-09-12 08:46:20.290 febs [main] INFO  p6spy - 2022-09-12 08:46:20 | 耗时 14 ms | SQL 语句：
select distinct m.perms from t_role r left join t_user_role ur on (r.role_id = ur.role_id) left join t_user u on (u.user_id = ur.user_id) left join t_role_menu rm on (rm.role_id = r.role_id) left join t_menu m on (m.menu_id = rm.menu_id) where u.username = 'mrbird' and m.perms is not null and m.perms <> '';
2022-09-12 08:46:20.306 febs [main] INFO  p6spy - 2022-09-12 08:46:20 | 耗时 6 ms | SQL 语句：
SELECT USER_ID,theme,layout,multi_page,fix_siderbar,fix_header,color FROM t_user_config WHERE USER_ID='1' ;
2022-09-12 08:46:20.310 febs [main] INFO  p6spy - 2022-09-12 08:46:20 | 耗时 1 ms | SQL 语句：
SELECT u.user_id userId, u.username, u.password, u.email, u.mobile, u. STATUS, u.create_time createTime, u.ssex, d.dept_id deptId, d.dept_name deptName, u.AVATAR, u.DESCRIPTION, u.LAST_LOGIN_TIME lastLoginTime, GROUP_CONCAT(r.role_id) roleId, GROUP_CONCAT(r.ROLE_NAME) roleName FROM t_user u LEFT JOIN t_dept d ON (u.dept_id = d.dept_id) LEFT JOIN t_user_role ur ON (u.user_id = ur.user_id) LEFT JOIN t_role r ON r.role_id = ur.role_id WHERE u.username = 'scott' group by u.username, u.user_id, u.password, u.email, u.mobile, u.STATUS, u.create_time, u.ssex, d.dept_id, d.dept_name, u.AVATAR, u.DESCRIPTION, u.LAST_LOGIN_TIME;
2022-09-12 08:46:20.313 febs [main] INFO  p6spy - 2022-09-12 08:46:20 | 耗时 0 ms | SQL 语句：
select r.* from t_role r left join t_user_role ur on (r.role_id = ur.role_id) left join t_user u on (u.user_id = ur.user_id) where u.username = 'scott';
2022-09-12 08:46:20.315 febs [main] INFO  p6spy - 2022-09-12 08:46:20 | 耗时 0 ms | SQL 语句：
select distinct m.perms from t_role r left join t_user_role ur on (r.role_id = ur.role_id) left join t_user u on (u.user_id = ur.user_id) left join t_role_menu rm on (rm.role_id = r.role_id) left join t_menu m on (m.menu_id = rm.menu_id) where u.username = 'scott' and m.perms is not null and m.perms <> '';
2022-09-12 08:46:20.317 febs [main] INFO  p6spy - 2022-09-12 08:46:20 | 耗时 0 ms | SQL 语句：
SELECT USER_ID,theme,layout,multi_page,fix_siderbar,fix_header,color FROM t_user_config WHERE USER_ID='2' ;
2022-09-12 08:46:20.319 febs [main] INFO  p6spy - 2022-09-12 08:46:20 | 耗时 0 ms | SQL 语句：
SELECT u.user_id userId, u.username, u.password, u.email, u.mobile, u. STATUS, u.create_time createTime, u.ssex, d.dept_id deptId, d.dept_name deptName, u.AVATAR, u.DESCRIPTION, u.LAST_LOGIN_TIME lastLoginTime, GROUP_CONCAT(r.role_id) roleId, GROUP_CONCAT(r.ROLE_NAME) roleName FROM t_user u LEFT JOIN t_dept d ON (u.dept_id = d.dept_id) LEFT JOIN t_user_role ur ON (u.user_id = ur.user_id) LEFT JOIN t_role r ON r.role_id = ur.role_id WHERE u.username = 'jack' group by u.username, u.user_id, u.password, u.email, u.mobile, u.STATUS, u.create_time, u.ssex, d.dept_id, d.dept_name, u.AVATAR, u.DESCRIPTION, u.LAST_LOGIN_TIME;
2022-09-12 08:46:20.321 febs [main] INFO  p6spy - 2022-09-12 08:46:20 | 耗时 0 ms | SQL 语句：
select r.* from t_role r left join t_user_role ur on (r.role_id = ur.role_id) left join t_user u on (u.user_id = ur.user_id) where u.username = 'jack';
2022-09-12 08:46:20.324 febs [main] INFO  p6spy - 2022-09-12 08:46:20 | 耗时 0 ms | SQL 语句：
select distinct m.perms from t_role r left join t_user_role ur on (r.role_id = ur.role_id) left join t_user u on (u.user_id = ur.user_id) left join t_role_menu rm on (rm.role_id = r.role_id) left join t_menu m on (m.menu_id = rm.menu_id) where u.username = 'jack' and m.perms is not null and m.perms <> '';
2022-09-12 08:46:20.325 febs [main] INFO  p6spy - 2022-09-12 08:46:20 | 耗时 0 ms | SQL 语句：
SELECT USER_ID,theme,layout,multi_page,fix_siderbar,fix_header,color FROM t_user_config WHERE USER_ID='12' ;
2022-09-12 08:46:20.327 febs [main] INFO  p6spy - 2022-09-12 08:46:20 | 耗时 0 ms | SQL 语句：
SELECT u.user_id userId, u.username, u.password, u.email, u.mobile, u. STATUS, u.create_time createTime, u.ssex, d.dept_id deptId, d.dept_name deptName, u.AVATAR, u.DESCRIPTION, u.LAST_LOGIN_TIME lastLoginTime, GROUP_CONCAT(r.role_id) roleId, GROUP_CONCAT(r.ROLE_NAME) roleName FROM t_user u LEFT JOIN t_dept d ON (u.dept_id = d.dept_id) LEFT JOIN t_user_role ur ON (u.user_id = ur.user_id) LEFT JOIN t_role r ON r.role_id = ur.role_id WHERE u.username = 'xiaoduan' group by u.username, u.user_id, u.password, u.email, u.mobile, u.STATUS, u.create_time, u.ssex, d.dept_id, d.dept_name, u.AVATAR, u.DESCRIPTION, u.LAST_LOGIN_TIME;
2022-09-12 08:46:20.331 febs [main] INFO  p6spy - 2022-09-12 08:46:20 | 耗时 0 ms | SQL 语句：
select r.* from t_role r left join t_user_role ur on (r.role_id = ur.role_id) left join t_user u on (u.user_id = ur.user_id) where u.username = 'xiaoduan';
2022-09-12 08:46:20.333 febs [main] INFO  p6spy - 2022-09-12 08:46:20 | 耗时 0 ms | SQL 语句：
select distinct m.perms from t_role r left join t_user_role ur on (r.role_id = ur.role_id) left join t_user u on (u.user_id = ur.user_id) left join t_role_menu rm on (rm.role_id = r.role_id) left join t_menu m on (m.menu_id = rm.menu_id) where u.username = 'xiaoduan' and m.perms is not null and m.perms <> '';
2022-09-12 08:46:20.334 febs [main] INFO  p6spy - 2022-09-12 08:46:20 | 耗时 0 ms | SQL 语句：
SELECT USER_ID,theme,layout,multi_page,fix_siderbar,fix_header,color FROM t_user_config WHERE USER_ID='13' ;
2022-09-12 08:46:20.335 febs [main] INFO  p6spy - 2022-09-12 08:46:20 | 耗时 0 ms | SQL 语句：
SELECT u.user_id userId, u.username, u.password, u.email, u.mobile, u. STATUS, u.create_time createTime, u.ssex, d.dept_id deptId, d.dept_name deptName, u.AVATAR, u.DESCRIPTION, u.LAST_LOGIN_TIME lastLoginTime, GROUP_CONCAT(r.role_id) roleId, GROUP_CONCAT(r.ROLE_NAME) roleName FROM t_user u LEFT JOIN t_dept d ON (u.dept_id = d.dept_id) LEFT JOIN t_user_role ur ON (u.user_id = ur.user_id) LEFT JOIN t_role r ON r.role_id = ur.role_id WHERE u.username = 'test' group by u.username, u.user_id, u.password, u.email, u.mobile, u.STATUS, u.create_time, u.ssex, d.dept_id, d.dept_name, u.AVATAR, u.DESCRIPTION, u.LAST_LOGIN_TIME;
2022-09-12 08:46:20.337 febs [main] INFO  p6spy - 2022-09-12 08:46:20 | 耗时 0 ms | SQL 语句：
select r.* from t_role r left join t_user_role ur on (r.role_id = ur.role_id) left join t_user u on (u.user_id = ur.user_id) where u.username = 'test';
2022-09-12 08:46:20.339 febs [main] INFO  p6spy - 2022-09-12 08:46:20 | 耗时 0 ms | SQL 语句：
select distinct m.perms from t_role r left join t_user_role ur on (r.role_id = ur.role_id) left join t_user u on (u.user_id = ur.user_id) left join t_role_menu rm on (rm.role_id = r.role_id) left join t_menu m on (m.menu_id = rm.menu_id) where u.username = 'test' and m.perms is not null and m.perms <> '';
2022-09-12 08:46:20.341 febs [main] INFO  p6spy - 2022-09-12 08:46:20 | 耗时 0 ms | SQL 语句：
SELECT USER_ID,theme,layout,multi_page,fix_siderbar,fix_header,color FROM t_user_config WHERE USER_ID='16' ;
2022-09-12 08:46:20.343 febs [main] INFO  p6spy - 2022-09-12 08:46:20 | 耗时 0 ms | SQL 语句：
SELECT u.user_id userId, u.username, u.password, u.email, u.mobile, u. STATUS, u.create_time createTime, u.ssex, d.dept_id deptId, d.dept_name deptName, u.AVATAR, u.DESCRIPTION, u.LAST_LOGIN_TIME lastLoginTime, GROUP_CONCAT(r.role_id) roleId, GROUP_CONCAT(r.ROLE_NAME) roleName FROM t_user u LEFT JOIN t_dept d ON (u.dept_id = d.dept_id) LEFT JOIN t_user_role ur ON (u.user_id = ur.user_id) LEFT JOIN t_role r ON r.role_id = ur.role_id WHERE u.username = 'ddmtest14' group by u.username, u.user_id, u.password, u.email, u.mobile, u.STATUS, u.create_time, u.ssex, d.dept_id, d.dept_name, u.AVATAR, u.DESCRIPTION, u.LAST_LOGIN_TIME;
2022-09-12 08:46:20.345 febs [main] INFO  p6spy - 2022-09-12 08:46:20 | 耗时 0 ms | SQL 语句：
select r.* from t_role r left join t_user_role ur on (r.role_id = ur.role_id) left join t_user u on (u.user_id = ur.user_id) where u.username = 'ddmtest14';
2022-09-12 08:46:20.347 febs [main] INFO  p6spy - 2022-09-12 08:46:20 | 耗时 0 ms | SQL 语句：
select distinct m.perms from t_role r left join t_user_role ur on (r.role_id = ur.role_id) left join t_user u on (u.user_id = ur.user_id) left join t_role_menu rm on (rm.role_id = r.role_id) left join t_menu m on (m.menu_id = rm.menu_id) where u.username = 'ddmtest14' and m.perms is not null and m.perms <> '';
2022-09-12 08:46:20.348 febs [main] INFO  p6spy - 2022-09-12 08:46:20 | 耗时 0 ms | SQL 语句：
SELECT USER_ID,theme,layout,multi_page,fix_siderbar,fix_header,color FROM t_user_config WHERE USER_ID='33' ;
2022-09-12 08:46:20.350 febs [main] INFO  p6spy - 2022-09-12 08:46:20 | 耗时 0 ms | SQL 语句：
SELECT u.user_id userId, u.username, u.password, u.email, u.mobile, u. STATUS, u.create_time createTime, u.ssex, d.dept_id deptId, d.dept_name deptName, u.AVATAR, u.DESCRIPTION, u.LAST_LOGIN_TIME lastLoginTime, GROUP_CONCAT(r.role_id) roleId, GROUP_CONCAT(r.ROLE_NAME) roleName FROM t_user u LEFT JOIN t_dept d ON (u.dept_id = d.dept_id) LEFT JOIN t_user_role ur ON (u.user_id = ur.user_id) LEFT JOIN t_role r ON r.role_id = ur.role_id WHERE u.username = 'test1' group by u.username, u.user_id, u.password, u.email, u.mobile, u.STATUS, u.create_time, u.ssex, d.dept_id, d.dept_name, u.AVATAR, u.DESCRIPTION, u.LAST_LOGIN_TIME;
2022-09-12 08:46:20.354 febs [main] INFO  p6spy - 2022-09-12 08:46:20 | 耗时 0 ms | SQL 语句：
select r.* from t_role r left join t_user_role ur on (r.role_id = ur.role_id) left join t_user u on (u.user_id = ur.user_id) where u.username = 'test1';
2022-09-12 08:46:20.356 febs [main] INFO  p6spy - 2022-09-12 08:46:20 | 耗时 0 ms | SQL 语句：
select distinct m.perms from t_role r left join t_user_role ur on (r.role_id = ur.role_id) left join t_user u on (u.user_id = ur.user_id) left join t_role_menu rm on (rm.role_id = r.role_id) left join t_menu m on (m.menu_id = rm.menu_id) where u.username = 'test1' and m.perms is not null and m.perms <> '';
2022-09-12 08:46:20.357 febs [main] INFO  p6spy - 2022-09-12 08:46:20 | 耗时 0 ms | SQL 语句：
SELECT USER_ID,theme,layout,multi_page,fix_siderbar,fix_header,color FROM t_user_config WHERE USER_ID='34' ;
2022-09-12 08:46:20.358 febs [main] INFO  p6spy - 2022-09-12 08:46:20 | 耗时 0 ms | SQL 语句：
SELECT u.user_id userId, u.username, u.password, u.email, u.mobile, u. STATUS, u.create_time createTime, u.ssex, d.dept_id deptId, d.dept_name deptName, u.AVATAR, u.DESCRIPTION, u.LAST_LOGIN_TIME lastLoginTime, GROUP_CONCAT(r.role_id) roleId, GROUP_CONCAT(r.ROLE_NAME) roleName FROM t_user u LEFT JOIN t_dept d ON (u.dept_id = d.dept_id) LEFT JOIN t_user_role ur ON (u.user_id = ur.user_id) LEFT JOIN t_role r ON r.role_id = ur.role_id WHERE u.username = 'admin' group by u.username, u.user_id, u.password, u.email, u.mobile, u.STATUS, u.create_time, u.ssex, d.dept_id, d.dept_name, u.AVATAR, u.DESCRIPTION, u.LAST_LOGIN_TIME;
2022-09-12 08:46:20.361 febs [main] INFO  p6spy - 2022-09-12 08:46:20 | 耗时 0 ms | SQL 语句：
select r.* from t_role r left join t_user_role ur on (r.role_id = ur.role_id) left join t_user u on (u.user_id = ur.user_id) where u.username = 'admin';
2022-09-12 08:46:20.363 febs [main] INFO  p6spy - 2022-09-12 08:46:20 | 耗时 0 ms | SQL 语句：
select distinct m.perms from t_role r left join t_user_role ur on (r.role_id = ur.role_id) left join t_user u on (u.user_id = ur.user_id) left join t_role_menu rm on (rm.role_id = r.role_id) left join t_menu m on (m.menu_id = rm.menu_id) where u.username = 'admin' and m.perms is not null and m.perms <> '';
2022-09-12 08:46:20.368 febs [main] INFO  p6spy - 2022-09-12 08:46:20 | 耗时 0 ms | SQL 语句：
SELECT USER_ID,theme,layout,multi_page,fix_siderbar,fix_header,color FROM t_user_config WHERE USER_ID='35' ;
2022-09-12 08:46:20.370 febs [main] INFO  p6spy - 2022-09-12 08:46:20 | 耗时 0 ms | SQL 语句：
SELECT u.user_id userId, u.username, u.password, u.email, u.mobile, u. STATUS, u.create_time createTime, u.ssex, d.dept_id deptId, d.dept_name deptName, u.AVATAR, u.DESCRIPTION, u.LAST_LOGIN_TIME lastLoginTime, GROUP_CONCAT(r.role_id) roleId, GROUP_CONCAT(r.ROLE_NAME) roleName FROM t_user u LEFT JOIN t_dept d ON (u.dept_id = d.dept_id) LEFT JOIN t_user_role ur ON (u.user_id = ur.user_id) LEFT JOIN t_role r ON r.role_id = ur.role_id WHERE u.username = 'test33333' group by u.username, u.user_id, u.password, u.email, u.mobile, u.STATUS, u.create_time, u.ssex, d.dept_id, d.dept_name, u.AVATAR, u.DESCRIPTION, u.LAST_LOGIN_TIME;
2022-09-12 08:46:20.372 febs [main] INFO  p6spy - 2022-09-12 08:46:20 | 耗时 0 ms | SQL 语句：
select r.* from t_role r left join t_user_role ur on (r.role_id = ur.role_id) left join t_user u on (u.user_id = ur.user_id) where u.username = 'test33333';
2022-09-12 08:46:20.374 febs [main] INFO  p6spy - 2022-09-12 08:46:20 | 耗时 0 ms | SQL 语句：
select distinct m.perms from t_role r left join t_user_role ur on (r.role_id = ur.role_id) left join t_user u on (u.user_id = ur.user_id) left join t_role_menu rm on (rm.role_id = r.role_id) left join t_menu m on (m.menu_id = rm.menu_id) where u.username = 'test33333' and m.perms is not null and m.perms <> '';
2022-09-12 08:46:20.376 febs [main] INFO  p6spy - 2022-09-12 08:46:20 | 耗时 0 ms | SQL 语句：
SELECT USER_ID,theme,layout,multi_page,fix_siderbar,fix_header,color FROM t_user_config WHERE USER_ID='36' ;
2022-09-12 08:46:20.376 febs [main] INFO  c.m.f.common.runner.StartedUpRunner -  __    ___   _      ___   _     ____ _____  ____ 
2022-09-12 08:46:20.376 febs [main] INFO  c.m.f.common.runner.StartedUpRunner - / /`  / / \ | |\/| | |_) | |   | |_   | |  | |_  
2022-09-12 08:46:20.376 febs [main] INFO  c.m.f.common.runner.StartedUpRunner - \_\_, \_\_/ |_|  | |_|   |_|__ |_|__  |_|  |_|__ 
2022-09-12 08:46:20.376 febs [main] INFO  c.m.f.common.runner.StartedUpRunner -                                                       
2022-09-12 08:46:20.377 febs [main] INFO  c.m.f.common.runner.StartedUpRunner - 启动完毕，时间：2022-09-12T08:46:20.376
2022-09-12 08:46:21.090 febs [Quartz Scheduler [MyScheduler]] INFO  o.s.s.quartz.SchedulerFactoryBean - Starting Quartz Scheduler now, after delay of 1 seconds
2022-09-12 08:46:21.118 febs [Quartz Scheduler [MyScheduler]] INFO  o.s.s.quartz.LocalDataSourceJobStore - ClusterManager: detected 1 failed or restarted instances.
2022-09-12 08:46:21.118 febs [Quartz Scheduler [MyScheduler]] INFO  o.s.s.quartz.LocalDataSourceJobStore - ClusterManager: Scanning for instance "WIN-ETS2DEK9JHC1662905529071"'s failed in-progress jobs.
2022-09-12 08:46:21.131 febs [Quartz Scheduler [MyScheduler]] INFO  org.quartz.core.QuartzScheduler - Scheduler MyScheduler_$_WIN-ETS2DEK9JHC1662943577908 started.
2022-09-12 08:46:21.257 febs [RMI TCP Connection(2)-192.168.1.8] INFO  o.a.c.c.C.[Tomcat].[localhost].[/] - Initializing Spring DispatcherServlet 'dispatcherServlet'
2022-09-12 08:46:21.257 febs [RMI TCP Connection(2)-192.168.1.8] INFO  o.s.web.servlet.DispatcherServlet - Initializing Servlet 'dispatcherServlet'
2022-09-12 08:46:21.261 febs [RMI TCP Connection(1)-192.168.1.8] INFO  p6spy - 2022-09-12 08:46:21 | 耗时 1 ms | SQL 语句：
/* ping */ SELECT 1;
2022-09-12 08:46:21.271 febs [RMI TCP Connection(2)-192.168.1.8] INFO  o.s.web.servlet.DispatcherServlet - Completed initialization in 14 ms
2022-09-12 09:46:20.111 febs [scheduling-1] INFO  cc.mrbird.febs.common.task.CacheTask - delete expired user
2022-09-12 10:46:20.097 febs [scheduling-1] INFO  cc.mrbird.febs.common.task.CacheTask - delete expired user
2022-09-12 11:46:20.098 febs [scheduling-1] INFO  cc.mrbird.febs.common.task.CacheTask - delete expired user
2022-09-12 12:46:21.181 febs [scheduling-1] INFO  cc.mrbird.febs.common.task.CacheTask - delete expired user
2022-09-12 13:44:11.179 febs [http-nio-9527-exec-1] INFO  c.m.febs.common.aspect.LimitAspect - IP:127.0.0.1 第 1 次访问key为 [limit_login127.0.0.1]，描述为 [登录接口] 的接口
2022-09-12 13:44:11.332 febs [http-nio-9527-exec-1] INFO  p6spy - 2022-09-12 13:44:11 | 耗时 3 ms | SQL 语句：
UPDATE t_user SET last_login_time='2022-09-12T13:44:11.298+0800' WHERE username = 'admin';
2022-09-12 13:44:11.340 febs [http-nio-9527-exec-1] INFO  p6spy - 2022-09-12 13:44:11 | 耗时 5 ms | SQL 语句：
SELECT u.user_id userId, u.username, u.password, u.email, u.mobile, u. STATUS, u.create_time createTime, u.ssex, d.dept_id deptId, d.dept_name deptName, u.AVATAR, u.DESCRIPTION, u.LAST_LOGIN_TIME lastLoginTime, GROUP_CONCAT(r.role_id) roleId, GROUP_CONCAT(r.ROLE_NAME) roleName FROM t_user u LEFT JOIN t_dept d ON (u.dept_id = d.dept_id) LEFT JOIN t_user_role ur ON (u.user_id = ur.user_id) LEFT JOIN t_role r ON r.role_id = ur.role_id WHERE u.username = 'admin' group by u.username, u.user_id, u.password, u.email, u.mobile, u.STATUS, u.create_time, u.ssex, d.dept_id, d.dept_name, u.AVATAR, u.DESCRIPTION, u.LAST_LOGIN_TIME;
2022-09-12 13:44:11.386 febs [http-nio-9527-exec-1] INFO  p6spy - 2022-09-12 13:44:11 | 耗时 26 ms | SQL 语句：
INSERT INTO t_login_log ( username, login_time, location, ip ) VALUES ( 'admin', '2022-09-12T13:44:11.352+0800', '', '127.0.0.1' );
2022-09-12 13:44:11.520 febs [http-nio-9527-exec-3] INFO  c.m.f.common.authentication.JWTUtil - token is valid
2022-09-12 13:44:11.548 febs [http-nio-9527-exec-3] INFO  p6spy - 2022-09-12 13:44:11 | 耗时 3 ms | SQL 语句：
select m.* from t_menu m where m.type <> 1 and m.MENU_ID in (select distinct rm.menu_id from t_role_menu rm left join t_role r on (rm.role_id = r.role_id) left join t_user_role ur on (ur.role_id = r.role_id) left join t_user u on (u.user_id = ur.user_id) where u.username = 'admin') order by m.order_num;
2022-09-12 13:44:11.809 febs [http-nio-9527-exec-5] INFO  c.m.f.common.authentication.JWTUtil - token is valid
2022-09-12 13:44:11.837 febs [http-nio-9527-exec-5] INFO  p6spy - 2022-09-12 13:44:11 | 耗时 24 ms | SQL 语句：
select count(1) from t_login_log;
2022-09-12 13:44:11.842 febs [http-nio-9527-exec-5] INFO  p6spy - 2022-09-12 13:44:11 | 耗时 3 ms | SQL 语句：
select count(1) from t_login_log where datediff(login_time,now())=0;
2022-09-12 13:44:11.844 febs [http-nio-9527-exec-5] INFO  p6spy - 2022-09-12 13:44:11 | 耗时 0 ms | SQL 语句：
select count(distinct(ip)) from t_login_log where datediff(login_time,now())=0;
2022-09-12 13:44:11.848 febs [http-nio-9527-exec-5] INFO  p6spy - 2022-09-12 13:44:11 | 耗时 1 ms | SQL 语句：
select date_format(l.login_time, '%m-%d') days, count(1) count from ( select * from t_login_log where date_sub(curdate(), interval 7 day) <= date(login_time) ) as l where 1 = 1 group by days;
2022-09-12 13:44:11.850 febs [http-nio-9527-exec-5] INFO  p6spy - 2022-09-12 13:44:11 | 耗时 0 ms | SQL 语句：
select date_format(l.login_time, '%m-%d') days, count(1) count from ( select * from t_login_log where date_sub(curdate(), interval 7 day) <= date(login_time) ) as l where 1 = 1 and l.username = 'admin' group by days;
2022-09-12 13:44:18.493 febs [http-nio-9527-exec-7] INFO  c.m.f.common.authentication.JWTUtil - token is valid
2022-09-12 13:44:18.526 febs [http-nio-9527-exec-7] INFO  p6spy - 2022-09-12 13:44:18 | 耗时 2 ms | SQL 语句：
UPDATE t_user_config SET theme='light', layout='head', multi_page='0', color='rgb(66, 185, 131)' WHERE USER_ID=35;
2022-09-12 13:44:18.528 febs [http-nio-9527-exec-7] INFO  p6spy - 2022-09-12 13:44:18 | 耗时 0 ms | SQL 语句：
SELECT USER_ID,theme,layout,multi_page,fix_siderbar,fix_header,color FROM t_user_config WHERE USER_ID='35' ;
2022-09-12 13:46:21.181 febs [scheduling-1] INFO  cc.mrbird.febs.common.task.CacheTask - delete expired user
2022-09-12 13:47:35.754 febs [http-nio-9527-exec-9] INFO  c.m.f.common.authentication.JWTUtil - token is valid
2022-09-12 13:47:35.873 febs [http-nio-9527-exec-9] INFO  p6spy - 2022-09-12 13:47:35 | 耗时 6 ms | SQL 语句：
SELECT COUNT(1) FROM t_role;
2022-09-12 13:47:35.880 febs [http-nio-9527-exec-9] INFO  p6spy - 2022-09-12 13:47:35 | 耗时 1 ms | SQL 语句：
SELECT ROLE_ID,role_name,remark,create_time,modify_time FROM t_role LIMIT 0,10;
2022-09-12 13:47:44.813 febs [http-nio-9527-exec-2] INFO  c.m.f.common.authentication.JWTUtil - token is valid
2022-09-12 13:47:44.822 febs [http-nio-9527-exec-2] INFO  p6spy - 2022-09-12 13:47:44 | 耗时 1 ms | SQL 语句：
SELECT MENU_ID,parent_id,menu_name,path,component,perms,icon,type,order_num,create_time,modify_time FROM t_menu;
2022-09-12 13:51:49.903 febs [http-nio-9527-exec-5] INFO  c.m.f.common.authentication.JWTUtil - token is valid
2022-09-12 13:51:49.909 febs [http-nio-9527-exec-5] INFO  p6spy - 2022-09-12 13:51:49 | 耗时 1 ms | SQL 语句：
SELECT MENU_ID,parent_id,menu_name,path,component,perms,icon,type,order_num,create_time,modify_time FROM t_menu;
2022-09-12 13:53:02.684 febs [http-nio-9527-exec-8] INFO  c.m.f.common.authentication.JWTUtil - token is valid
2022-09-12 13:53:02.696 febs [http-nio-9527-exec-8] INFO  p6spy - 2022-09-12 13:53:02 | 耗时 7 ms | SQL 语句：
SELECT MENU_ID,parent_id,menu_name,path,component,perms,icon,type,order_num,create_time,modify_time FROM t_menu;
2022-09-12 13:55:27.173 febs [http-nio-9527-exec-1] INFO  c.m.f.common.authentication.JWTUtil - token is valid
2022-09-12 13:55:27.184 febs [http-nio-9527-exec-1] INFO  p6spy - 2022-09-12 13:55:27 | 耗时 6 ms | SQL 语句：
SELECT MENU_ID,parent_id,menu_name,path,component,perms,icon,type,order_num,create_time,modify_time FROM t_menu;
2022-09-12 14:02:36.150 febs [http-nio-9527-exec-4] INFO  c.m.f.common.authentication.JWTUtil - token is valid
2022-09-12 14:02:36.158 febs [http-nio-9527-exec-4] INFO  p6spy - 2022-09-12 14:02:36 | 耗时 2 ms | SQL 语句：
SELECT MENU_ID,parent_id,menu_name,path,component,perms,icon,type,order_num,create_time,modify_time FROM t_menu;
2022-09-12 14:03:55.939 febs [http-nio-9527-exec-7] INFO  c.m.f.common.authentication.JWTUtil - token is valid
2022-09-12 14:03:55.944 febs [http-nio-9527-exec-7] INFO  p6spy - 2022-09-12 14:03:55 | 耗时 0 ms | SQL 语句：
SELECT MENU_ID,parent_id,menu_name,path,component,perms,icon,type,order_num,create_time,modify_time FROM t_menu;
2022-09-12 14:04:18.507 febs [http-nio-9527-exec-10] INFO  c.m.f.common.authentication.JWTUtil - token is valid
2022-09-12 14:04:18.522 febs [http-nio-9527-exec-10] INFO  p6spy - 2022-09-12 14:04:18 | 耗时 10 ms | SQL 语句：
SELECT MENU_ID,parent_id,menu_name,path,component,perms,icon,type,order_num,create_time,modify_time FROM t_menu;
2022-09-12 14:05:19.238 febs [http-nio-9527-exec-2] INFO  c.m.f.common.authentication.JWTUtil - token is valid
2022-09-12 14:05:19.242 febs [http-nio-9527-exec-2] INFO  p6spy - 2022-09-12 14:05:19 | 耗时 0 ms | SQL 语句：
SELECT MENU_ID,parent_id,menu_name,path,component,perms,icon,type,order_num,create_time,modify_time FROM t_menu;
2022-09-12 14:06:38.751 febs [http-nio-9527-exec-5] INFO  c.m.f.common.authentication.JWTUtil - token is valid
2022-09-12 14:06:38.769 febs [http-nio-9527-exec-5] INFO  p6spy - 2022-09-12 14:06:38 | 耗时 13 ms | SQL 语句：
SELECT MENU_ID,parent_id,menu_name,path,component,perms,icon,type,order_num,create_time,modify_time FROM t_menu;
2022-09-12 14:06:53.324 febs [http-nio-9527-exec-7] INFO  c.m.f.common.authentication.JWTUtil - token is valid
2022-09-12 14:06:53.328 febs [http-nio-9527-exec-7] INFO  p6spy - 2022-09-12 14:06:53 | 耗时 0 ms | SQL 语句：
SELECT MENU_ID,parent_id,menu_name,path,component,perms,icon,type,order_num,create_time,modify_time FROM t_menu;
2022-09-12 14:09:18.887 febs [http-nio-9527-exec-9] INFO  c.m.f.common.authentication.JWTUtil - token is valid
2022-09-12 14:09:18.898 febs [http-nio-9527-exec-9] INFO  p6spy - 2022-09-12 14:09:18 | 耗时 5 ms | SQL 语句：
SELECT MENU_ID,parent_id,menu_name,path,component,perms,icon,type,order_num,create_time,modify_time FROM t_menu;
2022-09-12 14:10:51.698 febs [http-nio-9527-exec-5] INFO  c.m.febs.common.aspect.LimitAspect - IP:127.0.0.1 第 1 次访问key为 [limit_login127.0.0.1]，描述为 [登录接口] 的接口
2022-09-12 14:10:51.773 febs [http-nio-9527-exec-5] INFO  p6spy - 2022-09-12 14:10:51 | 耗时 70 ms | SQL 语句：
UPDATE t_user SET last_login_time='2022-09-12T14:10:51.699+0800' WHERE username = 'admin';
2022-09-12 14:10:51.778 febs [http-nio-9527-exec-5] INFO  p6spy - 2022-09-12 14:10:51 | 耗时 4 ms | SQL 语句：
SELECT u.user_id userId, u.username, u.password, u.email, u.mobile, u. STATUS, u.create_time createTime, u.ssex, d.dept_id deptId, d.dept_name deptName, u.AVATAR, u.DESCRIPTION, u.LAST_LOGIN_TIME lastLoginTime, GROUP_CONCAT(r.role_id) roleId, GROUP_CONCAT(r.ROLE_NAME) roleName FROM t_user u LEFT JOIN t_dept d ON (u.dept_id = d.dept_id) LEFT JOIN t_user_role ur ON (u.user_id = ur.user_id) LEFT JOIN t_role r ON r.role_id = ur.role_id WHERE u.username = 'admin' group by u.username, u.user_id, u.password, u.email, u.mobile, u.STATUS, u.create_time, u.ssex, d.dept_id, d.dept_name, u.AVATAR, u.DESCRIPTION, u.LAST_LOGIN_TIME;
2022-09-12 14:10:51.793 febs [http-nio-9527-exec-5] INFO  p6spy - 2022-09-12 14:10:51 | 耗时 3 ms | SQL 语句：
INSERT INTO t_login_log ( username, login_time, location, ip ) VALUES ( 'admin', '2022-09-12T14:10:51.787+0800', '', '127.0.0.1' );
2022-09-12 14:10:51.841 febs [http-nio-9527-exec-7] INFO  c.m.f.common.authentication.JWTUtil - token is valid
2022-09-12 14:10:51.845 febs [http-nio-9527-exec-7] INFO  p6spy - 2022-09-12 14:10:51 | 耗时 2 ms | SQL 语句：
select m.* from t_menu m where m.type <> 1 and m.MENU_ID in (select distinct rm.menu_id from t_role_menu rm left join t_role r on (rm.role_id = r.role_id) left join t_user_role ur on (ur.role_id = r.role_id) left join t_user u on (u.user_id = ur.user_id) where u.username = 'admin') order by m.order_num;
2022-09-12 14:10:52.243 febs [http-nio-9527-exec-10] INFO  c.m.f.common.authentication.JWTUtil - token is valid
2022-09-12 14:10:52.351 febs [http-nio-9527-exec-10] INFO  p6spy - 2022-09-12 14:10:52 | 耗时 105 ms | SQL 语句：
select count(1) from t_login_log;
2022-09-12 14:10:52.353 febs [http-nio-9527-exec-10] INFO  p6spy - 2022-09-12 14:10:52 | 耗时 0 ms | SQL 语句：
select count(1) from t_login_log where datediff(login_time,now())=0;
2022-09-12 14:10:52.355 febs [http-nio-9527-exec-10] INFO  p6spy - 2022-09-12 14:10:52 | 耗时 0 ms | SQL 语句：
select count(distinct(ip)) from t_login_log where datediff(login_time,now())=0;
2022-09-12 14:10:52.358 febs [http-nio-9527-exec-10] INFO  p6spy - 2022-09-12 14:10:52 | 耗时 0 ms | SQL 语句：
select date_format(l.login_time, '%m-%d') days, count(1) count from ( select * from t_login_log where date_sub(curdate(), interval 7 day) <= date(login_time) ) as l where 1 = 1 group by days;
2022-09-12 14:10:52.360 febs [http-nio-9527-exec-10] INFO  p6spy - 2022-09-12 14:10:52 | 耗时 0 ms | SQL 语句：
select date_format(l.login_time, '%m-%d') days, count(1) count from ( select * from t_login_log where date_sub(curdate(), interval 7 day) <= date(login_time) ) as l where 1 = 1 and l.username = 'admin' group by days;
2022-09-12 14:10:56.120 febs [http-nio-9527-exec-1] INFO  c.m.f.common.authentication.JWTUtil - token is valid
2022-09-12 14:10:56.129 febs [http-nio-9527-exec-1] INFO  p6spy - 2022-09-12 14:10:56 | 耗时 2 ms | SQL 语句：
SELECT COUNT(1) FROM t_role;
2022-09-12 14:10:56.131 febs [http-nio-9527-exec-1] INFO  p6spy - 2022-09-12 14:10:56 | 耗时 0 ms | SQL 语句：
SELECT ROLE_ID,role_name,remark,create_time,modify_time FROM t_role LIMIT 0,10;
2022-09-12 14:11:02.892 febs [http-nio-9527-exec-3] INFO  c.m.f.common.authentication.JWTUtil - token is valid
2022-09-12 14:11:02.899 febs [http-nio-9527-exec-3] INFO  p6spy - 2022-09-12 14:11:02 | 耗时 0 ms | SQL 语句：
SELECT MENU_ID,parent_id,menu_name,path,component,perms,icon,type,order_num,create_time,modify_time FROM t_menu;
2022-09-12 14:11:25.373 febs [http-nio-9527-exec-7] INFO  c.m.febs.common.aspect.LimitAspect - IP:127.0.0.1 第 2 次访问key为 [limit_login127.0.0.1]，描述为 [登录接口] 的接口
2022-09-12 14:11:25.382 febs [http-nio-9527-exec-7] INFO  p6spy - 2022-09-12 14:11:25 | 耗时 3 ms | SQL 语句：
UPDATE t_user SET last_login_time='2022-09-12T14:11:25.375+0800' WHERE username = 'admin';
2022-09-12 14:11:25.384 febs [http-nio-9527-exec-7] INFO  p6spy - 2022-09-12 14:11:25 | 耗时 0 ms | SQL 语句：
SELECT u.user_id userId, u.username, u.password, u.email, u.mobile, u. STATUS, u.create_time createTime, u.ssex, d.dept_id deptId, d.dept_name deptName, u.AVATAR, u.DESCRIPTION, u.LAST_LOGIN_TIME lastLoginTime, GROUP_CONCAT(r.role_id) roleId, GROUP_CONCAT(r.ROLE_NAME) roleName FROM t_user u LEFT JOIN t_dept d ON (u.dept_id = d.dept_id) LEFT JOIN t_user_role ur ON (u.user_id = ur.user_id) LEFT JOIN t_role r ON r.role_id = ur.role_id WHERE u.username = 'admin' group by u.username, u.user_id, u.password, u.email, u.mobile, u.STATUS, u.create_time, u.ssex, d.dept_id, d.dept_name, u.AVATAR, u.DESCRIPTION, u.LAST_LOGIN_TIME;
2022-09-12 14:11:25.400 febs [http-nio-9527-exec-7] INFO  p6spy - 2022-09-12 14:11:25 | 耗时 1 ms | SQL 语句：
INSERT INTO t_login_log ( username, login_time, location, ip ) VALUES ( 'admin', '2022-09-12T14:11:25.397+0800', '', '127.0.0.1' );
2022-09-12 14:11:25.423 febs [http-nio-9527-exec-10] INFO  c.m.f.common.authentication.JWTUtil - token is valid
2022-09-12 14:11:25.427 febs [http-nio-9527-exec-10] INFO  p6spy - 2022-09-12 14:11:25 | 耗时 1 ms | SQL 语句：
select m.* from t_menu m where m.type <> 1 and m.MENU_ID in (select distinct rm.menu_id from t_role_menu rm left join t_role r on (rm.role_id = r.role_id) left join t_user_role ur on (ur.role_id = r.role_id) left join t_user u on (u.user_id = ur.user_id) where u.username = 'admin') order by m.order_num;
2022-09-12 14:11:25.642 febs [http-nio-9527-exec-1] INFO  c.m.f.common.authentication.JWTUtil - token is valid
2022-09-12 14:11:25.659 febs [http-nio-9527-exec-1] INFO  p6spy - 2022-09-12 14:11:25 | 耗时 14 ms | SQL 语句：
select count(1) from t_login_log;
2022-09-12 14:11:25.660 febs [http-nio-9527-exec-1] INFO  p6spy - 2022-09-12 14:11:25 | 耗时 0 ms | SQL 语句：
select count(1) from t_login_log where datediff(login_time,now())=0;
2022-09-12 14:11:25.661 febs [http-nio-9527-exec-1] INFO  p6spy - 2022-09-12 14:11:25 | 耗时 0 ms | SQL 语句：
select count(distinct(ip)) from t_login_log where datediff(login_time,now())=0;
2022-09-12 14:11:25.663 febs [http-nio-9527-exec-1] INFO  p6spy - 2022-09-12 14:11:25 | 耗时 0 ms | SQL 语句：
select date_format(l.login_time, '%m-%d') days, count(1) count from ( select * from t_login_log where date_sub(curdate(), interval 7 day) <= date(login_time) ) as l where 1 = 1 group by days;
2022-09-12 14:11:25.665 febs [http-nio-9527-exec-1] INFO  p6spy - 2022-09-12 14:11:25 | 耗时 0 ms | SQL 语句：
select date_format(l.login_time, '%m-%d') days, count(1) count from ( select * from t_login_log where date_sub(curdate(), interval 7 day) <= date(login_time) ) as l where 1 = 1 and l.username = 'admin' group by days;
2022-09-12 14:11:31.996 febs [http-nio-9527-exec-3] INFO  c.m.f.common.authentication.JWTUtil - token is valid
2022-09-12 14:11:32.002 febs [http-nio-9527-exec-3] INFO  p6spy - 2022-09-12 14:11:32 | 耗时 1 ms | SQL 语句：
SELECT MENU_ID,parent_id,menu_name,path,component,perms,icon,type,order_num,create_time,modify_time FROM t_menu;
2022-09-12 14:11:38.292 febs [http-nio-9527-exec-4] INFO  c.m.f.common.authentication.JWTUtil - token is valid
2022-09-12 14:11:38.303 febs [http-nio-9527-exec-4] INFO  p6spy - 2022-09-12 14:11:38 | 耗时 0 ms | SQL 语句：
SELECT MENU_ID,parent_id,menu_name,path,component,perms,icon,type,order_num,create_time,modify_time FROM t_menu WHERE type = '0';
2022-09-12 14:14:42.805 febs [http-nio-9527-exec-10] INFO  c.m.f.common.authentication.JWTUtil - token is valid
2022-09-12 14:14:42.811 febs [http-nio-9527-exec-10] INFO  p6spy - 2022-09-12 14:14:42 | 耗时 1 ms | SQL 语句：
SELECT MENU_ID,parent_id,menu_name,path,component,perms,icon,type,order_num,create_time,modify_time FROM t_menu;
2022-09-12 14:17:35.865 febs [http-nio-9527-exec-2] INFO  c.m.f.common.authentication.JWTUtil - token is valid
2022-09-12 14:17:35.872 febs [http-nio-9527-exec-2] INFO  p6spy - 2022-09-12 14:17:35 | 耗时 1 ms | SQL 语句：
SELECT MENU_ID,parent_id,menu_name,path,component,perms,icon,type,order_num,create_time,modify_time FROM t_menu;
2022-09-12 14:18:43.483 febs [http-nio-9527-exec-4] INFO  c.m.f.common.authentication.JWTUtil - token is valid
2022-09-12 14:18:43.488 febs [http-nio-9527-exec-4] INFO  p6spy - 2022-09-12 14:18:43 | 耗时 0 ms | SQL 语句：
SELECT MENU_ID,parent_id,menu_name,path,component,perms,icon,type,order_num,create_time,modify_time FROM t_menu;
2022-09-12 14:24:11.252 febs [http-nio-9527-exec-8] INFO  c.m.f.common.authentication.JWTUtil - token is valid
2022-09-12 14:24:11.258 febs [http-nio-9527-exec-8] INFO  p6spy - 2022-09-12 14:24:11 | 耗时 1 ms | SQL 语句：
SELECT MENU_ID,parent_id,menu_name,path,component,perms,icon,type,order_num,create_time,modify_time FROM t_menu;
2022-09-12 14:28:02.850 febs [http-nio-9527-exec-1] INFO  c.m.f.common.authentication.JWTUtil - token is valid
2022-09-12 14:28:02.859 febs [http-nio-9527-exec-1] INFO  p6spy - 2022-09-12 14:28:02 | 耗时 6 ms | SQL 语句：
select count(1) from t_login_log;
2022-09-12 14:28:02.861 febs [http-nio-9527-exec-1] INFO  p6spy - 2022-09-12 14:28:02 | 耗时 0 ms | SQL 语句：
select count(1) from t_login_log where datediff(login_time,now())=0;
2022-09-12 14:28:02.864 febs [http-nio-9527-exec-1] INFO  p6spy - 2022-09-12 14:28:02 | 耗时 1 ms | SQL 语句：
select count(distinct(ip)) from t_login_log where datediff(login_time,now())=0;
2022-09-12 14:28:02.865 febs [http-nio-9527-exec-1] INFO  p6spy - 2022-09-12 14:28:02 | 耗时 0 ms | SQL 语句：
select date_format(l.login_time, '%m-%d') days, count(1) count from ( select * from t_login_log where date_sub(curdate(), interval 7 day) <= date(login_time) ) as l where 1 = 1 group by days;
2022-09-12 14:28:02.867 febs [http-nio-9527-exec-1] INFO  p6spy - 2022-09-12 14:28:02 | 耗时 0 ms | SQL 语句：
select date_format(l.login_time, '%m-%d') days, count(1) count from ( select * from t_login_log where date_sub(curdate(), interval 7 day) <= date(login_time) ) as l where 1 = 1 and l.username = 'admin' group by days;
2022-09-12 14:29:49.212 febs [http-nio-9527-exec-4] INFO  c.m.f.common.authentication.JWTUtil - token is valid
2022-09-12 14:29:49.213 febs [http-nio-9527-exec-6] INFO  c.m.f.common.authentication.JWTUtil - token is valid
2022-09-12 14:29:49.246 febs [http-nio-9527-exec-6] INFO  p6spy - 2022-09-12 14:29:49 | 耗时 1 ms | SQL 语句：
SELECT DEPT_ID,parent_id,dept_name,order_num,create_time,modify_time FROM t_dept ORDER BY order_num ASC;
2022-09-12 14:29:49.248 febs [http-nio-9527-exec-4] INFO  p6spy - 2022-09-12 14:29:49 | 耗时 3 ms | SQL 语句：
SELECT COUNT(1) FROM ( SELECT u.user_id userId, u.username, u.password, u.email, u.mobile, u.STATUS, u.create_time createTime, u.ssex, d.dept_id deptId, d.dept_name deptName, u.AVATAR, u.DESCRIPTION, u.LAST_LOGIN_TIME lastLoginTime, GROUP_CONCAT(r.role_id) roleId, GROUP_CONCAT(r.ROLE_NAME) roleName FROM t_user u LEFT JOIN t_dept d ON (u.dept_id = d.dept_id) LEFT JOIN t_user_role ur ON (u.user_id = ur.user_id) LEFT JOIN t_role r ON r.role_id = ur.role_id WHERE 1 = 1 GROUP BY u.username, u.user_id, u.password, u.email, u.mobile, u.STATUS, u.create_time, u.ssex, d.dept_id, d.dept_name, u.AVATAR, u.DESCRIPTION, u.LAST_LOGIN_TIME ) TOTAL;
2022-09-12 14:29:49.251 febs [http-nio-9527-exec-4] INFO  p6spy - 2022-09-12 14:29:49 | 耗时 0 ms | SQL 语句：
SELECT u.user_id userId, u.username, u.password, u.email, u.mobile, u. STATUS, u.create_time createTime, u.ssex, d.dept_id deptId, d.dept_name deptName, u.AVATAR, u.DESCRIPTION, u.LAST_LOGIN_TIME lastLoginTime, GROUP_CONCAT(r.role_id) roleId, GROUP_CONCAT(r.ROLE_NAME) roleName FROM t_user u LEFT JOIN t_dept d ON (u.dept_id = d.dept_id) LEFT JOIN t_user_role ur ON (u.user_id = ur.user_id) LEFT JOIN t_role r ON r.role_id = ur.role_id WHERE 1 = 1 group by u.username, u.user_id, u.password, u.email, u.mobile, u. STATUS, u.create_time, u.ssex, d.dept_id, d.dept_name, u.AVATAR, u.DESCRIPTION, u.LAST_LOGIN_TIME ORDER BY userId ASC LIMIT 0,10;
2022-09-12 14:31:43.045 febs [http-nio-9527-exec-2] INFO  c.m.f.common.authentication.JWTUtil - token is valid
2022-09-12 14:31:43.045 febs [http-nio-9527-exec-1] INFO  c.m.f.common.authentication.JWTUtil - token is valid
2022-09-12 14:31:43.067 febs [http-nio-9527-exec-1] INFO  p6spy - 2022-09-12 14:31:43 | 耗时 20 ms | SQL 语句：
SELECT DEPT_ID,parent_id,dept_name,order_num,create_time,modify_time FROM t_dept ORDER BY order_num ASC;
2022-09-12 14:31:43.085 febs [http-nio-9527-exec-2] INFO  p6spy - 2022-09-12 14:31:43 | 耗时 33 ms | SQL 语句：
SELECT COUNT(1) FROM ( SELECT u.user_id userId, u.username, u.password, u.email, u.mobile, u.STATUS, u.create_time createTime, u.ssex, d.dept_id deptId, d.dept_name deptName, u.AVATAR, u.DESCRIPTION, u.LAST_LOGIN_TIME lastLoginTime, GROUP_CONCAT(r.role_id) roleId, GROUP_CONCAT(r.ROLE_NAME) roleName FROM t_user u LEFT JOIN t_dept d ON (u.dept_id = d.dept_id) LEFT JOIN t_user_role ur ON (u.user_id = ur.user_id) LEFT JOIN t_role r ON r.role_id = ur.role_id WHERE 1 = 1 GROUP BY u.username, u.user_id, u.password, u.email, u.mobile, u.STATUS, u.create_time, u.ssex, d.dept_id, d.dept_name, u.AVATAR, u.DESCRIPTION, u.LAST_LOGIN_TIME ) TOTAL;
2022-09-12 14:31:43.086 febs [http-nio-9527-exec-2] INFO  p6spy - 2022-09-12 14:31:43 | 耗时 0 ms | SQL 语句：
SELECT u.user_id userId, u.username, u.password, u.email, u.mobile, u. STATUS, u.create_time createTime, u.ssex, d.dept_id deptId, d.dept_name deptName, u.AVATAR, u.DESCRIPTION, u.LAST_LOGIN_TIME lastLoginTime, GROUP_CONCAT(r.role_id) roleId, GROUP_CONCAT(r.ROLE_NAME) roleName FROM t_user u LEFT JOIN t_dept d ON (u.dept_id = d.dept_id) LEFT JOIN t_user_role ur ON (u.user_id = ur.user_id) LEFT JOIN t_role r ON r.role_id = ur.role_id WHERE 1 = 1 group by u.username, u.user_id, u.password, u.email, u.mobile, u. STATUS, u.create_time, u.ssex, d.dept_id, d.dept_name, u.AVATAR, u.DESCRIPTION, u.LAST_LOGIN_TIME ORDER BY userId ASC LIMIT 0,10;
2022-09-12 14:33:02.466 febs [http-nio-9527-exec-8] INFO  c.m.f.common.authentication.JWTUtil - token is valid
2022-09-12 14:33:02.483 febs [http-nio-9527-exec-7] INFO  c.m.f.common.authentication.JWTUtil - token is valid
2022-09-12 14:33:02.487 febs [http-nio-9527-exec-8] INFO  p6spy - 2022-09-12 14:33:02 | 耗时 13 ms | SQL 语句：
SELECT COUNT(1) FROM ( SELECT u.user_id userId, u.username, u.password, u.email, u.mobile, u.STATUS, u.create_time createTime, u.ssex, d.dept_id deptId, d.dept_name deptName, u.AVATAR, u.DESCRIPTION, u.LAST_LOGIN_TIME lastLoginTime, GROUP_CONCAT(r.role_id) roleId, GROUP_CONCAT(r.ROLE_NAME) roleName FROM t_user u LEFT JOIN t_dept d ON (u.dept_id = d.dept_id) LEFT JOIN t_user_role ur ON (u.user_id = ur.user_id) LEFT JOIN t_role r ON r.role_id = ur.role_id WHERE 1 = 1 GROUP BY u.username, u.user_id, u.password, u.email, u.mobile, u.STATUS, u.create_time, u.ssex, d.dept_id, d.dept_name, u.AVATAR, u.DESCRIPTION, u.LAST_LOGIN_TIME ) TOTAL;
2022-09-12 14:33:02.487 febs [http-nio-9527-exec-7] INFO  p6spy - 2022-09-12 14:33:02 | 耗时 0 ms | SQL 语句：
SELECT DEPT_ID,parent_id,dept_name,order_num,create_time,modify_time FROM t_dept ORDER BY order_num ASC;
2022-09-12 14:33:02.489 febs [http-nio-9527-exec-8] INFO  p6spy - 2022-09-12 14:33:02 | 耗时 1 ms | SQL 语句：
SELECT u.user_id userId, u.username, u.password, u.email, u.mobile, u. STATUS, u.create_time createTime, u.ssex, d.dept_id deptId, d.dept_name deptName, u.AVATAR, u.DESCRIPTION, u.LAST_LOGIN_TIME lastLoginTime, GROUP_CONCAT(r.role_id) roleId, GROUP_CONCAT(r.ROLE_NAME) roleName FROM t_user u LEFT JOIN t_dept d ON (u.dept_id = d.dept_id) LEFT JOIN t_user_role ur ON (u.user_id = ur.user_id) LEFT JOIN t_role r ON r.role_id = ur.role_id WHERE 1 = 1 group by u.username, u.user_id, u.password, u.email, u.mobile, u. STATUS, u.create_time, u.ssex, d.dept_id, d.dept_name, u.AVATAR, u.DESCRIPTION, u.LAST_LOGIN_TIME ORDER BY userId ASC LIMIT 0,10;
2022-09-12 14:34:45.520 febs [http-nio-9527-exec-3] INFO  c.m.f.common.authentication.JWTUtil - token is valid
2022-09-12 14:34:45.520 febs [http-nio-9527-exec-5] INFO  c.m.f.common.authentication.JWTUtil - token is valid
2022-09-12 14:34:45.524 febs [http-nio-9527-exec-3] INFO  p6spy - 2022-09-12 14:34:45 | 耗时 1 ms | SQL 语句：
SELECT DEPT_ID,parent_id,dept_name,order_num,create_time,modify_time FROM t_dept ORDER BY order_num ASC;
2022-09-12 14:34:45.530 febs [http-nio-9527-exec-5] INFO  p6spy - 2022-09-12 14:34:45 | 耗时 3 ms | SQL 语句：
SELECT COUNT(1) FROM ( SELECT u.user_id userId, u.username, u.password, u.email, u.mobile, u.STATUS, u.create_time createTime, u.ssex, d.dept_id deptId, d.dept_name deptName, u.AVATAR, u.DESCRIPTION, u.LAST_LOGIN_TIME lastLoginTime, GROUP_CONCAT(r.role_id) roleId, GROUP_CONCAT(r.ROLE_NAME) roleName FROM t_user u LEFT JOIN t_dept d ON (u.dept_id = d.dept_id) LEFT JOIN t_user_role ur ON (u.user_id = ur.user_id) LEFT JOIN t_role r ON r.role_id = ur.role_id WHERE 1 = 1 GROUP BY u.username, u.user_id, u.password, u.email, u.mobile, u.STATUS, u.create_time, u.ssex, d.dept_id, d.dept_name, u.AVATAR, u.DESCRIPTION, u.LAST_LOGIN_TIME ) TOTAL;
2022-09-12 14:34:45.531 febs [http-nio-9527-exec-5] INFO  p6spy - 2022-09-12 14:34:45 | 耗时 1 ms | SQL 语句：
SELECT u.user_id userId, u.username, u.password, u.email, u.mobile, u. STATUS, u.create_time createTime, u.ssex, d.dept_id deptId, d.dept_name deptName, u.AVATAR, u.DESCRIPTION, u.LAST_LOGIN_TIME lastLoginTime, GROUP_CONCAT(r.role_id) roleId, GROUP_CONCAT(r.ROLE_NAME) roleName FROM t_user u LEFT JOIN t_dept d ON (u.dept_id = d.dept_id) LEFT JOIN t_user_role ur ON (u.user_id = ur.user_id) LEFT JOIN t_role r ON r.role_id = ur.role_id WHERE 1 = 1 group by u.username, u.user_id, u.password, u.email, u.mobile, u. STATUS, u.create_time, u.ssex, d.dept_id, d.dept_name, u.AVATAR, u.DESCRIPTION, u.LAST_LOGIN_TIME ORDER BY userId ASC LIMIT 0,10;
2022-09-12 14:38:27.419 febs [http-nio-9527-exec-9] INFO  c.m.f.common.authentication.JWTUtil - token is valid
2022-09-12 14:38:27.419 febs [http-nio-9527-exec-10] INFO  c.m.f.common.authentication.JWTUtil - token is valid
2022-09-12 14:38:27.426 febs [http-nio-9527-exec-10] INFO  p6spy - 2022-09-12 14:38:27 | 耗时 1 ms | SQL 语句：
SELECT DEPT_ID,parent_id,dept_name,order_num,create_time,modify_time FROM t_dept ORDER BY order_num ASC;
2022-09-12 14:38:27.428 febs [http-nio-9527-exec-9] INFO  p6spy - 2022-09-12 14:38:27 | 耗时 3 ms | SQL 语句：
SELECT COUNT(1) FROM ( SELECT u.user_id userId, u.username, u.password, u.email, u.mobile, u.STATUS, u.create_time createTime, u.ssex, d.dept_id deptId, d.dept_name deptName, u.AVATAR, u.DESCRIPTION, u.LAST_LOGIN_TIME lastLoginTime, GROUP_CONCAT(r.role_id) roleId, GROUP_CONCAT(r.ROLE_NAME) roleName FROM t_user u LEFT JOIN t_dept d ON (u.dept_id = d.dept_id) LEFT JOIN t_user_role ur ON (u.user_id = ur.user_id) LEFT JOIN t_role r ON r.role_id = ur.role_id WHERE 1 = 1 GROUP BY u.username, u.user_id, u.password, u.email, u.mobile, u.STATUS, u.create_time, u.ssex, d.dept_id, d.dept_name, u.AVATAR, u.DESCRIPTION, u.LAST_LOGIN_TIME ) TOTAL;
2022-09-12 14:38:27.430 febs [http-nio-9527-exec-9] INFO  p6spy - 2022-09-12 14:38:27 | 耗时 0 ms | SQL 语句：
SELECT u.user_id userId, u.username, u.password, u.email, u.mobile, u. STATUS, u.create_time createTime, u.ssex, d.dept_id deptId, d.dept_name deptName, u.AVATAR, u.DESCRIPTION, u.LAST_LOGIN_TIME lastLoginTime, GROUP_CONCAT(r.role_id) roleId, GROUP_CONCAT(r.ROLE_NAME) roleName FROM t_user u LEFT JOIN t_dept d ON (u.dept_id = d.dept_id) LEFT JOIN t_user_role ur ON (u.user_id = ur.user_id) LEFT JOIN t_role r ON r.role_id = ur.role_id WHERE 1 = 1 group by u.username, u.user_id, u.password, u.email, u.mobile, u. STATUS, u.create_time, u.ssex, d.dept_id, d.dept_name, u.AVATAR, u.DESCRIPTION, u.LAST_LOGIN_TIME ORDER BY userId ASC LIMIT 0,10;
2022-09-12 14:46:21.181 febs [scheduling-1] INFO  cc.mrbird.febs.common.task.CacheTask - delete expired user
2022-09-12 14:47:16.689 febs [http-nio-9527-exec-8] INFO  c.m.febs.common.aspect.LimitAspect - IP:127.0.0.1 第 1 次访问key为 [limit_login127.0.0.1]，描述为 [登录接口] 的接口
2022-09-12 14:47:16.695 febs [http-nio-9527-exec-8] INFO  p6spy - 2022-09-12 14:47:16 | 耗时 2 ms | SQL 语句：
UPDATE t_user SET last_login_time='2022-09-12T14:47:16.690+0800' WHERE username = 'admin';
2022-09-12 14:47:16.701 febs [http-nio-9527-exec-8] INFO  p6spy - 2022-09-12 14:47:16 | 耗时 4 ms | SQL 语句：
SELECT u.user_id userId, u.username, u.password, u.email, u.mobile, u. STATUS, u.create_time createTime, u.ssex, d.dept_id deptId, d.dept_name deptName, u.AVATAR, u.DESCRIPTION, u.LAST_LOGIN_TIME lastLoginTime, GROUP_CONCAT(r.role_id) roleId, GROUP_CONCAT(r.ROLE_NAME) roleName FROM t_user u LEFT JOIN t_dept d ON (u.dept_id = d.dept_id) LEFT JOIN t_user_role ur ON (u.user_id = ur.user_id) LEFT JOIN t_role r ON r.role_id = ur.role_id WHERE u.username = 'admin' group by u.username, u.user_id, u.password, u.email, u.mobile, u.STATUS, u.create_time, u.ssex, d.dept_id, d.dept_name, u.AVATAR, u.DESCRIPTION, u.LAST_LOGIN_TIME;
2022-09-12 14:47:16.719 febs [http-nio-9527-exec-8] INFO  p6spy - 2022-09-12 14:47:16 | 耗时 2 ms | SQL 语句：
INSERT INTO t_login_log ( username, login_time, location, ip ) VALUES ( 'admin', '2022-09-12T14:47:16.713+0800', '', '127.0.0.1' );
2022-09-12 14:47:16.743 febs [http-nio-9527-exec-10] INFO  c.m.f.common.authentication.JWTUtil - token is valid
2022-09-12 14:47:16.749 febs [http-nio-9527-exec-10] INFO  p6spy - 2022-09-12 14:47:16 | 耗时 3 ms | SQL 语句：
select m.* from t_menu m where m.type <> 1 and m.MENU_ID in (select distinct rm.menu_id from t_role_menu rm left join t_role r on (rm.role_id = r.role_id) left join t_user_role ur on (ur.role_id = r.role_id) left join t_user u on (u.user_id = ur.user_id) where u.username = 'admin') order by m.order_num;
2022-09-12 14:47:16.962 febs [http-nio-9527-exec-2] INFO  c.m.f.common.authentication.JWTUtil - token is valid
2022-09-12 14:47:17.015 febs [http-nio-9527-exec-2] INFO  p6spy - 2022-09-12 14:47:17 | 耗时 51 ms | SQL 语句：
select count(1) from t_login_log;
2022-09-12 14:47:17.017 febs [http-nio-9527-exec-2] INFO  p6spy - 2022-09-12 14:47:17 | 耗时 0 ms | SQL 语句：
select count(1) from t_login_log where datediff(login_time,now())=0;
2022-09-12 14:47:17.019 febs [http-nio-9527-exec-2] INFO  p6spy - 2022-09-12 14:47:17 | 耗时 0 ms | SQL 语句：
select count(distinct(ip)) from t_login_log where datediff(login_time,now())=0;
2022-09-12 14:47:17.020 febs [http-nio-9527-exec-2] INFO  p6spy - 2022-09-12 14:47:17 | 耗时 0 ms | SQL 语句：
select date_format(l.login_time, '%m-%d') days, count(1) count from ( select * from t_login_log where date_sub(curdate(), interval 7 day) <= date(login_time) ) as l where 1 = 1 group by days;
2022-09-12 14:47:17.022 febs [http-nio-9527-exec-2] INFO  p6spy - 2022-09-12 14:47:17 | 耗时 0 ms | SQL 语句：
select date_format(l.login_time, '%m-%d') days, count(1) count from ( select * from t_login_log where date_sub(curdate(), interval 7 day) <= date(login_time) ) as l where 1 = 1 and l.username = 'admin' group by days;
2022-09-12 14:47:30.121 febs [http-nio-9527-exec-3] INFO  c.m.f.common.authentication.JWTUtil - token is valid
2022-09-12 14:47:30.126 febs [http-nio-9527-exec-3] INFO  p6spy - 2022-09-12 14:47:30 | 耗时 0 ms | SQL 语句：
SELECT MENU_ID,parent_id,menu_name,path,component,perms,icon,type,order_num,create_time,modify_time FROM t_menu;
2022-09-12 14:47:40.252 febs [http-nio-9527-exec-6] INFO  c.m.f.common.authentication.JWTUtil - token is valid
2022-09-12 14:47:40.258 febs [http-nio-9527-exec-6] INFO  p6spy - 2022-09-12 14:47:40 | 耗时 0 ms | SQL 语句：
SELECT MENU_ID,parent_id,menu_name,path,component,perms,icon,type,order_num,create_time,modify_time FROM t_menu WHERE type = '0';
2022-09-12 14:47:47.692 febs [http-nio-9527-exec-8] INFO  c.m.f.common.authentication.JWTUtil - token is valid
2022-09-12 14:47:47.697 febs [http-nio-9527-exec-8] INFO  p6spy - 2022-09-12 14:47:47 | 耗时 0 ms | SQL 语句：
SELECT MENU_ID,parent_id,menu_name,path,component,perms,icon,type,order_num,create_time,modify_time FROM t_menu WHERE type = '0';
2022-09-12 14:47:53.497 febs [http-nio-9527-exec-10] INFO  c.m.f.common.authentication.JWTUtil - token is valid
2022-09-12 14:47:53.504 febs [http-nio-9527-exec-10] INFO  p6spy - 2022-09-12 14:47:53 | 耗时 0 ms | SQL 语句：
SELECT MENU_ID,parent_id,menu_name,path,component,perms,icon,type,order_num,create_time,modify_time FROM t_menu WHERE type = '0';
2022-09-12 14:48:17.812 febs [http-nio-9527-exec-9] INFO  c.m.f.common.authentication.JWTUtil - token is valid
2022-09-12 14:48:17.849 febs [http-nio-9527-exec-9] INFO  p6spy - 2022-09-12 14:48:17 | 耗时 1 ms | SQL 语句：
INSERT INTO t_menu ( parent_id, menu_name, path, component, icon, type, order_num, create_time ) VALUES ( 0, '系统管理', '/system', 'PageView', 'sliders', '0', 6.0, '2022-09-12T14:48:17.841+0800' );
2022-09-12 14:48:17.938 febs [asyncTaskExecutor-1] INFO  p6spy - 2022-09-12 14:48:17 | 耗时 34 ms | SQL 语句：
INSERT INTO t_log ( username, operation, time, method, params, ip, create_time, location ) VALUES ( 'admin', '新增菜单/按钮', 23, 'cc.mrbird.febs.system.controller.MenuController.addMenu()', ' menu: "Menu(menuId=203, parentId=0, menuName=系统管理, path=/system, component=PageView, perms=null, icon=sliders, type=0, orderNum=6.0, createTime=Mon Sep 12 14:48:17 CST 2022, modifyTime=null, createTimeFrom=null, createTimeTo=null)"', '127.0.0.1', '2022-09-12T14:48:17.899+0800', '' );
2022-09-12 14:48:18.015 febs [http-nio-9527-exec-1] INFO  c.m.f.common.authentication.JWTUtil - token is valid
2022-09-12 14:48:18.021 febs [http-nio-9527-exec-1] INFO  p6spy - 2022-09-12 14:48:18 | 耗时 0 ms | SQL 语句：
SELECT MENU_ID,parent_id,menu_name,path,component,perms,icon,type,order_num,create_time,modify_time FROM t_menu;
2022-09-12 14:48:35.423 febs [http-nio-9527-exec-5] INFO  c.m.f.common.authentication.JWTUtil - token is valid
2022-09-12 14:48:35.427 febs [http-nio-9527-exec-5] INFO  p6spy - 2022-09-12 14:48:35 | 耗时 0 ms | SQL 语句：
SELECT MENU_ID,parent_id,menu_name,path,component,perms,icon,type,order_num,create_time,modify_time FROM t_menu WHERE type = '0';
2022-09-12 14:49:08.560 febs [http-nio-9527-exec-4] INFO  c.m.f.common.authentication.JWTUtil - token is valid
2022-09-12 14:49:08.570 febs [http-nio-9527-exec-4] INFO  p6spy - 2022-09-12 14:49:08 | 耗时 4 ms | SQL 语句：
SELECT MENU_ID,parent_id,menu_name,path,component,perms,icon,type,order_num,create_time,modify_time FROM t_menu WHERE type = '0';
2022-09-12 14:49:16.645 febs [http-nio-9527-exec-7] INFO  c.m.f.common.authentication.JWTUtil - token is valid
2022-09-12 14:49:16.652 febs [http-nio-9527-exec-7] INFO  p6spy - 2022-09-12 14:49:16 | 耗时 0 ms | SQL 语句：
SELECT MENU_ID,parent_id,menu_name,path,component,perms,icon,type,order_num,create_time,modify_time FROM t_menu WHERE type = '0';
2022-09-12 14:50:48.173 febs [http-nio-9527-exec-2] INFO  c.m.f.common.authentication.JWTUtil - token is valid
2022-09-12 14:50:48.183 febs [http-nio-9527-exec-2] INFO  p6spy - 2022-09-12 14:50:48 | 耗时 4 ms | SQL 语句：
INSERT INTO t_menu ( parent_id, menu_name, path, component, icon, type, order_num, create_time ) VALUES ( 203, '供应商准入', '/system/supplier', 'supplier/Supplier', 'contacts', '0', 1.0, '2022-09-12T14:50:48.177+0800' );
2022-09-12 14:50:48.200 febs [asyncTaskExecutor-2] INFO  p6spy - 2022-09-12 14:50:48 | 耗时 0 ms | SQL 语句：
INSERT INTO t_log ( username, operation, time, method, params, ip, create_time, location ) VALUES ( 'admin', '新增菜单/按钮', 19, 'cc.mrbird.febs.system.controller.MenuController.addMenu()', ' menu: "Menu(menuId=204, parentId=203, menuName=供应商准入, path=/system/supplier, component=supplier/Supplier, perms=null, icon=contacts, type=0, orderNum=1.0, createTime=Mon Sep 12 14:50:48 CST 2022, modifyTime=null, createTimeFrom=null, createTimeTo=null)"', '127.0.0.1', '2022-09-12T14:50:48.197+0800', '' );
2022-09-12 14:50:48.338 febs [http-nio-9527-exec-3] INFO  c.m.f.common.authentication.JWTUtil - token is valid
2022-09-12 14:50:48.342 febs [http-nio-9527-exec-3] INFO  p6spy - 2022-09-12 14:50:48 | 耗时 0 ms | SQL 语句：
SELECT MENU_ID,parent_id,menu_name,path,component,perms,icon,type,order_num,create_time,modify_time FROM t_menu;
2022-09-12 14:51:05.277 febs [http-nio-9527-exec-6] INFO  c.m.f.common.authentication.JWTUtil - token is valid
2022-09-12 14:51:05.283 febs [http-nio-9527-exec-6] INFO  p6spy - 2022-09-12 14:51:05 | 耗时 0 ms | SQL 语句：
SELECT MENU_ID,parent_id,menu_name,path,component,perms,icon,type,order_num,create_time,modify_time FROM t_menu WHERE type = '0';
2022-09-12 15:40:20.873 febs [Thread-26] INFO  org.quartz.core.QuartzScheduler - Scheduler MyScheduler_$_WIN-ETS2DEK9JHC1662943577908 paused.
2022-09-12 15:40:20.879 febs [Thread-26] INFO  o.s.s.c.ThreadPoolTaskScheduler - Shutting down ExecutorService 'taskScheduler'
2022-09-12 15:40:20.897 febs [Thread-26] INFO  o.s.s.c.ThreadPoolTaskExecutor - Shutting down ExecutorService 'taskExecutor'
2022-09-12 15:40:20.897 febs [Thread-26] INFO  o.s.s.quartz.SchedulerFactoryBean - Shutting down Quartz Scheduler
2022-09-12 15:40:20.898 febs [Thread-26] INFO  org.quartz.core.QuartzScheduler - Scheduler MyScheduler_$_WIN-ETS2DEK9JHC1662943577908 shutting down.
2022-09-12 15:40:20.898 febs [Thread-26] INFO  org.quartz.core.QuartzScheduler - Scheduler MyScheduler_$_WIN-ETS2DEK9JHC1662943577908 paused.
2022-09-12 15:40:20.900 febs [Thread-26] INFO  org.quartz.core.QuartzScheduler - Scheduler MyScheduler_$_WIN-ETS2DEK9JHC1662943577908 shutdown complete.
2022-09-12 15:40:20.911 febs [Thread-26] INFO  c.b.d.d.DynamicRoutingDataSource - closing dynamicDatasource  ing....
2022-09-12 15:40:20.912 febs [Thread-26] INFO  com.zaxxer.hikari.HikariDataSource - primary - Shutdown initiated...
2022-09-12 15:40:20.917 febs [Thread-26] INFO  com.zaxxer.hikari.HikariDataSource - primary - Shutdown completed.
